0 verbose cli /usr/local/bin/node /usr/local/bin/npm
1 info using npm@11.6.2
2 info using node@v24.11.1
3 silly config load:file:/usr/local/lib/node_modules/npm/npmrc
4 silly config load:file:/Users/shravankumar/Desktop/corbe/.npmrc
5 silly config load:file:/Users/shravankumar/.npmrc
6 silly config load:file:/usr/local/etc/npmrc
7 verbose title npm install jsonwebtoken qrcode @types/jsonwebtoken @types/qrcode
8 verbose argv "install" "jsonwebtoken" "qrcode" "@types/jsonwebtoken" "@types/qrcode" "--save" "--cache" "./.npm-cache"
9 verbose logfile logs-max:10 dir:/Users/shravankumar/Desktop/corbe/.npm-cache/_logs/2025-12-26T21_33_36_526Z-
10 verbose logfile /Users/shravankumar/Desktop/corbe/.npm-cache/_logs/2025-12-26T21_33_36_526Z-debug-0.log
11 silly logfile done cleaning log files
12 silly packumentCache heap:4496293888 maxSize:1124073472 maxEntrySize:562036736
13 silly idealTree buildDeps
14 silly fetch manifest jsonwebtoken@*
15 silly packumentCache full:https://registry.npmjs.org/jsonwebtoken cache-miss
16 http fetch GET 200 https://registry.npmjs.org/jsonwebtoken 170ms (cache miss)
17 silly packumentCache full:https://registry.npmjs.org/jsonwebtoken set size:undefined disposed:false
18 silly fetch manifest qrcode@*
19 silly packumentCache full:https://registry.npmjs.org/qrcode cache-miss
20 http fetch GET 200 https://registry.npmjs.org/npm 322ms
21 http fetch GET 200 https://registry.npmjs.org/qrcode 66ms (cache miss)
22 silly packumentCache full:https://registry.npmjs.org/qrcode set size:undefined disposed:false
23 silly fetch manifest @types/jsonwebtoken@*
24 silly packumentCache full:https://registry.npmjs.org/@types%2fjsonwebtoken cache-miss
25 http fetch GET 200 https://registry.npmjs.org/@types%2fjsonwebtoken 99ms (cache miss)
26 silly packumentCache full:https://registry.npmjs.org/@types%2fjsonwebtoken set size:undefined disposed:false
27 silly fetch manifest @types/qrcode@*
28 silly packumentCache full:https://registry.npmjs.org/@types%2fqrcode cache-miss
29 http fetch GET 200 https://registry.npmjs.org/@types%2fqrcode 127ms (cache miss)
30 silly packumentCache full:https://registry.npmjs.org/@types%2fqrcode set size:undefined disposed:false
31 silly placeDep ROOT @types/jsonwebtoken@9.0.10 OK for: corbe@0.1.0 want: *
32 silly placeDep ROOT @types/qrcode@1.5.6 OK for: corbe@0.1.0 want: *
33 silly placeDep ROOT jsonwebtoken@9.0.3 OK for: corbe@0.1.0 want: *
34 silly placeDep ROOT qrcode@1.5.4 OK for: corbe@0.1.0 want: *
35 silly fetch manifest @types/ms@*
36 silly packumentCache full:https://registry.npmjs.org/@types%2fms cache-miss
37 silly fetch manifest jws@^4.0.1
38 silly packumentCache full:https://registry.npmjs.org/jws cache-miss
39 silly fetch manifest lodash.once@^4.0.0
40 silly packumentCache full:https://registry.npmjs.org/lodash.once cache-miss
41 silly fetch manifest lodash.includes@^4.3.0
42 silly packumentCache full:https://registry.npmjs.org/lodash.includes cache-miss
43 silly fetch manifest lodash.isnumber@^3.0.3
44 silly packumentCache full:https://registry.npmjs.org/lodash.isnumber cache-miss
45 silly fetch manifest lodash.isstring@^4.0.1
46 silly packumentCache full:https://registry.npmjs.org/lodash.isstring cache-miss
47 silly fetch manifest lodash.isboolean@^3.0.3
48 silly packumentCache full:https://registry.npmjs.org/lodash.isboolean cache-miss
49 http fetch GET 200 https://registry.npmjs.org/@types%2fms 138ms (cache miss)
50 silly packumentCache full:https://registry.npmjs.org/@types%2fms set size:undefined disposed:false
51 silly fetch manifest lodash.isinteger@^4.0.4
52 silly packumentCache full:https://registry.npmjs.org/lodash.isinteger cache-miss
53 http fetch GET 200 https://registry.npmjs.org/jws 136ms (cache miss)
54 silly packumentCache full:https://registry.npmjs.org/jws set size:undefined disposed:false
55 silly fetch manifest lodash.isplainobject@^4.0.6
56 silly packumentCache full:https://registry.npmjs.org/lodash.isplainobject cache-miss
57 http fetch GET 200 https://registry.npmjs.org/lodash.isinteger 79ms (cache miss)
58 silly packumentCache full:https://registry.npmjs.org/lodash.isinteger set size:undefined disposed:false
59 silly fetch manifest pngjs@^5.0.0
60 silly packumentCache full:https://registry.npmjs.org/pngjs cache-miss
61 http fetch GET 200 https://registry.npmjs.org/lodash.isplainobject 93ms (cache miss)
62 silly packumentCache full:https://registry.npmjs.org/lodash.isplainobject set size:undefined disposed:false
63 silly fetch manifest yargs@^15.3.1
64 silly packumentCache full:https://registry.npmjs.org/yargs cache-miss
65 http fetch GET 200 https://registry.npmjs.org/lodash.isnumber 304ms (cache miss)
66 silly packumentCache full:https://registry.npmjs.org/lodash.isnumber set size:undefined disposed:false
67 silly fetch manifest dijkstrajs@^1.0.1
68 silly packumentCache full:https://registry.npmjs.org/dijkstrajs cache-miss
69 http fetch GET 200 https://registry.npmjs.org/lodash.isboolean 325ms (cache miss)
70 silly packumentCache full:https://registry.npmjs.org/lodash.isboolean set size:undefined disposed:false
71 http fetch GET 200 https://registry.npmjs.org/lodash.isstring 334ms (cache miss)
72 silly packumentCache full:https://registry.npmjs.org/lodash.isstring set size:undefined disposed:false
73 http fetch GET 200 https://registry.npmjs.org/lodash.includes 339ms (cache miss)
74 silly packumentCache full:https://registry.npmjs.org/lodash.includes set size:undefined disposed:false
75 http fetch GET 200 https://registry.npmjs.org/pngjs 141ms (cache miss)
76 silly packumentCache full:https://registry.npmjs.org/pngjs set size:undefined disposed:false
77 http fetch GET 200 https://registry.npmjs.org/lodash.once 358ms (cache miss)
78 silly packumentCache full:https://registry.npmjs.org/lodash.once set size:undefined disposed:false
79 http fetch GET 200 https://registry.npmjs.org/yargs 130ms (cache miss)
80 silly packumentCache full:https://registry.npmjs.org/yargs set size:undefined disposed:false
81 http fetch GET 200 https://registry.npmjs.org/dijkstrajs 109ms (cache miss)
82 silly packumentCache full:https://registry.npmjs.org/dijkstrajs set size:undefined disposed:false
83 silly placeDep ROOT @types/ms@2.1.0 OK for: @types/jsonwebtoken@9.0.10 want: *
84 silly fetch manifest picomatch@^3 || ^4
85 silly packumentCache full:https://registry.npmjs.org/picomatch cache-miss
86 http fetch GET 200 https://registry.npmjs.org/picomatch 99ms (cache revalidated)
87 silly packumentCache full:https://registry.npmjs.org/picomatch set size:118818 disposed:false
88 silly placeDep ROOT picomatch@4.0.3 REPLACE for: fdir@6.5.0 want: ^3 || ^4
89 silly fetch manifest picomatch@^2.0.4
90 silly packumentCache full:https://registry.npmjs.org/picomatch cache-hit
91 silly placeDep node_modules/anymatch picomatch@2.3.1 OK for: anymatch@3.1.3 want: ^2.0.4
92 silly placeDep ROOT jws@4.0.1 OK for: jsonwebtoken@9.0.3 want: ^4.0.1
93 silly placeDep ROOT lodash.includes@4.3.0 OK for: jsonwebtoken@9.0.3 want: ^4.3.0
94 silly placeDep ROOT lodash.isboolean@3.0.3 OK for: jsonwebtoken@9.0.3 want: ^3.0.3
95 silly placeDep ROOT lodash.isinteger@4.0.4 OK for: jsonwebtoken@9.0.3 want: ^4.0.4
96 silly placeDep ROOT lodash.isnumber@3.0.3 OK for: jsonwebtoken@9.0.3 want: ^3.0.3
97 silly placeDep ROOT lodash.isplainobject@4.0.6 OK for: jsonwebtoken@9.0.3 want: ^4.0.6
98 silly placeDep ROOT lodash.isstring@4.0.1 OK for: jsonwebtoken@9.0.3 want: ^4.0.1
99 silly placeDep ROOT lodash.once@4.1.1 OK for: jsonwebtoken@9.0.3 want: ^4.0.0
100 silly fetch manifest jwa@^2.0.1
101 silly packumentCache full:https://registry.npmjs.org/jwa cache-miss
102 silly fetch manifest safe-buffer@^5.0.1
103 silly packumentCache full:https://registry.npmjs.org/safe-buffer cache-miss
104 http fetch GET 200 https://registry.npmjs.org/safe-buffer 60ms (cache miss)
105 silly packumentCache full:https://registry.npmjs.org/safe-buffer set size:undefined disposed:false
106 http fetch GET 200 https://registry.npmjs.org/jwa 65ms (cache miss)
107 silly packumentCache full:https://registry.npmjs.org/jwa set size:undefined disposed:false
108 silly placeDep ROOT jwa@2.0.1 OK for: jws@4.0.1 want: ^2.0.1
109 silly placeDep ROOT safe-buffer@5.2.1 OK for: jws@4.0.1 want: ^5.0.1
110 silly fetch manifest ecdsa-sig-formatter@1.0.11
111 silly packumentCache full:https://registry.npmjs.org/ecdsa-sig-formatter cache-miss
112 silly fetch manifest buffer-equal-constant-time@^1.0.1
113 silly packumentCache full:https://registry.npmjs.org/buffer-equal-constant-time cache-miss
114 http fetch GET 200 https://registry.npmjs.org/buffer-equal-constant-time 45ms (cache miss)
115 silly packumentCache full:https://registry.npmjs.org/buffer-equal-constant-time set size:undefined disposed:false
116 http fetch GET 200 https://registry.npmjs.org/ecdsa-sig-formatter 75ms (cache miss)
117 silly packumentCache full:https://registry.npmjs.org/ecdsa-sig-formatter set size:undefined disposed:false
118 silly placeDep ROOT buffer-equal-constant-time@1.0.1 OK for: jwa@2.0.1 want: ^1.0.1
119 silly placeDep ROOT ecdsa-sig-formatter@1.0.11 OK for: jwa@2.0.1 want: 1.0.11
120 silly fetch manifest picomatch@^2.3.1
121 silly packumentCache full:https://registry.npmjs.org/picomatch cache-hit
122 silly placeDep node_modules/micromatch picomatch@2.3.1 OK for: micromatch@4.0.8 want: ^2.3.1
123 silly placeDep ROOT dijkstrajs@1.0.3 OK for: qrcode@1.5.4 want: ^1.0.1
124 silly placeDep ROOT pngjs@5.0.0 OK for: qrcode@1.5.4 want: ^5.0.0
125 silly placeDep ROOT yargs@15.4.1 OK for: qrcode@1.5.4 want: ^15.3.1
126 silly fetch manifest y18n@^4.0.0
127 silly packumentCache full:https://registry.npmjs.org/y18n cache-miss
128 silly fetch manifest cliui@^6.0.0
129 silly packumentCache full:https://registry.npmjs.org/cliui cache-miss
130 silly fetch manifest find-up@^4.1.0
131 silly packumentCache full:https://registry.npmjs.org/find-up cache-miss
132 silly fetch manifest decamelize@^1.2.0
133 silly packumentCache full:https://registry.npmjs.org/decamelize cache-miss
134 silly fetch manifest set-blocking@^2.0.0
135 silly packumentCache full:https://registry.npmjs.org/set-blocking cache-miss
136 silly fetch manifest string-width@^4.2.0
137 silly packumentCache full:https://registry.npmjs.org/string-width cache-miss
138 silly fetch manifest which-module@^2.0.0
139 silly packumentCache full:https://registry.npmjs.org/which-module cache-miss
140 http fetch GET 200 https://registry.npmjs.org/which-module 57ms (cache miss)
141 silly packumentCache full:https://registry.npmjs.org/which-module set size:undefined disposed:false
142 silly fetch manifest yargs-parser@^18.1.2
143 silly packumentCache full:https://registry.npmjs.org/yargs-parser cache-miss
144 http fetch GET 200 https://registry.npmjs.org/set-blocking 59ms (cache miss)
145 silly packumentCache full:https://registry.npmjs.org/set-blocking set size:undefined disposed:false
146 silly fetch manifest get-caller-file@^2.0.1
147 silly packumentCache full:https://registry.npmjs.org/get-caller-file cache-miss
148 http fetch GET 200 https://registry.npmjs.org/cliui 60ms (cache miss)
149 silly packumentCache full:https://registry.npmjs.org/cliui set size:undefined disposed:false
150 silly fetch manifest require-directory@^2.1.1
151 silly packumentCache full:https://registry.npmjs.org/require-directory cache-miss
152 http fetch GET 200 https://registry.npmjs.org/decamelize 61ms (cache miss)
153 silly packumentCache full:https://registry.npmjs.org/decamelize set size:undefined disposed:false
154 silly fetch manifest require-main-filename@^2.0.0
155 silly packumentCache full:https://registry.npmjs.org/require-main-filename cache-miss
156 http fetch GET 200 https://registry.npmjs.org/y18n 65ms (cache miss)
157 silly packumentCache full:https://registry.npmjs.org/y18n set size:undefined disposed:false
158 http fetch GET 200 https://registry.npmjs.org/find-up 66ms (cache revalidated)
159 silly packumentCache full:https://registry.npmjs.org/find-up set size:42620 disposed:false
160 http fetch GET 200 https://registry.npmjs.org/string-width 72ms (cache revalidated)
161 silly packumentCache full:https://registry.npmjs.org/string-width set size:64158 disposed:false
162 http fetch GET 200 https://registry.npmjs.org/get-caller-file 51ms (cache miss)
163 silly packumentCache full:https://registry.npmjs.org/get-caller-file set size:undefined disposed:false
164 http fetch GET 200 https://registry.npmjs.org/yargs-parser 55ms (cache miss)
165 silly packumentCache full:https://registry.npmjs.org/yargs-parser set size:undefined disposed:false
166 http fetch GET 200 https://registry.npmjs.org/require-directory 57ms (cache miss)
167 silly packumentCache full:https://registry.npmjs.org/require-directory set size:undefined disposed:false
168 http fetch GET 200 https://registry.npmjs.org/require-main-filename 72ms (cache miss)
169 silly packumentCache full:https://registry.npmjs.org/require-main-filename set size:undefined disposed:false
170 silly fetch manifest picomatch@^2.2.1
171 silly packumentCache full:https://registry.npmjs.org/picomatch cache-hit
172 silly placeDep node_modules/readdirp picomatch@2.3.1 OK for: readdirp@3.6.0 want: ^2.2.1
173 silly placeDep ROOT cliui@6.0.0 OK for: yargs@15.4.1 want: ^6.0.0
174 silly placeDep ROOT decamelize@1.2.0 OK for: yargs@15.4.1 want: ^1.2.0
175 silly placeDep node_modules/yargs find-up@4.1.0 OK for: yargs@15.4.1 want: ^4.1.0
176 silly placeDep ROOT get-caller-file@2.0.5 OK for: yargs@15.4.1 want: ^2.0.1
177 silly placeDep ROOT require-directory@2.1.1 OK for: yargs@15.4.1 want: ^2.1.1
178 silly placeDep ROOT require-main-filename@2.0.0 OK for: yargs@15.4.1 want: ^2.0.0
179 silly placeDep ROOT set-blocking@2.0.0 OK for: yargs@15.4.1 want: ^2.0.0
180 silly placeDep node_modules/yargs string-width@4.2.3 OK for: yargs@15.4.1 want: ^4.2.0
181 silly placeDep ROOT which-module@2.0.1 OK for: yargs@15.4.1 want: ^2.0.0
182 silly placeDep ROOT y18n@4.0.3 OK for: yargs@15.4.1 want: ^4.0.0
183 silly placeDep ROOT yargs-parser@18.1.3 OK for: yargs@15.4.1 want: ^18.1.2
184 silly fetch manifest wrap-ansi@^6.2.0
185 silly packumentCache full:https://registry.npmjs.org/wrap-ansi cache-miss
186 silly fetch manifest locate-path@^5.0.0
187 silly packumentCache full:https://registry.npmjs.org/locate-path cache-miss
188 silly fetch manifest emoji-regex@^8.0.0
189 silly packumentCache full:https://registry.npmjs.org/emoji-regex cache-miss
190 silly fetch manifest is-fullwidth-code-point@^3.0.0
191 silly packumentCache full:https://registry.npmjs.org/is-fullwidth-code-point cache-miss
192 silly fetch manifest camelcase@^5.0.0
193 silly packumentCache full:https://registry.npmjs.org/camelcase cache-miss
194 http fetch GET 200 https://registry.npmjs.org/wrap-ansi 44ms (cache revalidated)
195 silly packumentCache full:https://registry.npmjs.org/wrap-ansi set size:51195 disposed:false
196 http fetch GET 200 https://registry.npmjs.org/camelcase 55ms (cache miss)
197 silly packumentCache full:https://registry.npmjs.org/camelcase set size:undefined disposed:false
198 http fetch GET 200 https://registry.npmjs.org/locate-path 55ms (cache revalidated)
199 silly packumentCache full:https://registry.npmjs.org/locate-path set size:31329 disposed:false
200 http fetch GET 200 https://registry.npmjs.org/is-fullwidth-code-point 58ms (cache revalidated)
201 silly packumentCache full:https://registry.npmjs.org/is-fullwidth-code-point set size:14578 disposed:false
202 http fetch GET 200 https://registry.npmjs.org/emoji-regex 100ms (cache revalidated)
203 silly packumentCache full:https://registry.npmjs.org/emoji-regex set size:89088 disposed:false
204 silly placeDep node_modules/cliui string-width@4.2.3 OK for: cliui@6.0.0 want: ^4.2.0
205 silly placeDep node_modules/cliui wrap-ansi@6.2.0 OK for: cliui@6.0.0 want: ^6.2.0
206 silly placeDep ROOT camelcase@5.3.1 OK for: yargs-parser@18.1.3 want: ^5.0.0
207 silly placeDep node_modules/cliui emoji-regex@8.0.0 OK for: string-width@4.2.3 want: ^8.0.0
208 silly placeDep node_modules/cliui is-fullwidth-code-point@3.0.0 OK for: string-width@4.2.3 want: ^3.0.0
209 silly placeDep node_modules/yargs locate-path@5.0.0 OK for: find-up@4.1.0 want: ^5.0.0
210 silly fetch manifest p-locate@^4.1.0
211 silly packumentCache full:https://registry.npmjs.org/p-locate cache-miss
212 http fetch GET 200 https://registry.npmjs.org/p-locate 61ms (cache revalidated)
213 silly packumentCache full:https://registry.npmjs.org/p-locate set size:20789 disposed:false
214 silly placeDep node_modules/yargs p-locate@4.1.0 OK for: locate-path@5.0.0 want: ^4.1.0
215 silly fetch manifest p-limit@^2.2.0
216 silly packumentCache full:https://registry.npmjs.org/p-limit cache-miss
217 http fetch GET 200 https://registry.npmjs.org/p-limit 63ms (cache revalidated)
218 silly packumentCache full:https://registry.npmjs.org/p-limit set size:58608 disposed:false
219 silly placeDep node_modules/yargs p-limit@2.3.0 OK for: p-locate@4.1.0 want: ^2.2.0
220 silly fetch manifest p-try@^2.0.0
221 silly packumentCache full:https://registry.npmjs.org/p-try cache-miss
222 http fetch GET 200 https://registry.npmjs.org/p-try 64ms (cache miss)
223 silly packumentCache full:https://registry.npmjs.org/p-try set size:undefined disposed:false
224 silly placeDep ROOT p-try@2.2.0 OK for: p-limit@2.3.0 want: ^2.0.0
225 silly placeDep node_modules/yargs emoji-regex@8.0.0 OK for: string-width@4.2.3 want: ^8.0.0
226 silly placeDep node_modules/yargs is-fullwidth-code-point@3.0.0 OK for: string-width@4.2.3 want: ^3.0.0
227 silly reify mark retired [ '/Users/shravankumar/Desktop/corbe/node_modules/picomatch' ]
228 silly reify mark retired [
228 silly reify   '/Users/shravankumar/Desktop/corbe/node_modules/tinyglobby/node_modules/picomatch'
228 silly reify ]
229 silly reify moves {
229 silly reify   '/Users/shravankumar/Desktop/corbe/node_modules/picomatch': '/Users/shravankumar/Desktop/corbe/node_modules/.picomatch-cWz0d9bQ',
229 silly reify   '/Users/shravankumar/Desktop/corbe/node_modules/tinyglobby/node_modules/picomatch': '/Users/shravankumar/Desktop/corbe/node_modules/tinyglobby/node_modules/.picomatch-yB6ODmg5'
229 silly reify }
230 silly audit bulk request {
230 silly audit   '@alloc/quick-lru': [ '5.2.0' ],
230 silly audit   '@asamuzakjp/css-color': [ '3.2.0' ],
230 silly audit   'lru-cache': [ '10.4.3', '5.1.1' ],
230 silly audit   '@asamuzakjp/dom-selector': [ '2.0.2' ],
230 silly audit   '@auth/core': [ '0.41.0' ],
230 silly audit   '@babel/code-frame': [ '7.27.1' ],
230 silly audit   '@babel/compat-data': [ '7.28.5' ],
230 silly audit   '@babel/core': [ '7.28.5' ],
230 silly audit   semver: [ '6.3.1', '7.7.3' ],
230 silly audit   '@babel/generator': [ '7.28.5' ],
230 silly audit   '@babel/helper-compilation-targets': [ '7.27.2' ],
230 silly audit   '@babel/helper-globals': [ '7.28.0' ],
230 silly audit   '@babel/helper-module-imports': [ '7.27.1' ],
230 silly audit   '@babel/helper-module-transforms': [ '7.28.3' ],
230 silly audit   '@babel/helper-plugin-utils': [ '7.27.1' ],
230 silly audit   '@babel/helper-string-parser': [ '7.27.1' ],
230 silly audit   '@babel/helper-validator-identifier': [ '7.28.5' ],
230 silly audit   '@babel/helper-validator-option': [ '7.27.1' ],
230 silly audit   '@babel/helpers': [ '7.28.4' ],
230 silly audit   '@babel/parser': [ '7.28.5' ],
230 silly audit   '@babel/plugin-transform-react-jsx-self': [ '7.27.1' ],
230 silly audit   '@babel/plugin-transform-react-jsx-source': [ '7.27.1' ],
230 silly audit   '@babel/template': [ '7.27.2' ],
230 silly audit   '@babel/traverse': [ '7.28.5' ],
230 silly audit   '@babel/types': [ '7.28.5' ],
230 silly audit   '@csstools/color-helpers': [ '5.1.0' ],
230 silly audit   '@csstools/css-calc': [ '2.1.4' ],
230 silly audit   '@csstools/css-color-parser': [ '3.1.0' ],
230 silly audit   '@csstools/css-parser-algorithms': [ '3.0.5' ],
230 silly audit   '@csstools/css-tokenizer': [ '3.0.4' ],
230 silly audit   '@emnapi/core': [ '1.7.1' ],
230 silly audit   '@emnapi/runtime': [ '1.7.1' ],
230 silly audit   '@emnapi/wasi-threads': [ '1.1.0' ],
230 silly audit   '@esbuild/aix-ppc64': [ '0.27.1', '0.21.5' ],
230 silly audit   '@esbuild/android-arm': [ '0.27.1', '0.21.5' ],
230 silly audit   '@esbuild/android-arm64': [ '0.27.1', '0.21.5' ],
230 silly audit   '@esbuild/android-x64': [ '0.27.1', '0.21.5' ],
230 silly audit   '@esbuild/darwin-arm64': [ '0.27.1', '0.21.5' ],
230 silly audit   '@esbuild/darwin-x64': [ '0.27.1', '0.21.5' ],
230 silly audit   '@esbuild/freebsd-arm64': [ '0.27.1', '0.21.5' ],
230 silly audit   '@esbuild/freebsd-x64': [ '0.27.1', '0.21.5' ],
230 silly audit   '@esbuild/linux-arm': [ '0.27.1', '0.21.5' ],
230 silly audit   '@esbuild/linux-arm64': [ '0.27.1', '0.21.5' ],
230 silly audit   '@esbuild/linux-ia32': [ '0.27.1', '0.21.5' ],
230 silly audit   '@esbuild/linux-loong64': [ '0.27.1', '0.21.5' ],
230 silly audit   '@esbuild/linux-mips64el': [ '0.27.1', '0.21.5' ],
230 silly audit   '@esbuild/linux-ppc64': [ '0.27.1', '0.21.5' ],
230 silly audit   '@esbuild/linux-riscv64': [ '0.27.1', '0.21.5' ],
230 silly audit   '@esbuild/linux-s390x': [ '0.27.1', '0.21.5' ],
230 silly audit   '@esbuild/linux-x64': [ '0.27.1', '0.21.5' ],
230 silly audit   '@esbuild/netbsd-arm64': [ '0.27.1' ],
230 silly audit   '@esbuild/netbsd-x64': [ '0.27.1', '0.21.5' ],
230 silly audit   '@esbuild/openbsd-arm64': [ '0.27.1' ],
230 silly audit   '@esbuild/openbsd-x64': [ '0.27.1', '0.21.5' ],
230 silly audit   '@esbuild/openharmony-arm64': [ '0.27.1' ],
230 silly audit   '@esbuild/sunos-x64': [ '0.27.1', '0.21.5' ],
230 silly audit   '@esbuild/win32-arm64': [ '0.27.1', '0.21.5' ],
230 silly audit   '@esbuild/win32-ia32': [ '0.27.1', '0.21.5' ],
230 silly audit   '@esbuild/win32-x64': [ '0.27.1', '0.21.5' ],
230 silly audit   '@eslint-community/eslint-utils': [ '4.9.0' ],
230 silly audit   '@eslint-community/regexpp': [ '4.12.2' ],
230 silly audit   '@eslint/eslintrc': [ '2.1.4' ],
230 silly audit   'brace-expansion': [ '1.1.12', '2.0.2' ],
230 silly audit   minimatch: [ '3.1.2', '9.0.3' ],
230 silly audit   '@eslint/js': [ '8.57.1' ],
230 silly audit   '@hookform/resolvers': [ '3.10.0' ],
230 silly audit   '@humanwhocodes/config-array': [ '0.13.0' ],
230 silly audit   '@humanwhocodes/module-importer': [ '1.0.1' ],
230 silly audit   '@humanwhocodes/object-schema': [ '2.0.3' ],
230 silly audit   '@img/colour': [ '1.0.0' ],
230 silly audit   '@img/sharp-darwin-arm64': [ '0.34.5' ],
230 silly audit   '@img/sharp-darwin-x64': [ '0.34.5' ],
230 silly audit   '@img/sharp-libvips-darwin-arm64': [ '1.2.4' ],
230 silly audit   '@img/sharp-libvips-darwin-x64': [ '1.2.4' ],
230 silly audit   '@img/sharp-libvips-linux-arm': [ '1.2.4' ],
230 silly audit   '@img/sharp-libvips-linux-arm64': [ '1.2.4' ],
230 silly audit   '@img/sharp-libvips-linux-ppc64': [ '1.2.4' ],
230 silly audit   '@img/sharp-libvips-linux-riscv64': [ '1.2.4' ],
230 silly audit   '@img/sharp-libvips-linux-s390x': [ '1.2.4' ],
230 silly audit   '@img/sharp-libvips-linux-x64': [ '1.2.4' ],
230 silly audit   '@img/sharp-libvips-linuxmusl-arm64': [ '1.2.4' ],
230 silly audit   '@img/sharp-libvips-linuxmusl-x64': [ '1.2.4' ],
230 silly audit   '@img/sharp-linux-arm': [ '0.34.5' ],
230 silly audit   '@img/sharp-linux-arm64': [ '0.34.5' ],
230 silly audit   '@img/sharp-linux-ppc64': [ '0.34.5' ],
230 silly audit   '@img/sharp-linux-riscv64': [ '0.34.5' ],
230 silly audit   '@img/sharp-linux-s390x': [ '0.34.5' ],
230 silly audit   '@img/sharp-linux-x64': [ '0.34.5' ],
230 silly audit   '@img/sharp-linuxmusl-arm64': [ '0.34.5' ],
230 silly audit   '@img/sharp-linuxmusl-x64': [ '0.34.5' ],
230 silly audit   '@img/sharp-wasm32': [ '0.34.5' ],
230 silly audit   '@img/sharp-win32-arm64': [ '0.34.5' ],
230 silly audit   '@img/sharp-win32-ia32': [ '0.34.5' ],
230 silly audit   '@img/sharp-win32-x64': [ '0.34.5' ],
230 silly audit   '@jest/schemas': [ '29.6.3' ],
230 silly audit   '@jridgewell/gen-mapping': [ '0.3.13' ],
230 silly audit   '@jridgewell/remapping': [ '2.3.5' ],
230 silly audit   '@jridgewell/resolve-uri': [ '3.1.2' ],
230 silly audit   '@jridgewell/sourcemap-codec': [ '1.5.5' ],
230 silly audit   '@jridgewell/trace-mapping': [ '0.3.31' ],
230 silly audit   '@mongodb-js/saslprep': [ '1.4.0' ],
230 silly audit   '@napi-rs/wasm-runtime': [ '0.2.12' ],
230 silly audit   '@next/env': [ '15.5.7' ],
230 silly audit   '@next/eslint-plugin-next': [ '15.5.7' ],
230 silly audit   '@next/swc-darwin-arm64': [ '15.5.7' ],
230 silly audit   '@next/swc-darwin-x64': [ '15.5.7' ],
230 silly audit   '@next/swc-linux-arm64-gnu': [ '15.5.7' ],
230 silly audit   '@next/swc-linux-arm64-musl': [ '15.5.7' ],
230 silly audit   '@next/swc-linux-x64-gnu': [ '15.5.7' ],
230 silly audit   '@next/swc-linux-x64-musl': [ '15.5.7' ],
230 silly audit   '@next/swc-win32-arm64-msvc': [ '15.5.7' ],
230 silly audit   '@next/swc-win32-x64-msvc': [ '15.5.7' ],
230 silly audit   '@nodelib/fs.scandir': [ '2.1.5' ],
230 silly audit   '@nodelib/fs.stat': [ '2.0.5' ],
230 silly audit   '@nodelib/fs.walk': [ '1.2.8' ],
230 silly audit   '@nolyfill/is-core-module': [ '1.0.39' ],
230 silly audit   '@panva/hkdf': [ '1.2.1' ],
230 silly audit   '@playwright/test': [ '1.57.0' ],
230 silly audit   '@rolldown/pluginutils': [ '1.0.0-beta.27' ],
230 silly audit   '@rollup/rollup-android-arm-eabi': [ '4.53.3' ],
230 silly audit   '@rollup/rollup-android-arm64': [ '4.53.3' ],
230 silly audit   '@rollup/rollup-darwin-arm64': [ '4.53.3' ],
230 silly audit   '@rollup/rollup-darwin-x64': [ '4.53.3' ],
230 silly audit   '@rollup/rollup-freebsd-arm64': [ '4.53.3' ],
230 silly audit   '@rollup/rollup-freebsd-x64': [ '4.53.3' ],
230 silly audit   '@rollup/rollup-linux-arm-gnueabihf': [ '4.53.3' ],
230 silly audit   '@rollup/rollup-linux-arm-musleabihf': [ '4.53.3' ],
230 silly audit   '@rollup/rollup-linux-arm64-gnu': [ '4.53.3' ],
230 silly audit   '@rollup/rollup-linux-arm64-musl': [ '4.53.3' ],
230 silly audit   '@rollup/rollup-linux-loong64-gnu': [ '4.53.3' ],
230 silly audit   '@rollup/rollup-linux-ppc64-gnu': [ '4.53.3' ],
230 silly audit   '@rollup/rollup-linux-riscv64-gnu': [ '4.53.3' ],
230 silly audit   '@rollup/rollup-linux-riscv64-musl': [ '4.53.3' ],
230 silly audit   '@rollup/rollup-linux-s390x-gnu': [ '4.53.3' ],
230 silly audit   '@rollup/rollup-linux-x64-gnu': [ '4.53.3' ],
230 silly audit   '@rollup/rollup-linux-x64-musl': [ '4.53.3' ],
230 silly audit   '@rollup/rollup-openharmony-arm64': [ '4.53.3' ],
230 silly audit   '@rollup/rollup-win32-arm64-msvc': [ '4.53.3' ],
230 silly audit   '@rollup/rollup-win32-ia32-msvc': [ '4.53.3' ],
230 silly audit   '@rollup/rollup-win32-x64-gnu': [ '4.53.3' ],
230 silly audit   '@rollup/rollup-win32-x64-msvc': [ '4.53.3' ],
230 silly audit   '@rtsao/scc': [ '1.1.0' ],
230 silly audit   '@rushstack/eslint-patch': [ '1.15.0' ],
230 silly audit   '@sinclair/typebox': [ '0.27.8' ],
230 silly audit   '@swc/helpers': [ '0.5.15' ],
230 silly audit   '@tybys/wasm-util': [ '0.10.1' ],
230 silly audit   '@types/babel__core': [ '7.20.5' ],
230 silly audit   '@types/babel__generator': [ '7.27.0' ],
230 silly audit   '@types/babel__template': [ '7.4.4' ],
230 silly audit   '@types/babel__traverse': [ '7.28.0' ],
230 silly audit   '@types/bcryptjs': [ '2.4.6' ],
230 silly audit   '@types/estree': [ '1.0.8' ],
230 silly audit   '@types/json-schema': [ '7.0.15' ],
230 silly audit   '@types/json5': [ '0.0.29' ],
230 silly audit   '@types/node': [ '20.19.26' ],
230 silly audit   '@types/prop-types': [ '15.7.15' ],
230 silly audit   '@types/react': [ '18.3.27' ],
230 silly audit   '@types/react-dom': [ '18.3.7' ],
230 silly audit   '@types/semver': [ '7.7.1' ],
230 silly audit   '@types/webidl-conversions': [ '7.0.3' ],
230 silly audit   '@types/whatwg-url': [ '11.0.5' ],
230 silly audit   '@typescript-eslint/eslint-plugin': [ '6.21.0' ],
230 silly audit   '@typescript-eslint/parser': [ '6.21.0' ],
230 silly audit   '@typescript-eslint/scope-manager': [ '6.21.0' ],
230 silly audit   '@typescript-eslint/type-utils': [ '6.21.0' ],
230 silly audit   '@typescript-eslint/types': [ '6.21.0' ],
230 silly audit   '@typescript-eslint/typescript-estree': [ '6.21.0' ],
230 silly audit   '@typescript-eslint/utils': [ '6.21.0' ],
230 silly audit   '@typescript-eslint/visitor-keys': [ '6.21.0' ],
230 silly audit   '@ungap/structured-clone': [ '1.3.0' ],
230 silly audit   '@unrs/resolver-binding-android-arm-eabi': [ '1.11.1' ],
230 silly audit   '@unrs/resolver-binding-android-arm64': [ '1.11.1' ],
230 silly audit   '@unrs/resolver-binding-darwin-arm64': [ '1.11.1' ],
230 silly audit   '@unrs/resolver-binding-darwin-x64': [ '1.11.1' ],
230 silly audit   '@unrs/resolver-binding-freebsd-x64': [ '1.11.1' ],
230 silly audit   '@unrs/resolver-binding-linux-arm-gnueabihf': [ '1.11.1' ],
230 silly audit   '@unrs/resolver-binding-linux-arm-musleabihf': [ '1.11.1' ],
230 silly audit   '@unrs/resolver-binding-linux-arm64-gnu': [ '1.11.1' ],
230 silly audit   '@unrs/resolver-binding-linux-arm64-musl': [ '1.11.1' ],
230 silly audit   '@unrs/resolver-binding-linux-ppc64-gnu': [ '1.11.1' ],
230 silly audit   '@unrs/resolver-binding-linux-riscv64-gnu': [ '1.11.1' ],
230 silly audit   '@unrs/resolver-binding-linux-riscv64-musl': [ '1.11.1' ],
230 silly audit   '@unrs/resolver-binding-linux-s390x-gnu': [ '1.11.1' ],
230 silly audit   '@unrs/resolver-binding-linux-x64-gnu': [ '1.11.1' ],
230 silly audit   '@unrs/resolver-binding-linux-x64-musl': [ '1.11.1' ],
230 silly audit   '@unrs/resolver-binding-wasm32-wasi': [ '1.11.1' ],
230 silly audit   '@unrs/resolver-binding-win32-arm64-msvc': [ '1.11.1' ],
230 silly audit   '@unrs/resolver-binding-win32-ia32-msvc': [ '1.11.1' ],
230 silly audit   '@unrs/resolver-binding-win32-x64-msvc': [ '1.11.1' ],
230 silly audit   '@vitejs/plugin-react': [ '4.7.0' ],
230 silly audit   '@vitest/expect': [ '1.6.1' ],
230 silly audit   '@vitest/runner': [ '1.6.1' ],
230 silly audit   'p-limit': [ '5.0.0', '3.1.0', '2.3.0' ],
230 silly audit   'yocto-queue': [ '1.2.2', '0.1.0' ],
230 silly audit   '@vitest/snapshot': [ '1.6.1' ],
230 silly audit   '@vitest/spy': [ '1.6.1' ],
230 silly audit   '@vitest/utils': [ '1.6.1' ],
230 silly audit   acorn: [ '8.15.0' ],
230 silly audit   'acorn-jsx': [ '5.3.2' ],
230 silly audit   'acorn-walk': [ '8.3.4' ],
230 silly audit   'agent-base': [ '7.1.4' ],
230 silly audit   ajv: [ '6.12.6' ],
230 silly audit   'ansi-escapes': [ '7.2.0' ],
230 silly audit   'ansi-regex': [ '5.0.1', '6.2.2' ],
230 silly audit   'ansi-styles': [ '4.3.0', '6.2.3', '5.2.0' ],
230 silly audit   'any-promise': [ '1.3.0' ],
230 silly audit   anymatch: [ '3.1.3' ],
230 silly audit   arg: [ '5.0.2' ],
230 silly audit   argparse: [ '2.0.1' ],
230 silly audit   'aria-query': [ '5.3.2' ],
230 silly audit   'array-buffer-byte-length': [ '1.0.2' ],
230 silly audit   'array-includes': [ '3.1.9' ],
230 silly audit   'array-union': [ '2.1.0' ],
230 silly audit   'array.prototype.findlast': [ '1.2.5' ],
230 silly audit   'array.prototype.findlastindex': [ '1.2.6' ],
230 silly audit   'array.prototype.flat': [ '1.3.3' ],
230 silly audit   'array.prototype.flatmap': [ '1.3.3' ],
230 silly audit   'array.prototype.tosorted': [ '1.1.4' ],
230 silly audit   'arraybuffer.prototype.slice': [ '1.0.4' ],
230 silly audit   'assertion-error': [ '1.1.0' ],
230 silly audit   'ast-types-flow': [ '0.0.8' ],
230 silly audit   'async-function': [ '1.0.0' ],
230 silly audit   asynckit: [ '0.4.0' ],
230 silly audit   autoprefixer: [ '10.4.22' ],
230 silly audit   'available-typed-arrays': [ '1.0.7' ],
230 silly audit   'axe-core': [ '4.11.0' ],
230 silly audit   'axobject-query': [ '4.1.0' ],
230 silly audit   'balanced-match': [ '1.0.2' ],
230 silly audit   'baseline-browser-mapping': [ '2.9.5' ],
230 silly audit   bcryptjs: [ '2.4.3' ],
230 silly audit   'bidi-js': [ '1.0.3' ],
230 silly audit   'binary-extensions': [ '2.3.0' ],
230 silly audit   braces: [ '3.0.3' ],
230 silly audit   browserslist: [ '4.28.1' ],
230 silly audit   bson: [ '6.10.4' ],
230 silly audit   cac: [ '6.7.14' ],
230 silly audit   'call-bind': [ '1.0.8' ],
230 silly audit   'call-bind-apply-helpers': [ '1.0.2' ],
230 silly audit   'call-bound': [ '1.0.4' ],
230 silly audit   callsites: [ '3.1.0' ],
230 silly audit   'camelcase-css': [ '2.0.1' ],
230 silly audit   'caniuse-lite': [ '1.0.30001760' ],
230 silly audit   chai: [ '4.5.0' ],
230 silly audit   chalk: [ '4.1.2', '5.6.2' ],
230 silly audit   'check-error': [ '1.0.3' ],
230 silly audit   chokidar: [ '3.6.0' ],
230 silly audit   'glob-parent': [ '5.1.2', '6.0.2' ],
230 silly audit   'class-variance-authority': [ '0.7.1' ],
230 silly audit   'cli-cursor': [ '5.0.0' ],
230 silly audit   'cli-truncate': [ '4.0.0' ],
230 silly audit   'client-only': [ '0.0.1' ],
230 silly audit   clsx: [ '2.1.1' ],
230 silly audit   'color-convert': [ '2.0.1' ],
230 silly audit   'color-name': [ '1.1.4' ],
230 silly audit   colorette: [ '2.0.20' ],
230 silly audit   'combined-stream': [ '1.0.8' ],
230 silly audit   commander: [ '13.1.0', '4.1.1' ],
230 silly audit   'concat-map': [ '0.0.1' ],
230 silly audit   confbox: [ '0.1.8' ],
230 silly audit   'convert-source-map': [ '2.0.0' ],
230 silly audit   'cross-spawn': [ '7.0.6' ],
230 silly audit   'css-tree': [ '2.3.1' ],
230 silly audit   cssesc: [ '3.0.0' ],
230 silly audit   cssstyle: [ '4.6.0' ],
230 silly audit   'rrweb-cssom': [ '0.8.0', '0.6.0' ],
230 silly audit   csstype: [ '3.2.3' ],
230 silly audit   'damerau-levenshtein': [ '1.0.8' ],
230 silly audit   'data-urls': [ '5.0.0' ],
230 silly audit   'data-view-buffer': [ '1.0.2' ],
230 silly audit   'data-view-byte-length': [ '1.0.2' ],
230 silly audit   'data-view-byte-offset': [ '1.0.1' ],
230 silly audit   debug: [ '4.4.3', '3.2.7' ],
230 silly audit   'decimal.js': [ '10.6.0' ],
230 silly audit   'deep-eql': [ '4.1.4' ],
230 silly audit   'deep-is': [ '0.1.4' ],
230 silly audit   'define-data-property': [ '1.1.4' ],
230 silly audit   'define-properties': [ '1.2.1' ],
230 silly audit   'delayed-stream': [ '1.0.0' ],
230 silly audit   'detect-libc': [ '2.1.2' ],
230 silly audit   didyoumean: [ '1.2.2' ],
230 silly audit   'diff-sequences': [ '29.6.3' ],
230 silly audit   'dir-glob': [ '3.0.1' ],
230 silly audit   dlv: [ '1.1.3' ],
230 silly audit   doctrine: [ '3.0.0', '2.1.0' ],
230 silly audit   'dunder-proto': [ '1.0.1' ],
230 silly audit   'electron-to-chromium': [ '1.5.267' ],
230 silly audit   'emoji-regex': [ '9.2.2', '10.6.0', '8.0.0' ],
230 silly audit   entities: [ '6.0.1' ],
230 silly audit   environment: [ '1.1.0' ],
230 silly audit   'es-abstract': [ '1.24.0' ],
230 silly audit   'es-define-property': [ '1.0.1' ],
230 silly audit   'es-errors': [ '1.3.0' ],
230 silly audit   'es-iterator-helpers': [ '1.2.1' ],
230 silly audit   'es-object-atoms': [ '1.1.1' ],
230 silly audit   'es-set-tostringtag': [ '2.1.0' ],
230 silly audit   'es-shim-unscopables': [ '1.1.0' ],
230 silly audit   'es-to-primitive': [ '1.3.0' ],
230 silly audit   esbuild: [ '0.27.1', '0.21.5' ],
230 silly audit   escalade: [ '3.2.0' ],
230 silly audit   'escape-string-regexp': [ '4.0.0' ],
230 silly audit   eslint: [ '8.57.1' ],
230 silly audit   'eslint-config-next': [ '15.5.7' ],
230 silly audit   'eslint-config-prettier': [ '9.1.2' ],
230 silly audit   'eslint-import-resolver-node': [ '0.3.9' ],
230 silly audit   'eslint-import-resolver-typescript': [ '3.10.1' ],
230 silly audit   'eslint-module-utils': [ '2.12.1' ],
230 silly audit   'eslint-plugin-import': [ '2.32.0' ],
230 silly audit   'eslint-plugin-jsx-a11y': [ '6.10.2' ],
230 silly audit   'eslint-plugin-react': [ '7.37.5' ],
230 silly audit   'eslint-plugin-react-hooks': [ '5.2.0' ],
230 silly audit   resolve: [ '2.0.0-next.5', '1.22.11' ],
230 silly audit   'eslint-scope': [ '7.2.2' ],
230 silly audit   'eslint-visitor-keys': [ '3.4.3' ],
230 silly audit   espree: [ '9.6.1' ],
230 silly audit   esquery: [ '1.6.0' ],
230 silly audit   esrecurse: [ '4.3.0' ],
230 silly audit   estraverse: [ '5.3.0' ],
230 silly audit   'estree-walker': [ '3.0.3' ],
230 silly audit   esutils: [ '2.0.3' ],
230 silly audit   eventemitter3: [ '5.0.1' ],
230 silly audit   execa: [ '8.0.1' ],
230 silly audit   'fast-deep-equal': [ '3.1.3' ],
230 silly audit   'fast-glob': [ '3.3.1', '3.3.3' ],
230 silly audit   'fast-json-stable-stringify': [ '2.1.0' ],
230 silly audit   'fast-levenshtein': [ '2.0.6' ],
230 silly audit   fastq: [ '1.19.1' ],
230 silly audit   fdir: [ '6.5.0' ],
230 silly audit   'file-entry-cache': [ '6.0.1' ],
230 silly audit   'fill-range': [ '7.1.1' ],
230 silly audit   'find-up': [ '5.0.0', '4.1.0' ],
230 silly audit   'flat-cache': [ '3.2.0' ],
230 silly audit   flatted: [ '3.3.3' ],
230 silly audit   'for-each': [ '0.3.5' ],
230 silly audit   'form-data': [ '4.0.5' ],
230 silly audit   'fraction.js': [ '5.3.4' ],
230 silly audit   'fs.realpath': [ '1.0.0' ],
230 silly audit   fsevents: [ '2.3.2', '2.3.3' ],
230 silly audit   'function-bind': [ '1.1.2' ],
230 silly audit   'function.prototype.name': [ '1.1.8' ],
230 silly audit   'functions-have-names': [ '1.2.3' ],
230 silly audit   'generator-function': [ '2.0.1' ],
230 silly audit   gensync: [ '1.0.0-beta.2' ],
230 silly audit   'get-east-asian-width': [ '1.4.0' ],
230 silly audit   'get-func-name': [ '2.0.2' ],
230 silly audit   'get-intrinsic': [ '1.3.0' ],
230 silly audit   'get-proto': [ '1.0.1' ],
230 silly audit   'get-stream': [ '8.0.1' ],
230 silly audit   'get-symbol-description': [ '1.1.0' ],
230 silly audit   'get-tsconfig': [ '4.13.0' ],
230 silly audit   glob: [ '7.2.3' ],
230 silly audit   globals: [ '13.24.0' ],
230 silly audit   globalthis: [ '1.0.4' ],
230 silly audit   globby: [ '11.1.0' ],
230 silly audit   gopd: [ '1.2.0' ],
230 silly audit   graphemer: [ '1.4.0' ],
230 silly audit   'has-bigints': [ '1.1.0' ],
230 silly audit   'has-flag': [ '4.0.0' ],
230 silly audit   'has-property-descriptors': [ '1.0.2' ],
230 silly audit   'has-proto': [ '1.2.0' ],
230 silly audit   'has-symbols': [ '1.1.0' ],
230 silly audit   'has-tostringtag': [ '1.0.2' ],
230 silly audit   hasown: [ '2.0.2' ],
230 silly audit   'html-encoding-sniffer': [ '4.0.0' ],
230 silly audit   'http-proxy-agent': [ '7.0.2' ],
230 silly audit   'https-proxy-agent': [ '7.0.6' ],
230 silly audit   'human-signals': [ '5.0.0' ],
230 silly audit   husky: [ '8.0.3' ],
230 silly audit   'iconv-lite': [ '0.6.3' ],
230 silly audit   ignore: [ '5.3.2' ],
230 silly audit   'import-fresh': [ '3.3.1' ],
230 silly audit   imurmurhash: [ '0.1.4' ],
230 silly audit   inflight: [ '1.0.6' ],
230 silly audit   inherits: [ '2.0.4' ],
230 silly audit   'internal-slot': [ '1.1.0' ],
230 silly audit   'is-array-buffer': [ '3.0.5' ],
230 silly audit   'is-async-function': [ '2.1.1' ],
230 silly audit   'is-bigint': [ '1.1.0' ],
230 silly audit   'is-binary-path': [ '2.1.0' ],
230 silly audit   'is-boolean-object': [ '1.2.2' ],
230 silly audit   'is-bun-module': [ '2.0.0' ],
230 silly audit   'is-callable': [ '1.2.7' ],
230 silly audit   'is-core-module': [ '2.16.1' ],
230 silly audit   'is-data-view': [ '1.0.2' ],
230 silly audit   'is-date-object': [ '1.1.0' ],
230 silly audit   'is-extglob': [ '2.1.1' ],
230 silly audit   'is-finalizationregistry': [ '1.1.1' ],
230 silly audit   'is-fullwidth-code-point': [ '4.0.0', '5.1.0', '3.0.0' ],
230 silly audit   'is-generator-function': [ '1.1.2' ],
230 silly audit   'is-glob': [ '4.0.3' ],
230 silly audit   'is-map': [ '2.0.3' ],
230 silly audit   'is-negative-zero': [ '2.0.3' ],
230 silly audit   'is-number': [ '7.0.0' ],
230 silly audit   'is-number-object': [ '1.1.1' ],
230 silly audit   'is-path-inside': [ '3.0.3' ],
230 silly audit   'is-potential-custom-element-name': [ '1.0.1' ],
230 silly audit   'is-regex': [ '1.2.1' ],
230 silly audit   'is-set': [ '2.0.3' ],
230 silly audit   'is-shared-array-buffer': [ '1.0.4' ],
230 silly audit   'is-stream': [ '3.0.0' ],
230 silly audit   'is-string': [ '1.1.1' ],
230 silly audit   'is-symbol': [ '1.1.1' ],
230 silly audit   'is-typed-array': [ '1.1.15' ],
230 silly audit   'is-weakmap': [ '2.0.2' ],
230 silly audit   'is-weakref': [ '1.1.1' ],
230 silly audit   'is-weakset': [ '2.0.4' ],
230 silly audit   isarray: [ '2.0.5' ],
230 silly audit   isexe: [ '2.0.0' ],
230 silly audit   'iterator.prototype': [ '1.1.5' ],
230 silly audit   jiti: [ '1.21.7' ],
230 silly audit   jose: [ '6.1.3' ],
230 silly audit   'js-tokens': [ '4.0.0', '9.0.1' ],
230 silly audit   'js-yaml': [ '4.1.1' ],
230 silly audit   jsdom: [ '23.2.0' ],
230 silly audit   jsesc: [ '3.1.0' ],
230 silly audit   'json-buffer': [ '3.0.1' ],
230 silly audit   'json-schema-traverse': [ '0.4.1' ],
230 silly audit   'json-stable-stringify-without-jsonify': [ '1.0.1' ],
230 silly audit   json5: [ '2.2.3', '1.0.2' ],
230 silly audit   'jsx-ast-utils': [ '3.3.5' ],
230 silly audit   kareem: [ '2.6.3' ],
230 silly audit   keyv: [ '4.5.4' ],
230 silly audit   'language-subtag-registry': [ '0.3.23' ],
230 silly audit   'language-tags': [ '1.0.9' ],
230 silly audit   levn: [ '0.4.1' ],
230 silly audit   lilconfig: [ '3.1.3' ],
230 silly audit   'lines-and-columns': [ '1.2.4' ],
230 silly audit   'lint-staged': [ '15.5.2' ],
230 silly audit   listr2: [ '8.3.3' ],
230 silly audit   'local-pkg': [ '0.5.1' ],
230 silly audit   'locate-path': [ '6.0.0', '5.0.0' ],
230 silly audit   'lodash.merge': [ '4.6.2' ],
230 silly audit   'log-update': [ '6.1.0' ],
230 silly audit   'slice-ansi': [ '7.1.2', '5.0.0' ],
230 silly audit   'strip-ansi': [ '7.1.2', '6.0.1' ],
230 silly audit   'loose-envify': [ '1.4.0' ],
230 silly audit   loupe: [ '2.3.7' ],
230 silly audit   'lucide-react': [ '0.294.0' ],
230 silly audit   'magic-string': [ '0.30.21' ],
230 silly audit   'math-intrinsics': [ '1.1.0' ],
230 silly audit   'mdn-data': [ '2.0.30' ],
230 silly audit   'memory-pager': [ '1.5.0' ],
230 silly audit   'merge-stream': [ '2.0.0' ],
230 silly audit   merge2: [ '1.4.1' ],
230 silly audit   micromatch: [ '4.0.8' ],
230 silly audit   'mime-db': [ '1.52.0' ],
230 silly audit   'mime-types': [ '2.1.35' ],
230 silly audit   'mimic-fn': [ '4.0.0' ],
230 silly audit   'mimic-function': [ '5.0.1' ],
230 silly audit   minimist: [ '1.2.8' ],
230 silly audit   mlly: [ '1.8.0' ],
230 silly audit   pathe: [ '2.0.3', '1.1.2' ],
230 silly audit   mongodb: [ '6.20.0' ],
230 silly audit   'mongodb-connection-string-url': [ '3.0.2' ],
230 silly audit   mongoose: [ '8.20.2' ],
230 silly audit   mpath: [ '0.9.0' ],
230 silly audit   mquery: [ '5.0.0' ],
230 silly audit   ms: [ '2.1.3' ],
230 silly audit   mz: [ '2.7.0' ],
230 silly audit   nanoid: [ '3.3.11' ],
230 silly audit   'napi-postinstall': [ '0.3.4' ],
230 silly audit   'natural-compare': [ '1.4.0' ],
230 silly audit   next: [ '15.5.7' ],
230 silly audit   'next-auth': [ '5.0.0-beta.30' ],
230 silly audit   postcss: [ '8.4.31', '8.5.6' ],
230 silly audit   'node-releases': [ '2.0.27' ],
230 silly audit   'normalize-path': [ '3.0.0' ],
230 silly audit   'normalize-range': [ '0.1.2' ],
230 silly audit   'npm-run-path': [ '5.3.0' ],
230 silly audit   'path-key': [ '4.0.0', '3.1.1' ],
230 silly audit   oauth4webapi: [ '3.8.3' ],
230 silly audit   'object-assign': [ '4.1.1' ],
230 silly audit   'object-hash': [ '3.0.0' ],
230 silly audit   'object-inspect': [ '1.13.4' ],
230 silly audit   'object-keys': [ '1.1.1' ],
230 silly audit   'object.assign': [ '4.1.7' ],
230 silly audit   'object.entries': [ '1.1.9' ],
230 silly audit   'object.fromentries': [ '2.0.8' ],
230 silly audit   'object.groupby': [ '1.0.3' ],
230 silly audit   'object.values': [ '1.2.1' ],
230 silly audit   once: [ '1.4.0' ],
230 silly audit   onetime: [ '6.0.0', '7.0.0' ],
230 silly audit   optionator: [ '0.9.4' ],
230 silly audit   'own-keys': [ '1.0.1' ],
230 silly audit   'p-locate': [ '5.0.0', '4.1.0' ],
230 silly audit   'parent-module': [ '1.0.1' ],
230 silly audit   parse5: [ '7.3.0' ],
230 silly audit   'path-exists': [ '4.0.0' ],
230 silly audit   'path-is-absolute': [ '1.0.1' ],
230 silly audit   'path-parse': [ '1.0.7' ],
230 silly audit   'path-type': [ '4.0.0' ],
230 silly audit   pathval: [ '1.1.1' ],
230 silly audit   picocolors: [ '1.1.1' ],
230 silly audit   picomatch: [ '4.0.3', '2.3.1' ],
230 silly audit   pidtree: [ '0.6.0' ],
230 silly audit   pify: [ '2.3.0' ],
230 silly audit   pirates: [ '4.0.7' ],
230 silly audit   'pkg-types': [ '1.3.1' ],
230 silly audit   playwright: [ '1.57.0' ],
230 silly audit   'playwright-core': [ '1.57.0' ],
230 silly audit   'possible-typed-array-names': [ '1.1.0' ],
230 silly audit   'postcss-import': [ '15.1.0' ],
230 silly audit   'postcss-js': [ '4.1.0' ],
230 silly audit   'postcss-load-config': [ '6.0.1' ],
230 silly audit   'postcss-nested': [ '6.2.0' ],
230 silly audit   'postcss-selector-parser': [ '6.1.2' ],
230 silly audit   'postcss-value-parser': [ '4.2.0' ],
230 silly audit   preact: [ '10.24.3' ],
230 silly audit   'preact-render-to-string': [ '6.5.11' ],
230 silly audit   'prelude-ls': [ '1.2.1' ],
230 silly audit   prettier: [ '3.7.4' ],
230 silly audit   'pretty-format': [ '29.7.0' ],
230 silly audit   'react-is': [ '18.3.1', '16.13.1' ],
230 silly audit   'prop-types': [ '15.8.1' ],
230 silly audit   psl: [ '1.15.0' ],
230 silly audit   punycode: [ '2.3.1' ],
230 silly audit   querystringify: [ '2.2.0' ],
230 silly audit   'queue-microtask': [ '1.2.3' ],
230 silly audit   react: [ '18.3.1' ],
230 silly audit   'react-dom': [ '18.3.1' ],
230 silly audit   'react-hook-form': [ '7.68.0' ],
230 silly audit   'react-refresh': [ '0.17.0' ],
230 silly audit   'read-cache': [ '1.0.0' ],
230 silly audit   readdirp: [ '3.6.0' ],
230 silly audit   'reflect.getprototypeof': [ '1.0.10' ],
230 silly audit   'regexp.prototype.flags': [ '1.5.4' ],
230 silly audit   'require-from-string': [ '2.0.2' ],
230 silly audit   'requires-port': [ '1.0.0' ],
230 silly audit   'resolve-from': [ '4.0.0' ],
230 silly audit   'resolve-pkg-maps': [ '1.0.0' ],
230 silly audit   'restore-cursor': [ '5.1.0' ],
230 silly audit   reusify: [ '1.1.0' ],
230 silly audit   rfdc: [ '1.4.1' ],
230 silly audit   rimraf: [ '3.0.2' ],
230 silly audit   rollup: [ '4.53.3' ],
230 silly audit   'run-parallel': [ '1.2.0' ],
230 silly audit   'safe-array-concat': [ '1.1.3' ],
230 silly audit   'safe-push-apply': [ '1.0.0' ],
230 silly audit   'safe-regex-test': [ '1.1.0' ],
230 silly audit   'safer-buffer': [ '2.1.2' ],
230 silly audit   saxes: [ '6.0.0' ],
230 silly audit   scheduler: [ '0.23.2' ],
230 silly audit   'set-function-length': [ '1.2.2' ],
230 silly audit   'set-function-name': [ '2.0.2' ],
230 silly audit   'set-proto': [ '1.0.0' ],
230 silly audit   sharp: [ '0.34.5' ],
230 silly audit   'shebang-command': [ '2.0.0' ],
230 silly audit   'shebang-regex': [ '3.0.0' ],
230 silly audit   'side-channel': [ '1.1.0' ],
230 silly audit   'side-channel-list': [ '1.0.0' ],
230 silly audit   'side-channel-map': [ '1.0.1' ],
230 silly audit   'side-channel-weakmap': [ '1.0.2' ],
230 silly audit   sift: [ '17.1.3' ],
230 silly audit   siginfo: [ '2.0.0' ],
230 silly audit   'signal-exit': [ '4.1.0' ],
230 silly audit   slash: [ '3.0.0' ],
230 silly audit   'source-map-js': [ '1.2.1' ],
230 silly audit   'sparse-bitfield': [ '3.0.3' ],
230 silly audit   'stable-hash': [ '0.0.5' ],
230 silly audit   stackback: [ '0.0.2' ],
230 silly audit   'std-env': [ '3.10.0' ],
230 silly audit   'stop-iteration-iterator': [ '1.1.0' ],
230 silly audit   'string-argv': [ '0.3.2' ],
230 silly audit   'string-width': [ '7.2.0', '4.2.3' ],
230 silly audit   'string.prototype.includes': [ '2.0.1' ],
230 silly audit   'string.prototype.matchall': [ '4.0.12' ],
230 silly audit   'string.prototype.repeat': [ '1.0.0' ],
230 silly audit   'string.prototype.trim': [ '1.2.10' ],
230 silly audit   'string.prototype.trimend': [ '1.0.9' ],
230 silly audit   'string.prototype.trimstart': [ '1.0.8' ],
230 silly audit   'strip-bom': [ '3.0.0' ],
230 silly audit   'strip-final-newline': [ '3.0.0' ],
230 silly audit   'strip-json-comments': [ '3.1.1' ],
230 silly audit   'strip-literal': [ '2.1.1' ],
230 silly audit   'styled-jsx': [ '5.1.6' ],
230 silly audit   sucrase: [ '3.35.1' ],
230 silly audit   'supports-color': [ '7.2.0' ],
230 silly audit   'supports-preserve-symlinks-flag': [ '1.0.0' ],
230 silly audit   'symbol-tree': [ '3.2.4' ],
230 silly audit   'tailwind-merge': [ '2.6.0' ],
230 silly audit   tailwindcss: [ '3.4.18' ],
230 silly audit   'text-table': [ '0.2.0' ],
230 silly audit   thenify: [ '3.3.1' ],
230 silly audit   'thenify-all': [ '1.6.0' ],
230 silly audit   tinybench: [ '2.9.0' ],
230 silly audit   tinyglobby: [ '0.2.15' ],
230 silly audit   tinypool: [ '0.8.4' ],
230 silly audit   tinyspy: [ '2.2.1' ],
230 silly audit   'to-regex-range': [ '5.0.1' ],
230 silly audit   'tough-cookie': [ '4.1.4' ],
230 silly audit   tr46: [ '5.1.1' ],
230 silly audit   'ts-api-utils': [ '1.4.3' ],
230 silly audit   'ts-interface-checker': [ '0.1.13' ],
230 silly audit   'tsconfig-paths': [ '3.15.0' ],
230 silly audit   tslib: [ '2.8.1' ],
230 silly audit   tsx: [ '4.21.0' ],
230 silly audit   'type-check': [ '0.4.0' ],
230 silly audit   'type-detect': [ '4.1.0' ],
230 silly audit   'type-fest': [ '0.20.2' ],
230 silly audit   'typed-array-buffer': [ '1.0.3' ],
230 silly audit   'typed-array-byte-length': [ '1.0.3' ],
230 silly audit   'typed-array-byte-offset': [ '1.0.4' ],
230 silly audit   'typed-array-length': [ '1.0.7' ],
230 silly audit   typescript: [ '5.9.3' ],
230 silly audit   ufo: [ '1.6.1' ],
230 silly audit   'unbox-primitive': [ '1.1.0' ],
230 silly audit   'undici-types': [ '6.21.0' ],
230 silly audit   universalify: [ '0.2.0' ],
230 silly audit   'unrs-resolver': [ '1.11.1' ],
230 silly audit   'update-browserslist-db': [ '1.2.2' ],
230 silly audit   'uri-js': [ '4.4.1' ],
230 silly audit   'url-parse': [ '1.5.10' ],
230 silly audit   'util-deprecate': [ '1.0.2' ],
230 silly audit   vite: [ '5.4.21' ],
230 silly audit   'vite-node': [ '1.6.1' ],
230 silly audit   vitest: [ '1.6.1' ],
230 silly audit   'w3c-xmlserializer': [ '5.0.0' ],
230 silly audit   'webidl-conversions': [ '7.0.0' ],
230 silly audit   'whatwg-encoding': [ '3.1.1' ],
230 silly audit   'whatwg-mimetype': [ '4.0.0' ],
230 silly audit   'whatwg-url': [ '14.2.0' ],
230 silly audit   which: [ '2.0.2' ],
230 silly audit   'which-boxed-primitive': [ '1.1.1' ],
230 silly audit   'which-builtin-type': [ '1.2.1' ],
230 silly audit   'which-collection': [ '1.0.2' ],
230 silly audit   'which-typed-array': [ '1.1.19' ],
230 silly audit   'why-is-node-running': [ '2.3.0' ],
230 silly audit   'word-wrap': [ '1.2.5' ],
230 silly audit   'wrap-ansi': [ '9.0.2', '6.2.0' ],
230 silly audit   wrappy: [ '1.0.2' ],
230 silly audit   ws: [ '8.18.3' ],
230 silly audit   'xml-name-validator': [ '5.0.0' ],
230 silly audit   xmlchars: [ '2.2.0' ],
230 silly audit   yallist: [ '3.1.1' ],
230 silly audit   yaml: [ '2.8.2' ],
230 silly audit   zod: [ '3.25.76' ],
230 silly audit   '@types/jsonwebtoken': [ '9.0.10' ],
230 silly audit   '@types/qrcode': [ '1.5.6' ],
230 silly audit   jsonwebtoken: [ '9.0.3' ],
230 silly audit   qrcode: [ '1.5.4' ],
230 silly audit   '@types/ms': [ '2.1.0' ],
230 silly audit   jws: [ '4.0.1' ],
230 silly audit   'lodash.includes': [ '4.3.0' ],
230 silly audit   'lodash.isboolean': [ '3.0.3' ],
230 silly audit   'lodash.isinteger': [ '4.0.4' ],
230 silly audit   'lodash.isnumber': [ '3.0.3' ],
230 silly audit   'lodash.isplainobject': [ '4.0.6' ],
230 silly audit   'lodash.isstring': [ '4.0.1' ],
230 silly audit   'lodash.once': [ '4.1.1' ],
230 silly audit   jwa: [ '2.0.1' ],
230 silly audit   'safe-buffer': [ '5.2.1' ],
230 silly audit   'buffer-equal-constant-time': [ '1.0.1' ],
230 silly audit   'ecdsa-sig-formatter': [ '1.0.11' ],
230 silly audit   dijkstrajs: [ '1.0.3' ],
230 silly audit   pngjs: [ '5.0.0' ],
230 silly audit   yargs: [ '15.4.1' ],
230 silly audit   cliui: [ '6.0.0' ],
230 silly audit   decamelize: [ '1.2.0' ],
230 silly audit   'get-caller-file': [ '2.0.5' ],
230 silly audit   'require-directory': [ '2.1.1' ],
230 silly audit   'require-main-filename': [ '2.0.0' ],
230 silly audit   'set-blocking': [ '2.0.0' ],
230 silly audit   'which-module': [ '2.0.1' ],
230 silly audit   y18n: [ '4.0.3' ],
230 silly audit   'yargs-parser': [ '18.1.3' ],
230 silly audit   camelcase: [ '5.3.1' ],
230 silly audit   'p-try': [ '2.2.0' ]
230 silly audit }
231 http cache camelcase@https://registry.npmjs.org/camelcase/-/camelcase-5.3.1.tgz 0ms (cache hit)
232 http cache require-directory@https://registry.npmjs.org/require-directory/-/require-directory-2.1.1.tgz 0ms (cache hit)
233 http cache which-module@https://registry.npmjs.org/which-module/-/which-module-2.0.1.tgz 0ms (cache hit)
234 http cache y18n@https://registry.npmjs.org/y18n/-/y18n-4.0.3.tgz 0ms (cache hit)
235 http cache set-blocking@https://registry.npmjs.org/set-blocking/-/set-blocking-2.0.0.tgz 0ms (cache hit)
236 http cache require-main-filename@https://registry.npmjs.org/require-main-filename/-/require-main-filename-2.0.0.tgz 0ms (cache hit)
237 http cache yargs-parser@https://registry.npmjs.org/yargs-parser/-/yargs-parser-18.1.3.tgz 0ms (cache hit)
238 http cache get-caller-file@https://registry.npmjs.org/get-caller-file/-/get-caller-file-2.0.5.tgz 0ms (cache hit)
239 http cache p-try@https://registry.npmjs.org/p-try/-/p-try-2.2.0.tgz 0ms (cache hit)
240 http cache dijkstrajs@https://registry.npmjs.org/dijkstrajs/-/dijkstrajs-1.0.3.tgz 0ms (cache hit)
241 http cache yargs@https://registry.npmjs.org/yargs/-/yargs-15.4.1.tgz 0ms (cache hit)
242 http cache buffer-equal-constant-time@https://registry.npmjs.org/buffer-equal-constant-time/-/buffer-equal-constant-time-1.0.1.tgz 0ms (cache hit)
243 http cache cliui@https://registry.npmjs.org/cliui/-/cliui-6.0.0.tgz 0ms (cache hit)
244 http cache ecdsa-sig-formatter@https://registry.npmjs.org/ecdsa-sig-formatter/-/ecdsa-sig-formatter-1.0.11.tgz 0ms (cache hit)
245 http cache lodash.isstring@https://registry.npmjs.org/lodash.isstring/-/lodash.isstring-4.0.1.tgz 0ms (cache hit)
246 http cache lodash.once@https://registry.npmjs.org/lodash.once/-/lodash.once-4.1.1.tgz 0ms (cache hit)
247 http cache safe-buffer@https://registry.npmjs.org/safe-buffer/-/safe-buffer-5.2.1.tgz 0ms (cache hit)
248 http cache lodash.isnumber@https://registry.npmjs.org/lodash.isnumber/-/lodash.isnumber-3.0.3.tgz 0ms (cache hit)
249 http cache lodash.isinteger@https://registry.npmjs.org/lodash.isinteger/-/lodash.isinteger-4.0.4.tgz 0ms (cache hit)
250 http cache jwa@https://registry.npmjs.org/jwa/-/jwa-2.0.1.tgz 0ms (cache hit)
251 http cache lodash.includes@https://registry.npmjs.org/lodash.includes/-/lodash.includes-4.3.0.tgz 0ms (cache hit)
252 http cache lodash.isplainobject@https://registry.npmjs.org/lodash.isplainobject/-/lodash.isplainobject-4.0.6.tgz 0ms (cache hit)
253 http cache lodash.isboolean@https://registry.npmjs.org/lodash.isboolean/-/lodash.isboolean-3.0.3.tgz 0ms (cache hit)
254 http cache qrcode@https://registry.npmjs.org/qrcode/-/qrcode-1.5.4.tgz 0ms (cache hit)
255 http cache pngjs@https://registry.npmjs.org/pngjs/-/pngjs-5.0.0.tgz 0ms (cache hit)
256 http cache jws@https://registry.npmjs.org/jws/-/jws-4.0.1.tgz 0ms (cache hit)
257 http cache jsonwebtoken@https://registry.npmjs.org/jsonwebtoken/-/jsonwebtoken-9.0.3.tgz 0ms (cache hit)
258 http cache @types/ms@https://registry.npmjs.org/@types/ms/-/ms-2.1.0.tgz 0ms (cache hit)
259 http cache picomatch@https://registry.npmjs.org/picomatch/-/picomatch-4.0.3.tgz 0ms (cache hit)
260 http cache @types/qrcode@https://registry.npmjs.org/@types/qrcode/-/qrcode-1.5.6.tgz 0ms (cache hit)
261 http cache fsevents@https://registry.npmjs.org/fsevents/-/fsevents-2.3.2.tgz 0ms (cache hit)
262 http cache @types/jsonwebtoken@https://registry.npmjs.org/@types/jsonwebtoken/-/jsonwebtoken-9.0.10.tgz 0ms (cache hit)
263 http cache is-fullwidth-code-point@https://registry.npmjs.org/is-fullwidth-code-point/-/is-fullwidth-code-point-3.0.0.tgz 0ms (cache hit)
264 http cache emoji-regex@https://registry.npmjs.org/emoji-regex/-/emoji-regex-8.0.0.tgz 0ms (cache hit)
265 http cache is-fullwidth-code-point@https://registry.npmjs.org/is-fullwidth-code-point/-/is-fullwidth-code-point-3.0.0.tgz 0ms (cache hit)
266 http cache p-limit@https://registry.npmjs.org/p-limit/-/p-limit-2.3.0.tgz 0ms (cache hit)
267 http cache wrap-ansi@https://registry.npmjs.org/wrap-ansi/-/wrap-ansi-6.2.0.tgz 0ms (cache hit)
268 http cache decamelize@https://registry.npmjs.org/decamelize/-/decamelize-1.2.0.tgz 0ms (cache hit)
269 http cache locate-path@https://registry.npmjs.org/locate-path/-/locate-path-5.0.0.tgz 0ms (cache hit)
270 http cache string-width@https://registry.npmjs.org/string-width/-/string-width-4.2.3.tgz 0ms (cache hit)
271 http cache p-locate@https://registry.npmjs.org/p-locate/-/p-locate-4.1.0.tgz 0ms (cache hit)
272 http cache emoji-regex@https://registry.npmjs.org/emoji-regex/-/emoji-regex-8.0.0.tgz 0ms (cache hit)
273 http cache string-width@https://registry.npmjs.org/string-width/-/string-width-4.2.3.tgz 0ms (cache hit)
274 http cache fsevents@https://registry.npmjs.org/fsevents/-/fsevents-2.3.3.tgz 0ms (cache hit)
275 http cache picomatch@https://registry.npmjs.org/picomatch/-/picomatch-2.3.1.tgz 0ms (cache hit)
276 http cache find-up@https://registry.npmjs.org/find-up/-/find-up-4.1.0.tgz 0ms (cache hit)
277 http cache fsevents@https://registry.npmjs.org/fsevents/-/fsevents-2.3.3.tgz 0ms (cache hit)
278 http cache picomatch@https://registry.npmjs.org/picomatch/-/picomatch-2.3.1.tgz 0ms (cache hit)
279 http cache picomatch@https://registry.npmjs.org/picomatch/-/picomatch-2.3.1.tgz 0ms (cache hit)
280 silly tarball no local data for require-directory@https://registry.npmjs.org/require-directory/-/require-directory-2.1.1.tgz. Extracting by manifest.
281 silly tarball no local data for camelcase@https://registry.npmjs.org/camelcase/-/camelcase-5.3.1.tgz. Extracting by manifest.
282 silly tarball no local data for y18n@https://registry.npmjs.org/y18n/-/y18n-4.0.3.tgz. Extracting by manifest.
283 silly tarball no local data for which-module@https://registry.npmjs.org/which-module/-/which-module-2.0.1.tgz. Extracting by manifest.
284 silly tarball no local data for require-main-filename@https://registry.npmjs.org/require-main-filename/-/require-main-filename-2.0.0.tgz. Extracting by manifest.
285 silly tarball no local data for set-blocking@https://registry.npmjs.org/set-blocking/-/set-blocking-2.0.0.tgz. Extracting by manifest.
286 silly tarball no local data for yargs-parser@https://registry.npmjs.org/yargs-parser/-/yargs-parser-18.1.3.tgz. Extracting by manifest.
287 silly tarball no local data for get-caller-file@https://registry.npmjs.org/get-caller-file/-/get-caller-file-2.0.5.tgz. Extracting by manifest.
288 silly tarball no local data for p-try@https://registry.npmjs.org/p-try/-/p-try-2.2.0.tgz. Extracting by manifest.
289 silly tarball no local data for yargs@https://registry.npmjs.org/yargs/-/yargs-15.4.1.tgz. Extracting by manifest.
290 silly tarball no local data for dijkstrajs@https://registry.npmjs.org/dijkstrajs/-/dijkstrajs-1.0.3.tgz. Extracting by manifest.
291 silly tarball no local data for ecdsa-sig-formatter@https://registry.npmjs.org/ecdsa-sig-formatter/-/ecdsa-sig-formatter-1.0.11.tgz. Extracting by manifest.
292 silly tarball no local data for buffer-equal-constant-time@https://registry.npmjs.org/buffer-equal-constant-time/-/buffer-equal-constant-time-1.0.1.tgz. Extracting by manifest.
293 silly tarball no local data for cliui@https://registry.npmjs.org/cliui/-/cliui-6.0.0.tgz. Extracting by manifest.
294 silly tarball no local data for lodash.isstring@https://registry.npmjs.org/lodash.isstring/-/lodash.isstring-4.0.1.tgz. Extracting by manifest.
295 silly tarball no local data for safe-buffer@https://registry.npmjs.org/safe-buffer/-/safe-buffer-5.2.1.tgz. Extracting by manifest.
296 silly tarball no local data for lodash.isnumber@https://registry.npmjs.org/lodash.isnumber/-/lodash.isnumber-3.0.3.tgz. Extracting by manifest.
297 silly tarball no local data for lodash.once@https://registry.npmjs.org/lodash.once/-/lodash.once-4.1.1.tgz. Extracting by manifest.
298 silly tarball no local data for lodash.isinteger@https://registry.npmjs.org/lodash.isinteger/-/lodash.isinteger-4.0.4.tgz. Extracting by manifest.
299 silly tarball no local data for lodash.includes@https://registry.npmjs.org/lodash.includes/-/lodash.includes-4.3.0.tgz. Extracting by manifest.
300 silly tarball no local data for jwa@https://registry.npmjs.org/jwa/-/jwa-2.0.1.tgz. Extracting by manifest.
301 silly tarball no local data for lodash.isplainobject@https://registry.npmjs.org/lodash.isplainobject/-/lodash.isplainobject-4.0.6.tgz. Extracting by manifest.
302 silly tarball no local data for pngjs@https://registry.npmjs.org/pngjs/-/pngjs-5.0.0.tgz. Extracting by manifest.
303 silly tarball no local data for lodash.isboolean@https://registry.npmjs.org/lodash.isboolean/-/lodash.isboolean-3.0.3.tgz. Extracting by manifest.
304 silly tarball no local data for jws@https://registry.npmjs.org/jws/-/jws-4.0.1.tgz. Extracting by manifest.
305 silly tarball no local data for qrcode@https://registry.npmjs.org/qrcode/-/qrcode-1.5.4.tgz. Extracting by manifest.
306 silly tarball no local data for jsonwebtoken@https://registry.npmjs.org/jsonwebtoken/-/jsonwebtoken-9.0.3.tgz. Extracting by manifest.
307 silly tarball no local data for @types/ms@https://registry.npmjs.org/@types/ms/-/ms-2.1.0.tgz. Extracting by manifest.
308 silly tarball no local data for @types/qrcode@https://registry.npmjs.org/@types/qrcode/-/qrcode-1.5.6.tgz. Extracting by manifest.
309 silly tarball no local data for emoji-regex@https://registry.npmjs.org/emoji-regex/-/emoji-regex-8.0.0.tgz. Extracting by manifest.
310 silly tarball no local data for is-fullwidth-code-point@https://registry.npmjs.org/is-fullwidth-code-point/-/is-fullwidth-code-point-3.0.0.tgz. Extracting by manifest.
311 silly tarball no local data for is-fullwidth-code-point@https://registry.npmjs.org/is-fullwidth-code-point/-/is-fullwidth-code-point-3.0.0.tgz. Extracting by manifest.
312 silly tarball no local data for @types/jsonwebtoken@https://registry.npmjs.org/@types/jsonwebtoken/-/jsonwebtoken-9.0.10.tgz. Extracting by manifest.
313 silly tarball no local data for p-limit@https://registry.npmjs.org/p-limit/-/p-limit-2.3.0.tgz. Extracting by manifest.
314 silly tarball no local data for decamelize@https://registry.npmjs.org/decamelize/-/decamelize-1.2.0.tgz. Extracting by manifest.
315 silly tarball no local data for locate-path@https://registry.npmjs.org/locate-path/-/locate-path-5.0.0.tgz. Extracting by manifest.
316 silly tarball no local data for wrap-ansi@https://registry.npmjs.org/wrap-ansi/-/wrap-ansi-6.2.0.tgz. Extracting by manifest.
317 silly tarball no local data for string-width@https://registry.npmjs.org/string-width/-/string-width-4.2.3.tgz. Extracting by manifest.
318 silly tarball no local data for p-locate@https://registry.npmjs.org/p-locate/-/p-locate-4.1.0.tgz. Extracting by manifest.
319 silly tarball no local data for emoji-regex@https://registry.npmjs.org/emoji-regex/-/emoji-regex-8.0.0.tgz. Extracting by manifest.
320 silly tarball no local data for string-width@https://registry.npmjs.org/string-width/-/string-width-4.2.3.tgz. Extracting by manifest.
321 silly tarball no local data for find-up@https://registry.npmjs.org/find-up/-/find-up-4.1.0.tgz. Extracting by manifest.
322 http fetch GET 200 https://registry.npmjs.org/require-directory/-/require-directory-2.1.1.tgz 66ms (cache miss)
323 http fetch GET 200 https://registry.npmjs.org/y18n/-/y18n-4.0.3.tgz 66ms (cache miss)
324 http fetch GET 200 https://registry.npmjs.org/require-main-filename/-/require-main-filename-2.0.0.tgz 73ms (cache miss)
325 http fetch GET 200 https://registry.npmjs.org/which-module/-/which-module-2.0.1.tgz 74ms (cache miss)
326 http fetch GET 200 https://registry.npmjs.org/set-blocking/-/set-blocking-2.0.0.tgz 75ms (cache miss)
327 http fetch GET 200 https://registry.npmjs.org/camelcase/-/camelcase-5.3.1.tgz 76ms (cache miss)
328 http fetch GET 200 https://registry.npmjs.org/lodash.isstring/-/lodash.isstring-4.0.1.tgz 105ms (cache miss)
329 http fetch GET 200 https://registry.npmjs.org/lodash.isnumber/-/lodash.isnumber-3.0.3.tgz 109ms (cache miss)
330 http fetch GET 200 https://registry.npmjs.org/lodash.isinteger/-/lodash.isinteger-4.0.4.tgz 109ms (cache miss)
331 http fetch GET 200 https://registry.npmjs.org/lodash.includes/-/lodash.includes-4.3.0.tgz 113ms (cache miss)
332 http fetch GET 200 https://registry.npmjs.org/safe-buffer/-/safe-buffer-5.2.1.tgz 117ms (cache miss)
333 http fetch POST 200 https://registry.npmjs.org/-/npm/v1/security/advisories/bulk 149ms
334 silly audit report {
334 silly audit report   esbuild: [
334 silly audit report     {
334 silly audit report       id: 1102341,
334 silly audit report       url: 'https://github.com/advisories/GHSA-67mh-4wv8-2f99',
334 silly audit report       title: 'esbuild enables any website to send any requests to the development server and read the response',
334 silly audit report       severity: 'moderate',
334 silly audit report       vulnerable_versions: '<=0.24.2',
334 silly audit report       cwe: [Array],
334 silly audit report       cvss: [Object]
334 silly audit report     }
334 silly audit report   ],
334 silly audit report   next: [
334 silly audit report     {
334 silly audit report       id: 1111376,
334 silly audit report       url: 'https://github.com/advisories/GHSA-w37m-7fhw-fmv9',
334 silly audit report       title: 'Next Server Actions Source Code Exposure ',
334 silly audit report       severity: 'moderate',
334 silly audit report       vulnerable_versions: '>=15.5.1-canary.0 <15.5.8',
334 silly audit report       cwe: [Array],
334 silly audit report       cvss: [Object]
334 silly audit report     },
334 silly audit report     {
334 silly audit report       id: 1111385,
334 silly audit report       url: 'https://github.com/advisories/GHSA-mwv6-3258-q52c',
334 silly audit report       title: 'Next Vulnerable to Denial of Service with Server Components',
334 silly audit report       severity: 'high',
334 silly audit report       vulnerable_versions: '>=15.5.1-canary.0 <15.5.8',
334 silly audit report       cwe: [Array],
334 silly audit report       cvss: [Object]
334 silly audit report     }
334 silly audit report   ]
334 silly audit report }
335 silly packumentCache corgi:https://registry.npmjs.org/esbuild cache-miss
336 silly packumentCache corgi:https://registry.npmjs.org/next cache-miss
337 http fetch GET 200 https://registry.npmjs.org/get-caller-file/-/get-caller-file-2.0.5.tgz 137ms (cache miss)
338 http fetch GET 200 https://registry.npmjs.org/lodash.isplainobject/-/lodash.isplainobject-4.0.6.tgz 146ms (cache miss)
339 http fetch GET 200 https://registry.npmjs.org/cliui/-/cliui-6.0.0.tgz 151ms (cache miss)
340 http fetch GET 200 https://registry.npmjs.org/lodash.once/-/lodash.once-4.1.1.tgz 151ms (cache miss)
341 http fetch GET 200 https://registry.npmjs.org/ecdsa-sig-formatter/-/ecdsa-sig-formatter-1.0.11.tgz 152ms (cache miss)
342 http fetch GET 200 https://registry.npmjs.org/yargs-parser/-/yargs-parser-18.1.3.tgz 155ms (cache miss)
343 http fetch GET 200 https://registry.npmjs.org/jwa/-/jwa-2.0.1.tgz 171ms (cache miss)
344 http fetch GET 200 https://registry.npmjs.org/buffer-equal-constant-time/-/buffer-equal-constant-time-1.0.1.tgz 183ms (cache miss)
345 http fetch GET 200 https://registry.npmjs.org/lodash.isboolean/-/lodash.isboolean-3.0.3.tgz 182ms (cache miss)
346 http fetch GET 200 https://registry.npmjs.org/p-try/-/p-try-2.2.0.tgz 187ms (cache miss)
347 http fetch GET 200 https://registry.npmjs.org/dijkstrajs/-/dijkstrajs-1.0.3.tgz 187ms (cache miss)
348 http fetch GET 200 https://registry.npmjs.org/jws/-/jws-4.0.1.tgz 184ms (cache miss)
349 http fetch GET 200 https://registry.npmjs.org/@types/ms/-/ms-2.1.0.tgz 190ms (cache miss)
350 http fetch GET 200 https://registry.npmjs.org/emoji-regex/-/emoji-regex-8.0.0.tgz 191ms (cache miss)
351 http fetch GET 200 https://registry.npmjs.org/is-fullwidth-code-point/-/is-fullwidth-code-point-3.0.0.tgz 193ms (cache miss)
352 http fetch GET 200 https://registry.npmjs.org/is-fullwidth-code-point/-/is-fullwidth-code-point-3.0.0.tgz 199ms (cache miss)
353 http fetch GET 200 https://registry.npmjs.org/decamelize/-/decamelize-1.2.0.tgz 199ms (cache miss)
354 http fetch GET 200 https://registry.npmjs.org/@types/qrcode/-/qrcode-1.5.6.tgz 201ms (cache miss)
355 http fetch GET 200 https://registry.npmjs.org/qrcode/-/qrcode-1.5.4.tgz 205ms (cache miss)
356 http fetch GET 200 https://registry.npmjs.org/yargs/-/yargs-15.4.1.tgz 216ms (cache miss)
357 http fetch GET 200 https://registry.npmjs.org/pngjs/-/pngjs-5.0.0.tgz 212ms (cache miss)
358 http fetch GET 200 https://registry.npmjs.org/string-width/-/string-width-4.2.3.tgz 216ms (cache miss)
359 http fetch GET 200 https://registry.npmjs.org/locate-path/-/locate-path-5.0.0.tgz 222ms (cache miss)
360 http fetch GET 200 https://registry.npmjs.org/p-locate/-/p-locate-4.1.0.tgz 221ms (cache miss)
361 http fetch GET 200 https://registry.npmjs.org/string-width/-/string-width-4.2.3.tgz 221ms (cache miss)
362 http fetch GET 200 https://registry.npmjs.org/p-limit/-/p-limit-2.3.0.tgz 223ms (cache miss)
363 http fetch GET 200 https://registry.npmjs.org/wrap-ansi/-/wrap-ansi-6.2.0.tgz 226ms (cache miss)
364 http fetch GET 200 https://registry.npmjs.org/jsonwebtoken/-/jsonwebtoken-9.0.3.tgz 231ms (cache miss)
365 http fetch GET 200 https://registry.npmjs.org/@types/jsonwebtoken/-/jsonwebtoken-9.0.10.tgz 230ms (cache miss)
366 http fetch GET 200 https://registry.npmjs.org/find-up/-/find-up-4.1.0.tgz 229ms (cache miss)
367 http fetch GET 200 https://registry.npmjs.org/emoji-regex/-/emoji-regex-8.0.0.tgz 282ms (cache miss)
368 http fetch GET 200 https://registry.npmjs.org/esbuild 166ms (cache updated)
369 silly packumentCache corgi:https://registry.npmjs.org/esbuild set size:undefined disposed:false
370 http fetch GET 200 https://registry.npmjs.org/next 1123ms (cache miss)
371 silly packumentCache corgi:https://registry.npmjs.org/next set size:undefined disposed:false
372 silly packumentCache corgi:https://registry.npmjs.org/vite cache-miss
373 http fetch GET 200 https://registry.npmjs.org/vite 247ms (cache updated)
374 silly packumentCache corgi:https://registry.npmjs.org/vite set size:undefined disposed:false
375 silly packumentCache corgi:https://registry.npmjs.org/next-auth cache-miss
376 http fetch GET 200 https://registry.npmjs.org/next-auth 161ms (cache miss)
377 silly packumentCache corgi:https://registry.npmjs.org/next-auth set size:undefined disposed:false
378 silly packumentCache corgi:https://registry.npmjs.org/@vitejs%2fplugin-react cache-miss
379 silly packumentCache corgi:https://registry.npmjs.org/vite-node cache-miss
380 silly packumentCache corgi:https://registry.npmjs.org/vitest cache-miss
381 http fetch GET 200 https://registry.npmjs.org/vite-node 57ms (cache revalidated)
382 silly packumentCache corgi:https://registry.npmjs.org/vite-node set size:451021 disposed:false
383 http fetch GET 200 https://registry.npmjs.org/@vitejs%2fplugin-react 138ms (cache miss)
384 silly packumentCache corgi:https://registry.npmjs.org/@vitejs%2fplugin-react set size:undefined disposed:false
385 http fetch GET 200 https://registry.npmjs.org/vitest 170ms (cache updated)
386 silly packumentCache corgi:https://registry.npmjs.org/vitest set size:undefined disposed:false
387 silly ADD node_modules/p-try
388 silly ADD node_modules/camelcase
389 silly ADD node_modules/yargs-parser
390 silly ADD node_modules/y18n
391 silly ADD node_modules/which-module
392 silly ADD node_modules/set-blocking
393 silly ADD node_modules/require-main-filename
394 silly ADD node_modules/require-directory
395 silly ADD node_modules/get-caller-file
396 silly ADD node_modules/decamelize
397 silly ADD node_modules/cliui
398 silly ADD node_modules/cliui/node_modules/is-fullwidth-code-point
399 silly ADD node_modules/cliui/node_modules/emoji-regex
400 silly ADD node_modules/cliui/node_modules/wrap-ansi
401 silly ADD node_modules/cliui/node_modules/string-width
402 silly ADD node_modules/yargs
403 silly ADD node_modules/yargs/node_modules/is-fullwidth-code-point
404 silly ADD node_modules/yargs/node_modules/emoji-regex
405 silly ADD node_modules/yargs/node_modules/p-limit
406 silly ADD node_modules/yargs/node_modules/p-locate
407 silly ADD node_modules/yargs/node_modules/locate-path
408 silly ADD node_modules/yargs/node_modules/string-width
409 silly ADD node_modules/yargs/node_modules/find-up
410 silly ADD node_modules/pngjs
411 silly ADD node_modules/dijkstrajs
412 silly ADD node_modules/ecdsa-sig-formatter
413 silly ADD node_modules/buffer-equal-constant-time
414 silly ADD node_modules/safe-buffer
415 silly ADD node_modules/jwa
416 silly ADD node_modules/lodash.once
417 silly ADD node_modules/lodash.isstring
418 silly ADD node_modules/lodash.isplainobject
419 silly ADD node_modules/lodash.isnumber
420 silly ADD node_modules/lodash.isinteger
421 silly ADD node_modules/lodash.isboolean
422 silly ADD node_modules/lodash.includes
423 silly ADD node_modules/jws
424 silly ADD node_modules/@types/ms
425 silly ADD node_modules/qrcode
426 silly ADD node_modules/jsonwebtoken
427 silly ADD node_modules/@types/qrcode
428 silly ADD node_modules/@types/jsonwebtoken
429 silly ADD node_modules/fsevents
430 silly ADD node_modules/vite/node_modules/fsevents
431 silly ADD node_modules/tsx/node_modules/fsevents
432 silly REMOVE node_modules/tinyglobby/node_modules/picomatch
433 silly ADD node_modules/readdirp/node_modules/picomatch
434 silly CHANGE node_modules/picomatch
435 silly ADD node_modules/micromatch/node_modules/picomatch
436 silly ADD node_modules/anymatch/node_modules/picomatch
437 verbose cwd /Users/shravankumar/Desktop/corbe
438 verbose os Darwin 24.5.0
439 verbose node v24.11.1
440 verbose npm  v11.6.2
441 notice
441 notice New minor version of npm available! 11.6.2 -> 11.7.0
441 notice Changelog: https://github.com/npm/cli/releases/tag/v11.7.0
441 notice To update run: npm install -g npm@11.7.0
441 notice  { force: true, Symbol(proc-log.meta): true }
442 verbose exit 0
443 info ok
