0 verbose cli /usr/local/bin/node /usr/local/bin/npm
1 info using npm@11.6.2
2 info using node@v24.11.1
3 silly config load:file:/usr/local/lib/node_modules/npm/npmrc
4 silly config load:file:/Users/shravankumar/Desktop/corbe/.npmrc
5 silly config load:file:/Users/shravankumar/.npmrc
6 silly config load:file:/usr/local/etc/npmrc
7 verbose title npm install resend
8 verbose argv "install" "resend" "--save" "--cache" "./.npm-cache"
9 verbose logfile logs-max:10 dir:/Users/shravankumar/Desktop/corbe/.npm-cache/_logs/2025-12-26T21_45_01_084Z-
10 verbose logfile /Users/shravankumar/Desktop/corbe/.npm-cache/_logs/2025-12-26T21_45_01_084Z-debug-0.log
11 silly logfile done cleaning log files
12 silly packumentCache heap:4496293888 maxSize:1124073472 maxEntrySize:562036736
13 silly idealTree buildDeps
14 silly fetch manifest resend@*
15 silly packumentCache full:https://registry.npmjs.org/resend cache-miss
16 http fetch GET 200 https://registry.npmjs.org/resend 282ms (cache miss)
17 silly packumentCache full:https://registry.npmjs.org/resend set size:undefined disposed:false
18 silly fetch manifest @react-email/render@*
19 silly packumentCache full:https://registry.npmjs.org/@react-email%2frender cache-miss
20 http fetch GET 200 https://registry.npmjs.org/@react-email%2frender 118ms (cache miss)
21 silly packumentCache full:https://registry.npmjs.org/@react-email%2frender set size:undefined disposed:false
22 silly fetch manifest react@^18.3.0
23 silly packumentCache full:https://registry.npmjs.org/react cache-miss
24 http fetch GET 200 https://registry.npmjs.org/react 546ms (cache updated)
25 silly packumentCache full:https://registry.npmjs.org/react set size:undefined disposed:false
26 silly fetch manifest react-dom@^18.3.0
27 silly packumentCache full:https://registry.npmjs.org/react-dom cache-miss
28 http fetch GET 200 https://registry.npmjs.org/react-dom 551ms (cache updated)
29 silly packumentCache full:https://registry.npmjs.org/react-dom set size:undefined disposed:false
30 silly placeDep ROOT resend@6.6.0 OK for: corbe@0.1.0 want: *
31 silly fetch manifest svix@1.76.1
32 silly packumentCache full:https://registry.npmjs.org/svix cache-miss
33 http fetch GET 200 https://registry.npmjs.org/svix 169ms (cache miss)
34 silly packumentCache full:https://registry.npmjs.org/svix set size:undefined disposed:false
35 silly placeDep ROOT svix@1.76.1 OK for: resend@6.6.0 want: 1.76.1
36 silly fetch manifest uuid@^10.0.0
37 silly packumentCache full:https://registry.npmjs.org/uuid cache-miss
38 silly fetch manifest @types/node@^22.7.5
39 silly packumentCache full:https://registry.npmjs.org/@types%2fnode cache-miss
40 silly fetch manifest es6-promise@^4.2.8
41 silly packumentCache full:https://registry.npmjs.org/es6-promise cache-miss
42 silly fetch manifest fast-sha256@^1.3.0
43 silly packumentCache full:https://registry.npmjs.org/fast-sha256 cache-miss
44 silly fetch manifest @stablelib/base64@^1.0.0
45 silly packumentCache full:https://registry.npmjs.org/@stablelib%2fbase64 cache-miss
46 http fetch GET 200 https://registry.npmjs.org/uuid 81ms (cache miss)
47 silly packumentCache full:https://registry.npmjs.org/uuid set size:undefined disposed:false
48 http fetch GET 200 https://registry.npmjs.org/fast-sha256 168ms (cache miss)
49 silly packumentCache full:https://registry.npmjs.org/fast-sha256 set size:undefined disposed:false
50 http fetch GET 200 https://registry.npmjs.org/es6-promise 173ms (cache miss)
51 silly packumentCache full:https://registry.npmjs.org/es6-promise set size:undefined disposed:false
52 http fetch GET 200 https://registry.npmjs.org/@stablelib%2fbase64 278ms (cache miss)
53 silly packumentCache full:https://registry.npmjs.org/@stablelib%2fbase64 set size:undefined disposed:false
54 http fetch GET 200 https://registry.npmjs.org/@types%2fnode 910ms (cache updated)
55 silly packumentCache full:https://registry.npmjs.org/@types%2fnode set size:undefined disposed:false
56 silly placeDep ROOT @stablelib/base64@1.0.1 OK for: svix@1.76.1 want: ^1.0.0
57 silly placeDep node_modules/svix @types/node@22.19.3 OK for: svix@1.76.1 want: ^22.7.5
58 silly placeDep ROOT es6-promise@4.2.8 OK for: svix@1.76.1 want: ^4.2.8
59 silly placeDep ROOT fast-sha256@1.3.0 OK for: svix@1.76.1 want: ^1.3.0
60 silly placeDep ROOT uuid@10.0.0 OK for: svix@1.76.1 want: ^10.0.0
61 silly reify moves {}
62 silly audit bulk request {
62 silly audit   '@alloc/quick-lru': [ '5.2.0' ],
62 silly audit   '@asamuzakjp/css-color': [ '3.2.0' ],
62 silly audit   'lru-cache': [ '10.4.3', '5.1.1' ],
62 silly audit   '@asamuzakjp/dom-selector': [ '2.0.2' ],
62 silly audit   '@auth/core': [ '0.41.0' ],
62 silly audit   '@babel/code-frame': [ '7.27.1' ],
62 silly audit   '@babel/compat-data': [ '7.28.5' ],
62 silly audit   '@babel/core': [ '7.28.5' ],
62 silly audit   semver: [ '6.3.1', '7.7.3' ],
62 silly audit   '@babel/generator': [ '7.28.5' ],
62 silly audit   '@babel/helper-compilation-targets': [ '7.27.2' ],
62 silly audit   '@babel/helper-globals': [ '7.28.0' ],
62 silly audit   '@babel/helper-module-imports': [ '7.27.1' ],
62 silly audit   '@babel/helper-module-transforms': [ '7.28.3' ],
62 silly audit   '@babel/helper-plugin-utils': [ '7.27.1' ],
62 silly audit   '@babel/helper-string-parser': [ '7.27.1' ],
62 silly audit   '@babel/helper-validator-identifier': [ '7.28.5' ],
62 silly audit   '@babel/helper-validator-option': [ '7.27.1' ],
62 silly audit   '@babel/helpers': [ '7.28.4' ],
62 silly audit   '@babel/parser': [ '7.28.5' ],
62 silly audit   '@babel/plugin-transform-react-jsx-self': [ '7.27.1' ],
62 silly audit   '@babel/plugin-transform-react-jsx-source': [ '7.27.1' ],
62 silly audit   '@babel/template': [ '7.27.2' ],
62 silly audit   '@babel/traverse': [ '7.28.5' ],
62 silly audit   '@babel/types': [ '7.28.5' ],
62 silly audit   '@csstools/color-helpers': [ '5.1.0' ],
62 silly audit   '@csstools/css-calc': [ '2.1.4' ],
62 silly audit   '@csstools/css-color-parser': [ '3.1.0' ],
62 silly audit   '@csstools/css-parser-algorithms': [ '3.0.5' ],
62 silly audit   '@csstools/css-tokenizer': [ '3.0.4' ],
62 silly audit   '@emnapi/core': [ '1.7.1' ],
62 silly audit   '@emnapi/runtime': [ '1.7.1' ],
62 silly audit   '@emnapi/wasi-threads': [ '1.1.0' ],
62 silly audit   '@esbuild/aix-ppc64': [ '0.27.1', '0.21.5' ],
62 silly audit   '@esbuild/android-arm': [ '0.27.1', '0.21.5' ],
62 silly audit   '@esbuild/android-arm64': [ '0.27.1', '0.21.5' ],
62 silly audit   '@esbuild/android-x64': [ '0.27.1', '0.21.5' ],
62 silly audit   '@esbuild/darwin-arm64': [ '0.27.1', '0.21.5' ],
62 silly audit   '@esbuild/darwin-x64': [ '0.27.1', '0.21.5' ],
62 silly audit   '@esbuild/freebsd-arm64': [ '0.27.1', '0.21.5' ],
62 silly audit   '@esbuild/freebsd-x64': [ '0.27.1', '0.21.5' ],
62 silly audit   '@esbuild/linux-arm': [ '0.27.1', '0.21.5' ],
62 silly audit   '@esbuild/linux-arm64': [ '0.27.1', '0.21.5' ],
62 silly audit   '@esbuild/linux-ia32': [ '0.27.1', '0.21.5' ],
62 silly audit   '@esbuild/linux-loong64': [ '0.27.1', '0.21.5' ],
62 silly audit   '@esbuild/linux-mips64el': [ '0.27.1', '0.21.5' ],
62 silly audit   '@esbuild/linux-ppc64': [ '0.27.1', '0.21.5' ],
62 silly audit   '@esbuild/linux-riscv64': [ '0.27.1', '0.21.5' ],
62 silly audit   '@esbuild/linux-s390x': [ '0.27.1', '0.21.5' ],
62 silly audit   '@esbuild/linux-x64': [ '0.27.1', '0.21.5' ],
62 silly audit   '@esbuild/netbsd-arm64': [ '0.27.1' ],
62 silly audit   '@esbuild/netbsd-x64': [ '0.27.1', '0.21.5' ],
62 silly audit   '@esbuild/openbsd-arm64': [ '0.27.1' ],
62 silly audit   '@esbuild/openbsd-x64': [ '0.27.1', '0.21.5' ],
62 silly audit   '@esbuild/openharmony-arm64': [ '0.27.1' ],
62 silly audit   '@esbuild/sunos-x64': [ '0.27.1', '0.21.5' ],
62 silly audit   '@esbuild/win32-arm64': [ '0.27.1', '0.21.5' ],
62 silly audit   '@esbuild/win32-ia32': [ '0.27.1', '0.21.5' ],
62 silly audit   '@esbuild/win32-x64': [ '0.27.1', '0.21.5' ],
62 silly audit   '@eslint-community/eslint-utils': [ '4.9.0' ],
62 silly audit   '@eslint-community/regexpp': [ '4.12.2' ],
62 silly audit   '@eslint/eslintrc': [ '2.1.4' ],
62 silly audit   'brace-expansion': [ '1.1.12', '2.0.2' ],
62 silly audit   minimatch: [ '3.1.2', '9.0.3' ],
62 silly audit   '@eslint/js': [ '8.57.1' ],
62 silly audit   '@hookform/resolvers': [ '3.10.0' ],
62 silly audit   '@humanwhocodes/config-array': [ '0.13.0' ],
62 silly audit   '@humanwhocodes/module-importer': [ '1.0.1' ],
62 silly audit   '@humanwhocodes/object-schema': [ '2.0.3' ],
62 silly audit   '@img/colour': [ '1.0.0' ],
62 silly audit   '@img/sharp-darwin-arm64': [ '0.34.5' ],
62 silly audit   '@img/sharp-darwin-x64': [ '0.34.5' ],
62 silly audit   '@img/sharp-libvips-darwin-arm64': [ '1.2.4' ],
62 silly audit   '@img/sharp-libvips-darwin-x64': [ '1.2.4' ],
62 silly audit   '@img/sharp-libvips-linux-arm': [ '1.2.4' ],
62 silly audit   '@img/sharp-libvips-linux-arm64': [ '1.2.4' ],
62 silly audit   '@img/sharp-libvips-linux-ppc64': [ '1.2.4' ],
62 silly audit   '@img/sharp-libvips-linux-riscv64': [ '1.2.4' ],
62 silly audit   '@img/sharp-libvips-linux-s390x': [ '1.2.4' ],
62 silly audit   '@img/sharp-libvips-linux-x64': [ '1.2.4' ],
62 silly audit   '@img/sharp-libvips-linuxmusl-arm64': [ '1.2.4' ],
62 silly audit   '@img/sharp-libvips-linuxmusl-x64': [ '1.2.4' ],
62 silly audit   '@img/sharp-linux-arm': [ '0.34.5' ],
62 silly audit   '@img/sharp-linux-arm64': [ '0.34.5' ],
62 silly audit   '@img/sharp-linux-ppc64': [ '0.34.5' ],
62 silly audit   '@img/sharp-linux-riscv64': [ '0.34.5' ],
62 silly audit   '@img/sharp-linux-s390x': [ '0.34.5' ],
62 silly audit   '@img/sharp-linux-x64': [ '0.34.5' ],
62 silly audit   '@img/sharp-linuxmusl-arm64': [ '0.34.5' ],
62 silly audit   '@img/sharp-linuxmusl-x64': [ '0.34.5' ],
62 silly audit   '@img/sharp-wasm32': [ '0.34.5' ],
62 silly audit   '@img/sharp-win32-arm64': [ '0.34.5' ],
62 silly audit   '@img/sharp-win32-ia32': [ '0.34.5' ],
62 silly audit   '@img/sharp-win32-x64': [ '0.34.5' ],
62 silly audit   '@jest/schemas': [ '29.6.3' ],
62 silly audit   '@jridgewell/gen-mapping': [ '0.3.13' ],
62 silly audit   '@jridgewell/remapping': [ '2.3.5' ],
62 silly audit   '@jridgewell/resolve-uri': [ '3.1.2' ],
62 silly audit   '@jridgewell/sourcemap-codec': [ '1.5.5' ],
62 silly audit   '@jridgewell/trace-mapping': [ '0.3.31' ],
62 silly audit   '@mongodb-js/saslprep': [ '1.4.0' ],
62 silly audit   '@napi-rs/wasm-runtime': [ '0.2.12' ],
62 silly audit   '@next/env': [ '15.5.7' ],
62 silly audit   '@next/eslint-plugin-next': [ '15.5.7' ],
62 silly audit   '@next/swc-darwin-arm64': [ '15.5.7' ],
62 silly audit   '@next/swc-darwin-x64': [ '15.5.7' ],
62 silly audit   '@next/swc-linux-arm64-gnu': [ '15.5.7' ],
62 silly audit   '@next/swc-linux-arm64-musl': [ '15.5.7' ],
62 silly audit   '@next/swc-linux-x64-gnu': [ '15.5.7' ],
62 silly audit   '@next/swc-linux-x64-musl': [ '15.5.7' ],
62 silly audit   '@next/swc-win32-arm64-msvc': [ '15.5.7' ],
62 silly audit   '@next/swc-win32-x64-msvc': [ '15.5.7' ],
62 silly audit   '@nodelib/fs.scandir': [ '2.1.5' ],
62 silly audit   '@nodelib/fs.stat': [ '2.0.5' ],
62 silly audit   '@nodelib/fs.walk': [ '1.2.8' ],
62 silly audit   '@nolyfill/is-core-module': [ '1.0.39' ],
62 silly audit   '@panva/hkdf': [ '1.2.1' ],
62 silly audit   '@playwright/test': [ '1.57.0' ],
62 silly audit   '@rolldown/pluginutils': [ '1.0.0-beta.27' ],
62 silly audit   '@rollup/rollup-android-arm-eabi': [ '4.53.3' ],
62 silly audit   '@rollup/rollup-android-arm64': [ '4.53.3' ],
62 silly audit   '@rollup/rollup-darwin-arm64': [ '4.53.3' ],
62 silly audit   '@rollup/rollup-darwin-x64': [ '4.53.3' ],
62 silly audit   '@rollup/rollup-freebsd-arm64': [ '4.53.3' ],
62 silly audit   '@rollup/rollup-freebsd-x64': [ '4.53.3' ],
62 silly audit   '@rollup/rollup-linux-arm-gnueabihf': [ '4.53.3' ],
62 silly audit   '@rollup/rollup-linux-arm-musleabihf': [ '4.53.3' ],
62 silly audit   '@rollup/rollup-linux-arm64-gnu': [ '4.53.3' ],
62 silly audit   '@rollup/rollup-linux-arm64-musl': [ '4.53.3' ],
62 silly audit   '@rollup/rollup-linux-loong64-gnu': [ '4.53.3' ],
62 silly audit   '@rollup/rollup-linux-ppc64-gnu': [ '4.53.3' ],
62 silly audit   '@rollup/rollup-linux-riscv64-gnu': [ '4.53.3' ],
62 silly audit   '@rollup/rollup-linux-riscv64-musl': [ '4.53.3' ],
62 silly audit   '@rollup/rollup-linux-s390x-gnu': [ '4.53.3' ],
62 silly audit   '@rollup/rollup-linux-x64-gnu': [ '4.53.3' ],
62 silly audit   '@rollup/rollup-linux-x64-musl': [ '4.53.3' ],
62 silly audit   '@rollup/rollup-openharmony-arm64': [ '4.53.3' ],
62 silly audit   '@rollup/rollup-win32-arm64-msvc': [ '4.53.3' ],
62 silly audit   '@rollup/rollup-win32-ia32-msvc': [ '4.53.3' ],
62 silly audit   '@rollup/rollup-win32-x64-gnu': [ '4.53.3' ],
62 silly audit   '@rollup/rollup-win32-x64-msvc': [ '4.53.3' ],
62 silly audit   '@rtsao/scc': [ '1.1.0' ],
62 silly audit   '@rushstack/eslint-patch': [ '1.15.0' ],
62 silly audit   '@sinclair/typebox': [ '0.27.8' ],
62 silly audit   '@swc/helpers': [ '0.5.15' ],
62 silly audit   '@tybys/wasm-util': [ '0.10.1' ],
62 silly audit   '@types/babel__core': [ '7.20.5' ],
62 silly audit   '@types/babel__generator': [ '7.27.0' ],
62 silly audit   '@types/babel__template': [ '7.4.4' ],
62 silly audit   '@types/babel__traverse': [ '7.28.0' ],
62 silly audit   '@types/bcryptjs': [ '2.4.6' ],
62 silly audit   '@types/estree': [ '1.0.8' ],
62 silly audit   '@types/json-schema': [ '7.0.15' ],
62 silly audit   '@types/json5': [ '0.0.29' ],
62 silly audit   '@types/jsonwebtoken': [ '9.0.10' ],
62 silly audit   '@types/ms': [ '2.1.0' ],
62 silly audit   '@types/node': [ '20.19.26', '22.19.3' ],
62 silly audit   '@types/prop-types': [ '15.7.15' ],
62 silly audit   '@types/qrcode': [ '1.5.6' ],
62 silly audit   '@types/react': [ '18.3.27' ],
62 silly audit   '@types/react-dom': [ '18.3.7' ],
62 silly audit   '@types/semver': [ '7.7.1' ],
62 silly audit   '@types/webidl-conversions': [ '7.0.3' ],
62 silly audit   '@types/whatwg-url': [ '11.0.5' ],
62 silly audit   '@typescript-eslint/eslint-plugin': [ '6.21.0' ],
62 silly audit   '@typescript-eslint/parser': [ '6.21.0' ],
62 silly audit   '@typescript-eslint/scope-manager': [ '6.21.0' ],
62 silly audit   '@typescript-eslint/type-utils': [ '6.21.0' ],
62 silly audit   '@typescript-eslint/types': [ '6.21.0' ],
62 silly audit   '@typescript-eslint/typescript-estree': [ '6.21.0' ],
62 silly audit   '@typescript-eslint/utils': [ '6.21.0' ],
62 silly audit   '@typescript-eslint/visitor-keys': [ '6.21.0' ],
62 silly audit   '@ungap/structured-clone': [ '1.3.0' ],
62 silly audit   '@unrs/resolver-binding-android-arm-eabi': [ '1.11.1' ],
62 silly audit   '@unrs/resolver-binding-android-arm64': [ '1.11.1' ],
62 silly audit   '@unrs/resolver-binding-darwin-arm64': [ '1.11.1' ],
62 silly audit   '@unrs/resolver-binding-darwin-x64': [ '1.11.1' ],
62 silly audit   '@unrs/resolver-binding-freebsd-x64': [ '1.11.1' ],
62 silly audit   '@unrs/resolver-binding-linux-arm-gnueabihf': [ '1.11.1' ],
62 silly audit   '@unrs/resolver-binding-linux-arm-musleabihf': [ '1.11.1' ],
62 silly audit   '@unrs/resolver-binding-linux-arm64-gnu': [ '1.11.1' ],
62 silly audit   '@unrs/resolver-binding-linux-arm64-musl': [ '1.11.1' ],
62 silly audit   '@unrs/resolver-binding-linux-ppc64-gnu': [ '1.11.1' ],
62 silly audit   '@unrs/resolver-binding-linux-riscv64-gnu': [ '1.11.1' ],
62 silly audit   '@unrs/resolver-binding-linux-riscv64-musl': [ '1.11.1' ],
62 silly audit   '@unrs/resolver-binding-linux-s390x-gnu': [ '1.11.1' ],
62 silly audit   '@unrs/resolver-binding-linux-x64-gnu': [ '1.11.1' ],
62 silly audit   '@unrs/resolver-binding-linux-x64-musl': [ '1.11.1' ],
62 silly audit   '@unrs/resolver-binding-wasm32-wasi': [ '1.11.1' ],
62 silly audit   '@unrs/resolver-binding-win32-arm64-msvc': [ '1.11.1' ],
62 silly audit   '@unrs/resolver-binding-win32-ia32-msvc': [ '1.11.1' ],
62 silly audit   '@unrs/resolver-binding-win32-x64-msvc': [ '1.11.1' ],
62 silly audit   '@vitejs/plugin-react': [ '4.7.0' ],
62 silly audit   '@vitest/expect': [ '1.6.1' ],
62 silly audit   '@vitest/runner': [ '1.6.1' ],
62 silly audit   'p-limit': [ '5.0.0', '3.1.0', '2.3.0' ],
62 silly audit   'yocto-queue': [ '1.2.2', '0.1.0' ],
62 silly audit   '@vitest/snapshot': [ '1.6.1' ],
62 silly audit   '@vitest/spy': [ '1.6.1' ],
62 silly audit   '@vitest/utils': [ '1.6.1' ],
62 silly audit   acorn: [ '8.15.0' ],
62 silly audit   'acorn-jsx': [ '5.3.2' ],
62 silly audit   'acorn-walk': [ '8.3.4' ],
62 silly audit   'agent-base': [ '7.1.4' ],
62 silly audit   ajv: [ '6.12.6' ],
62 silly audit   'ansi-escapes': [ '7.2.0' ],
62 silly audit   'ansi-regex': [ '5.0.1', '6.2.2' ],
62 silly audit   'ansi-styles': [ '4.3.0', '6.2.3', '5.2.0' ],
62 silly audit   'any-promise': [ '1.3.0' ],
62 silly audit   anymatch: [ '3.1.3' ],
62 silly audit   picomatch: [ '2.3.1', '4.0.3' ],
62 silly audit   arg: [ '5.0.2' ],
62 silly audit   argparse: [ '2.0.1' ],
62 silly audit   'aria-query': [ '5.3.2' ],
62 silly audit   'array-buffer-byte-length': [ '1.0.2' ],
62 silly audit   'array-includes': [ '3.1.9' ],
62 silly audit   'array-union': [ '2.1.0' ],
62 silly audit   'array.prototype.findlast': [ '1.2.5' ],
62 silly audit   'array.prototype.findlastindex': [ '1.2.6' ],
62 silly audit   'array.prototype.flat': [ '1.3.3' ],
62 silly audit   'array.prototype.flatmap': [ '1.3.3' ],
62 silly audit   'array.prototype.tosorted': [ '1.1.4' ],
62 silly audit   'arraybuffer.prototype.slice': [ '1.0.4' ],
62 silly audit   'assertion-error': [ '1.1.0' ],
62 silly audit   'ast-types-flow': [ '0.0.8' ],
62 silly audit   'async-function': [ '1.0.0' ],
62 silly audit   asynckit: [ '0.4.0' ],
62 silly audit   autoprefixer: [ '10.4.22' ],
62 silly audit   'available-typed-arrays': [ '1.0.7' ],
62 silly audit   'axe-core': [ '4.11.0' ],
62 silly audit   'axobject-query': [ '4.1.0' ],
62 silly audit   'balanced-match': [ '1.0.2' ],
62 silly audit   'baseline-browser-mapping': [ '2.9.5' ],
62 silly audit   bcryptjs: [ '2.4.3' ],
62 silly audit   'bidi-js': [ '1.0.3' ],
62 silly audit   'binary-extensions': [ '2.3.0' ],
62 silly audit   braces: [ '3.0.3' ],
62 silly audit   browserslist: [ '4.28.1' ],
62 silly audit   bson: [ '6.10.4' ],
62 silly audit   'buffer-equal-constant-time': [ '1.0.1' ],
62 silly audit   cac: [ '6.7.14' ],
62 silly audit   'call-bind': [ '1.0.8' ],
62 silly audit   'call-bind-apply-helpers': [ '1.0.2' ],
62 silly audit   'call-bound': [ '1.0.4' ],
62 silly audit   callsites: [ '3.1.0' ],
62 silly audit   camelcase: [ '5.3.1' ],
62 silly audit   'camelcase-css': [ '2.0.1' ],
62 silly audit   'caniuse-lite': [ '1.0.30001760' ],
62 silly audit   chai: [ '4.5.0' ],
62 silly audit   chalk: [ '4.1.2', '5.6.2' ],
62 silly audit   'check-error': [ '1.0.3' ],
62 silly audit   chokidar: [ '3.6.0' ],
62 silly audit   'glob-parent': [ '5.1.2', '6.0.2' ],
62 silly audit   'class-variance-authority': [ '0.7.1' ],
62 silly audit   'cli-cursor': [ '5.0.0' ],
62 silly audit   'cli-truncate': [ '4.0.0' ],
62 silly audit   'client-only': [ '0.0.1' ],
62 silly audit   cliui: [ '6.0.0' ],
62 silly audit   'emoji-regex': [ '8.0.0', '9.2.2', '10.6.0' ],
62 silly audit   'is-fullwidth-code-point': [ '3.0.0', '4.0.0', '5.1.0' ],
62 silly audit   'string-width': [ '4.2.3', '7.2.0' ],
62 silly audit   'wrap-ansi': [ '6.2.0', '9.0.2' ],
62 silly audit   clsx: [ '2.1.1' ],
62 silly audit   'color-convert': [ '2.0.1' ],
62 silly audit   'color-name': [ '1.1.4' ],
62 silly audit   colorette: [ '2.0.20' ],
62 silly audit   'combined-stream': [ '1.0.8' ],
62 silly audit   commander: [ '13.1.0', '4.1.1' ],
62 silly audit   'concat-map': [ '0.0.1' ],
62 silly audit   confbox: [ '0.1.8' ],
62 silly audit   'convert-source-map': [ '2.0.0' ],
62 silly audit   'cross-spawn': [ '7.0.6' ],
62 silly audit   'css-tree': [ '2.3.1' ],
62 silly audit   cssesc: [ '3.0.0' ],
62 silly audit   cssstyle: [ '4.6.0' ],
62 silly audit   'rrweb-cssom': [ '0.8.0', '0.6.0' ],
62 silly audit   csstype: [ '3.2.3' ],
62 silly audit   'damerau-levenshtein': [ '1.0.8' ],
62 silly audit   'data-urls': [ '5.0.0' ],
62 silly audit   'data-view-buffer': [ '1.0.2' ],
62 silly audit   'data-view-byte-length': [ '1.0.2' ],
62 silly audit   'data-view-byte-offset': [ '1.0.1' ],
62 silly audit   debug: [ '4.4.3', '3.2.7' ],
62 silly audit   decamelize: [ '1.2.0' ],
62 silly audit   'decimal.js': [ '10.6.0' ],
62 silly audit   'deep-eql': [ '4.1.4' ],
62 silly audit   'deep-is': [ '0.1.4' ],
62 silly audit   'define-data-property': [ '1.1.4' ],
62 silly audit   'define-properties': [ '1.2.1' ],
62 silly audit   'delayed-stream': [ '1.0.0' ],
62 silly audit   'detect-libc': [ '2.1.2' ],
62 silly audit   didyoumean: [ '1.2.2' ],
62 silly audit   'diff-sequences': [ '29.6.3' ],
62 silly audit   dijkstrajs: [ '1.0.3' ],
62 silly audit   'dir-glob': [ '3.0.1' ],
62 silly audit   dlv: [ '1.1.3' ],
62 silly audit   doctrine: [ '3.0.0', '2.1.0' ],
62 silly audit   'dunder-proto': [ '1.0.1' ],
62 silly audit   'ecdsa-sig-formatter': [ '1.0.11' ],
62 silly audit   'electron-to-chromium': [ '1.5.267' ],
62 silly audit   entities: [ '6.0.1' ],
62 silly audit   environment: [ '1.1.0' ],
62 silly audit   'es-abstract': [ '1.24.0' ],
62 silly audit   'es-define-property': [ '1.0.1' ],
62 silly audit   'es-errors': [ '1.3.0' ],
62 silly audit   'es-iterator-helpers': [ '1.2.1' ],
62 silly audit   'es-object-atoms': [ '1.1.1' ],
62 silly audit   'es-set-tostringtag': [ '2.1.0' ],
62 silly audit   'es-shim-unscopables': [ '1.1.0' ],
62 silly audit   'es-to-primitive': [ '1.3.0' ],
62 silly audit   esbuild: [ '0.27.1', '0.21.5' ],
62 silly audit   escalade: [ '3.2.0' ],
62 silly audit   'escape-string-regexp': [ '4.0.0' ],
62 silly audit   eslint: [ '8.57.1' ],
62 silly audit   'eslint-config-next': [ '15.5.7' ],
62 silly audit   'eslint-config-prettier': [ '9.1.2' ],
62 silly audit   'eslint-import-resolver-node': [ '0.3.9' ],
62 silly audit   'eslint-import-resolver-typescript': [ '3.10.1' ],
62 silly audit   'eslint-module-utils': [ '2.12.1' ],
62 silly audit   'eslint-plugin-import': [ '2.32.0' ],
62 silly audit   'eslint-plugin-jsx-a11y': [ '6.10.2' ],
62 silly audit   'eslint-plugin-react': [ '7.37.5' ],
62 silly audit   'eslint-plugin-react-hooks': [ '5.2.0' ],
62 silly audit   resolve: [ '2.0.0-next.5', '1.22.11' ],
62 silly audit   'eslint-scope': [ '7.2.2' ],
62 silly audit   'eslint-visitor-keys': [ '3.4.3' ],
62 silly audit   espree: [ '9.6.1' ],
62 silly audit   esquery: [ '1.6.0' ],
62 silly audit   esrecurse: [ '4.3.0' ],
62 silly audit   estraverse: [ '5.3.0' ],
62 silly audit   'estree-walker': [ '3.0.3' ],
62 silly audit   esutils: [ '2.0.3' ],
62 silly audit   eventemitter3: [ '5.0.1' ],
62 silly audit   execa: [ '8.0.1' ],
62 silly audit   'fast-deep-equal': [ '3.1.3' ],
62 silly audit   'fast-glob': [ '3.3.1', '3.3.3' ],
62 silly audit   'fast-json-stable-stringify': [ '2.1.0' ],
62 silly audit   'fast-levenshtein': [ '2.0.6' ],
62 silly audit   fastq: [ '1.19.1' ],
62 silly audit   fdir: [ '6.5.0' ],
62 silly audit   'file-entry-cache': [ '6.0.1' ],
62 silly audit   'fill-range': [ '7.1.1' ],
62 silly audit   'find-up': [ '5.0.0', '4.1.0' ],
62 silly audit   'flat-cache': [ '3.2.0' ],
62 silly audit   flatted: [ '3.3.3' ],
62 silly audit   'for-each': [ '0.3.5' ],
62 silly audit   'form-data': [ '4.0.5' ],
62 silly audit   'fraction.js': [ '5.3.4' ],
62 silly audit   'fs.realpath': [ '1.0.0' ],
62 silly audit   fsevents: [ '2.3.2', '2.3.3' ],
62 silly audit   'function-bind': [ '1.1.2' ],
62 silly audit   'function.prototype.name': [ '1.1.8' ],
62 silly audit   'functions-have-names': [ '1.2.3' ],
62 silly audit   'generator-function': [ '2.0.1' ],
62 silly audit   gensync: [ '1.0.0-beta.2' ],
62 silly audit   'get-caller-file': [ '2.0.5' ],
62 silly audit   'get-east-asian-width': [ '1.4.0' ],
62 silly audit   'get-func-name': [ '2.0.2' ],
62 silly audit   'get-intrinsic': [ '1.3.0' ],
62 silly audit   'get-proto': [ '1.0.1' ],
62 silly audit   'get-stream': [ '8.0.1' ],
62 silly audit   'get-symbol-description': [ '1.1.0' ],
62 silly audit   'get-tsconfig': [ '4.13.0' ],
62 silly audit   glob: [ '7.2.3' ],
62 silly audit   globals: [ '13.24.0' ],
62 silly audit   globalthis: [ '1.0.4' ],
62 silly audit   globby: [ '11.1.0' ],
62 silly audit   gopd: [ '1.2.0' ],
62 silly audit   graphemer: [ '1.4.0' ],
62 silly audit   'has-bigints': [ '1.1.0' ],
62 silly audit   'has-flag': [ '4.0.0' ],
62 silly audit   'has-property-descriptors': [ '1.0.2' ],
62 silly audit   'has-proto': [ '1.2.0' ],
62 silly audit   'has-symbols': [ '1.1.0' ],
62 silly audit   'has-tostringtag': [ '1.0.2' ],
62 silly audit   hasown: [ '2.0.2' ],
62 silly audit   'html-encoding-sniffer': [ '4.0.0' ],
62 silly audit   'http-proxy-agent': [ '7.0.2' ],
62 silly audit   'https-proxy-agent': [ '7.0.6' ],
62 silly audit   'human-signals': [ '5.0.0' ],
62 silly audit   husky: [ '8.0.3' ],
62 silly audit   'iconv-lite': [ '0.6.3' ],
62 silly audit   ignore: [ '5.3.2' ],
62 silly audit   'import-fresh': [ '3.3.1' ],
62 silly audit   imurmurhash: [ '0.1.4' ],
62 silly audit   inflight: [ '1.0.6' ],
62 silly audit   inherits: [ '2.0.4' ],
62 silly audit   'internal-slot': [ '1.1.0' ],
62 silly audit   'is-array-buffer': [ '3.0.5' ],
62 silly audit   'is-async-function': [ '2.1.1' ],
62 silly audit   'is-bigint': [ '1.1.0' ],
62 silly audit   'is-binary-path': [ '2.1.0' ],
62 silly audit   'is-boolean-object': [ '1.2.2' ],
62 silly audit   'is-bun-module': [ '2.0.0' ],
62 silly audit   'is-callable': [ '1.2.7' ],
62 silly audit   'is-core-module': [ '2.16.1' ],
62 silly audit   'is-data-view': [ '1.0.2' ],
62 silly audit   'is-date-object': [ '1.1.0' ],
62 silly audit   'is-extglob': [ '2.1.1' ],
62 silly audit   'is-finalizationregistry': [ '1.1.1' ],
62 silly audit   'is-generator-function': [ '1.1.2' ],
62 silly audit   'is-glob': [ '4.0.3' ],
62 silly audit   'is-map': [ '2.0.3' ],
62 silly audit   'is-negative-zero': [ '2.0.3' ],
62 silly audit   'is-number': [ '7.0.0' ],
62 silly audit   'is-number-object': [ '1.1.1' ],
62 silly audit   'is-path-inside': [ '3.0.3' ],
62 silly audit   'is-potential-custom-element-name': [ '1.0.1' ],
62 silly audit   'is-regex': [ '1.2.1' ],
62 silly audit   'is-set': [ '2.0.3' ],
62 silly audit   'is-shared-array-buffer': [ '1.0.4' ],
62 silly audit   'is-stream': [ '3.0.0' ],
62 silly audit   'is-string': [ '1.1.1' ],
62 silly audit   'is-symbol': [ '1.1.1' ],
62 silly audit   'is-typed-array': [ '1.1.15' ],
62 silly audit   'is-weakmap': [ '2.0.2' ],
62 silly audit   'is-weakref': [ '1.1.1' ],
62 silly audit   'is-weakset': [ '2.0.4' ],
62 silly audit   isarray: [ '2.0.5' ],
62 silly audit   isexe: [ '2.0.0' ],
62 silly audit   'iterator.prototype': [ '1.1.5' ],
62 silly audit   jiti: [ '1.21.7' ],
62 silly audit   jose: [ '6.1.3' ],
62 silly audit   'js-tokens': [ '4.0.0', '9.0.1' ],
62 silly audit   'js-yaml': [ '4.1.1' ],
62 silly audit   jsdom: [ '23.2.0' ],
62 silly audit   jsesc: [ '3.1.0' ],
62 silly audit   'json-buffer': [ '3.0.1' ],
62 silly audit   'json-schema-traverse': [ '0.4.1' ],
62 silly audit   'json-stable-stringify-without-jsonify': [ '1.0.1' ],
62 silly audit   json5: [ '2.2.3', '1.0.2' ],
62 silly audit   jsonwebtoken: [ '9.0.3' ],
62 silly audit   'jsx-ast-utils': [ '3.3.5' ],
62 silly audit   jwa: [ '2.0.1' ],
62 silly audit   jws: [ '4.0.1' ],
62 silly audit   kareem: [ '2.6.3' ],
62 silly audit   keyv: [ '4.5.4' ],
62 silly audit   'language-subtag-registry': [ '0.3.23' ],
62 silly audit   'language-tags': [ '1.0.9' ],
62 silly audit   levn: [ '0.4.1' ],
62 silly audit   lilconfig: [ '3.1.3' ],
62 silly audit   'lines-and-columns': [ '1.2.4' ],
62 silly audit   'lint-staged': [ '15.5.2' ],
62 silly audit   listr2: [ '8.3.3' ],
62 silly audit   'local-pkg': [ '0.5.1' ],
62 silly audit   'locate-path': [ '6.0.0', '5.0.0' ],
62 silly audit   'lodash.includes': [ '4.3.0' ],
62 silly audit   'lodash.isboolean': [ '3.0.3' ],
62 silly audit   'lodash.isinteger': [ '4.0.4' ],
62 silly audit   'lodash.isnumber': [ '3.0.3' ],
62 silly audit   'lodash.isplainobject': [ '4.0.6' ],
62 silly audit   'lodash.isstring': [ '4.0.1' ],
62 silly audit   'lodash.merge': [ '4.6.2' ],
62 silly audit   'lodash.once': [ '4.1.1' ],
62 silly audit   'log-update': [ '6.1.0' ],
62 silly audit   'slice-ansi': [ '7.1.2', '5.0.0' ],
62 silly audit   'strip-ansi': [ '7.1.2', '6.0.1' ],
62 silly audit   'loose-envify': [ '1.4.0' ],
62 silly audit   loupe: [ '2.3.7' ],
62 silly audit   'lucide-react': [ '0.294.0' ],
62 silly audit   'magic-string': [ '0.30.21' ],
62 silly audit   'math-intrinsics': [ '1.1.0' ],
62 silly audit   'mdn-data': [ '2.0.30' ],
62 silly audit   'memory-pager': [ '1.5.0' ],
62 silly audit   'merge-stream': [ '2.0.0' ],
62 silly audit   merge2: [ '1.4.1' ],
62 silly audit   micromatch: [ '4.0.8' ],
62 silly audit   'mime-db': [ '1.52.0' ],
62 silly audit   'mime-types': [ '2.1.35' ],
62 silly audit   'mimic-fn': [ '4.0.0' ],
62 silly audit   'mimic-function': [ '5.0.1' ],
62 silly audit   minimist: [ '1.2.8' ],
62 silly audit   mlly: [ '1.8.0' ],
62 silly audit   pathe: [ '2.0.3', '1.1.2' ],
62 silly audit   mongodb: [ '6.20.0' ],
62 silly audit   'mongodb-connection-string-url': [ '3.0.2' ],
62 silly audit   mongoose: [ '8.20.2' ],
62 silly audit   mpath: [ '0.9.0' ],
62 silly audit   mquery: [ '5.0.0' ],
62 silly audit   ms: [ '2.1.3' ],
62 silly audit   mz: [ '2.7.0' ],
62 silly audit   nanoid: [ '3.3.11' ],
62 silly audit   'napi-postinstall': [ '0.3.4' ],
62 silly audit   'natural-compare': [ '1.4.0' ],
62 silly audit   next: [ '15.5.7' ],
62 silly audit   'next-auth': [ '5.0.0-beta.30' ],
62 silly audit   postcss: [ '8.4.31', '8.5.6' ],
62 silly audit   'node-releases': [ '2.0.27' ],
62 silly audit   'normalize-path': [ '3.0.0' ],
62 silly audit   'normalize-range': [ '0.1.2' ],
62 silly audit   'npm-run-path': [ '5.3.0' ],
62 silly audit   'path-key': [ '4.0.0', '3.1.1' ],
62 silly audit   oauth4webapi: [ '3.8.3' ],
62 silly audit   'object-assign': [ '4.1.1' ],
62 silly audit   'object-hash': [ '3.0.0' ],
62 silly audit   'object-inspect': [ '1.13.4' ],
62 silly audit   'object-keys': [ '1.1.1' ],
62 silly audit   'object.assign': [ '4.1.7' ],
62 silly audit   'object.entries': [ '1.1.9' ],
62 silly audit   'object.fromentries': [ '2.0.8' ],
62 silly audit   'object.groupby': [ '1.0.3' ],
62 silly audit   'object.values': [ '1.2.1' ],
62 silly audit   once: [ '1.4.0' ],
62 silly audit   onetime: [ '6.0.0', '7.0.0' ],
62 silly audit   optionator: [ '0.9.4' ],
62 silly audit   'own-keys': [ '1.0.1' ],
62 silly audit   'p-locate': [ '5.0.0', '4.1.0' ],
62 silly audit   'p-try': [ '2.2.0' ],
62 silly audit   'parent-module': [ '1.0.1' ],
62 silly audit   parse5: [ '7.3.0' ],
62 silly audit   'path-exists': [ '4.0.0' ],
62 silly audit   'path-is-absolute': [ '1.0.1' ],
62 silly audit   'path-parse': [ '1.0.7' ],
62 silly audit   'path-type': [ '4.0.0' ],
62 silly audit   pathval: [ '1.1.1' ],
62 silly audit   picocolors: [ '1.1.1' ],
62 silly audit   pidtree: [ '0.6.0' ],
62 silly audit   pify: [ '2.3.0' ],
62 silly audit   pirates: [ '4.0.7' ],
62 silly audit   'pkg-types': [ '1.3.1' ],
62 silly audit   playwright: [ '1.57.0' ],
62 silly audit   'playwright-core': [ '1.57.0' ],
62 silly audit   pngjs: [ '5.0.0' ],
62 silly audit   'possible-typed-array-names': [ '1.1.0' ],
62 silly audit   'postcss-import': [ '15.1.0' ],
62 silly audit   'postcss-js': [ '4.1.0' ],
62 silly audit   'postcss-load-config': [ '6.0.1' ],
62 silly audit   'postcss-nested': [ '6.2.0' ],
62 silly audit   'postcss-selector-parser': [ '6.1.2' ],
62 silly audit   'postcss-value-parser': [ '4.2.0' ],
62 silly audit   preact: [ '10.24.3' ],
62 silly audit   'preact-render-to-string': [ '6.5.11' ],
62 silly audit   'prelude-ls': [ '1.2.1' ],
62 silly audit   prettier: [ '3.7.4' ],
62 silly audit   'pretty-format': [ '29.7.0' ],
62 silly audit   'react-is': [ '18.3.1', '16.13.1' ],
62 silly audit   'prop-types': [ '15.8.1' ],
62 silly audit   psl: [ '1.15.0' ],
62 silly audit   punycode: [ '2.3.1' ],
62 silly audit   qrcode: [ '1.5.4' ],
62 silly audit   querystringify: [ '2.2.0' ],
62 silly audit   'queue-microtask': [ '1.2.3' ],
62 silly audit   react: [ '18.3.1' ],
62 silly audit   'react-dom': [ '18.3.1' ],
62 silly audit   'react-hook-form': [ '7.68.0' ],
62 silly audit   'react-refresh': [ '0.17.0' ],
62 silly audit   'read-cache': [ '1.0.0' ],
62 silly audit   readdirp: [ '3.6.0' ],
62 silly audit   'reflect.getprototypeof': [ '1.0.10' ],
62 silly audit   'regexp.prototype.flags': [ '1.5.4' ],
62 silly audit   'require-directory': [ '2.1.1' ],
62 silly audit   'require-from-string': [ '2.0.2' ],
62 silly audit   'require-main-filename': [ '2.0.0' ],
62 silly audit   'requires-port': [ '1.0.0' ],
62 silly audit   'resolve-from': [ '4.0.0' ],
62 silly audit   'resolve-pkg-maps': [ '1.0.0' ],
62 silly audit   'restore-cursor': [ '5.1.0' ],
62 silly audit   reusify: [ '1.1.0' ],
62 silly audit   rfdc: [ '1.4.1' ],
62 silly audit   rimraf: [ '3.0.2' ],
62 silly audit   rollup: [ '4.53.3' ],
62 silly audit   'run-parallel': [ '1.2.0' ],
62 silly audit   'safe-array-concat': [ '1.1.3' ],
62 silly audit   'safe-buffer': [ '5.2.1' ],
62 silly audit   'safe-push-apply': [ '1.0.0' ],
62 silly audit   'safe-regex-test': [ '1.1.0' ],
62 silly audit   'safer-buffer': [ '2.1.2' ],
62 silly audit   saxes: [ '6.0.0' ],
62 silly audit   scheduler: [ '0.23.2' ],
62 silly audit   'set-blocking': [ '2.0.0' ],
62 silly audit   'set-function-length': [ '1.2.2' ],
62 silly audit   'set-function-name': [ '2.0.2' ],
62 silly audit   'set-proto': [ '1.0.0' ],
62 silly audit   sharp: [ '0.34.5' ],
62 silly audit   'shebang-command': [ '2.0.0' ],
62 silly audit   'shebang-regex': [ '3.0.0' ],
62 silly audit   'side-channel': [ '1.1.0' ],
62 silly audit   'side-channel-list': [ '1.0.0' ],
62 silly audit   'side-channel-map': [ '1.0.1' ],
62 silly audit   'side-channel-weakmap': [ '1.0.2' ],
62 silly audit   sift: [ '17.1.3' ],
62 silly audit   siginfo: [ '2.0.0' ],
62 silly audit   'signal-exit': [ '4.1.0' ],
62 silly audit   slash: [ '3.0.0' ],
62 silly audit   'source-map-js': [ '1.2.1' ],
62 silly audit   'sparse-bitfield': [ '3.0.3' ],
62 silly audit   'stable-hash': [ '0.0.5' ],
62 silly audit   stackback: [ '0.0.2' ],
62 silly audit   'std-env': [ '3.10.0' ],
62 silly audit   'stop-iteration-iterator': [ '1.1.0' ],
62 silly audit   'string-argv': [ '0.3.2' ],
62 silly audit   'string.prototype.includes': [ '2.0.1' ],
62 silly audit   'string.prototype.matchall': [ '4.0.12' ],
62 silly audit   'string.prototype.repeat': [ '1.0.0' ],
62 silly audit   'string.prototype.trim': [ '1.2.10' ],
62 silly audit   'string.prototype.trimend': [ '1.0.9' ],
62 silly audit   'string.prototype.trimstart': [ '1.0.8' ],
62 silly audit   'strip-bom': [ '3.0.0' ],
62 silly audit   'strip-final-newline': [ '3.0.0' ],
62 silly audit   'strip-json-comments': [ '3.1.1' ],
62 silly audit   'strip-literal': [ '2.1.1' ],
62 silly audit   'styled-jsx': [ '5.1.6' ],
62 silly audit   sucrase: [ '3.35.1' ],
62 silly audit   'supports-color': [ '7.2.0' ],
62 silly audit   'supports-preserve-symlinks-flag': [ '1.0.0' ],
62 silly audit   'symbol-tree': [ '3.2.4' ],
62 silly audit   'tailwind-merge': [ '2.6.0' ],
62 silly audit   tailwindcss: [ '3.4.18' ],
62 silly audit   'text-table': [ '0.2.0' ],
62 silly audit   thenify: [ '3.3.1' ],
62 silly audit   'thenify-all': [ '1.6.0' ],
62 silly audit   tinybench: [ '2.9.0' ],
62 silly audit   tinyglobby: [ '0.2.15' ],
62 silly audit   tinypool: [ '0.8.4' ],
62 silly audit   tinyspy: [ '2.2.1' ],
62 silly audit   'to-regex-range': [ '5.0.1' ],
62 silly audit   'tough-cookie': [ '4.1.4' ],
62 silly audit   tr46: [ '5.1.1' ],
62 silly audit   'ts-api-utils': [ '1.4.3' ],
62 silly audit   'ts-interface-checker': [ '0.1.13' ],
62 silly audit   'tsconfig-paths': [ '3.15.0' ],
62 silly audit   tslib: [ '2.8.1' ],
62 silly audit   tsx: [ '4.21.0' ],
62 silly audit   'type-check': [ '0.4.0' ],
62 silly audit   'type-detect': [ '4.1.0' ],
62 silly audit   'type-fest': [ '0.20.2' ],
62 silly audit   'typed-array-buffer': [ '1.0.3' ],
62 silly audit   'typed-array-byte-length': [ '1.0.3' ],
62 silly audit   'typed-array-byte-offset': [ '1.0.4' ],
62 silly audit   'typed-array-length': [ '1.0.7' ],
62 silly audit   typescript: [ '5.9.3' ],
62 silly audit   ufo: [ '1.6.1' ],
62 silly audit   'unbox-primitive': [ '1.1.0' ],
62 silly audit   'undici-types': [ '6.21.0' ],
62 silly audit   universalify: [ '0.2.0' ],
62 silly audit   'unrs-resolver': [ '1.11.1' ],
62 silly audit   'update-browserslist-db': [ '1.2.2' ],
62 silly audit   'uri-js': [ '4.4.1' ],
62 silly audit   'url-parse': [ '1.5.10' ],
62 silly audit   'util-deprecate': [ '1.0.2' ],
62 silly audit   vite: [ '5.4.21' ],
62 silly audit   'vite-node': [ '1.6.1' ],
62 silly audit   vitest: [ '1.6.1' ],
62 silly audit   'w3c-xmlserializer': [ '5.0.0' ],
62 silly audit   'webidl-conversions': [ '7.0.0' ],
62 silly audit   'whatwg-encoding': [ '3.1.1' ],
62 silly audit   'whatwg-mimetype': [ '4.0.0' ],
62 silly audit   'whatwg-url': [ '14.2.0' ],
62 silly audit   which: [ '2.0.2' ],
62 silly audit   'which-boxed-primitive': [ '1.1.1' ],
62 silly audit   'which-builtin-type': [ '1.2.1' ],
62 silly audit   'which-collection': [ '1.0.2' ],
62 silly audit   'which-module': [ '2.0.1' ],
62 silly audit   'which-typed-array': [ '1.1.19' ],
62 silly audit   'why-is-node-running': [ '2.3.0' ],
62 silly audit   'word-wrap': [ '1.2.5' ],
62 silly audit   wrappy: [ '1.0.2' ],
62 silly audit   ws: [ '8.18.3' ],
62 silly audit   'xml-name-validator': [ '5.0.0' ],
62 silly audit   xmlchars: [ '2.2.0' ],
62 silly audit   y18n: [ '4.0.3' ],
62 silly audit   yallist: [ '3.1.1' ],
62 silly audit   yaml: [ '2.8.2' ],
62 silly audit   yargs: [ '15.4.1' ],
62 silly audit   'yargs-parser': [ '18.1.3' ],
62 silly audit   zod: [ '3.25.76' ],
62 silly audit   resend: [ '6.6.0' ],
62 silly audit   svix: [ '1.76.1' ],
62 silly audit   '@stablelib/base64': [ '1.0.1' ],
62 silly audit   'es6-promise': [ '4.2.8' ],
62 silly audit   'fast-sha256': [ '1.3.0' ],
62 silly audit   uuid: [ '10.0.0' ]
62 silly audit }
63 http cache uuid@https://registry.npmjs.org/uuid/-/uuid-10.0.0.tgz 0ms (cache hit)
64 http cache es6-promise@https://registry.npmjs.org/es6-promise/-/es6-promise-4.2.8.tgz 0ms (cache hit)
65 http cache fast-sha256@https://registry.npmjs.org/fast-sha256/-/fast-sha256-1.3.0.tgz 0ms (cache hit)
66 http cache @stablelib/base64@https://registry.npmjs.org/@stablelib/base64/-/base64-1.0.1.tgz 0ms (cache hit)
67 http cache resend@https://registry.npmjs.org/resend/-/resend-6.6.0.tgz 0ms (cache hit)
68 http cache svix@https://registry.npmjs.org/svix/-/svix-1.76.1.tgz 0ms (cache hit)
69 silly tarball no local data for uuid@https://registry.npmjs.org/uuid/-/uuid-10.0.0.tgz. Extracting by manifest.
70 silly tarball no local data for fast-sha256@https://registry.npmjs.org/fast-sha256/-/fast-sha256-1.3.0.tgz. Extracting by manifest.
71 silly tarball no local data for es6-promise@https://registry.npmjs.org/es6-promise/-/es6-promise-4.2.8.tgz. Extracting by manifest.
72 silly tarball no local data for @stablelib/base64@https://registry.npmjs.org/@stablelib/base64/-/base64-1.0.1.tgz. Extracting by manifest.
73 silly tarball no local data for resend@https://registry.npmjs.org/resend/-/resend-6.6.0.tgz. Extracting by manifest.
74 silly tarball no local data for svix@https://registry.npmjs.org/svix/-/svix-1.76.1.tgz. Extracting by manifest.
75 http cache @types/node@https://registry.npmjs.org/@types/node/-/node-22.19.3.tgz 0ms (cache hit)
76 silly tarball no local data for @types/node@https://registry.npmjs.org/@types/node/-/node-22.19.3.tgz. Extracting by manifest.
77 http fetch GET 200 https://registry.npmjs.org/fast-sha256/-/fast-sha256-1.3.0.tgz 52ms (cache miss)
78 http fetch GET 200 https://registry.npmjs.org/uuid/-/uuid-10.0.0.tgz 74ms (cache miss)
79 http fetch GET 200 https://registry.npmjs.org/@stablelib/base64/-/base64-1.0.1.tgz 77ms (cache miss)
80 http fetch GET 200 https://registry.npmjs.org/es6-promise/-/es6-promise-4.2.8.tgz 106ms (cache miss)
81 http fetch POST 200 https://registry.npmjs.org/-/npm/v1/security/advisories/bulk 141ms
82 silly audit report {
82 silly audit report   esbuild: [
82 silly audit report     {
82 silly audit report       id: 1102341,
82 silly audit report       url: 'https://github.com/advisories/GHSA-67mh-4wv8-2f99',
82 silly audit report       title: 'esbuild enables any website to send any requests to the development server and read the response',
82 silly audit report       severity: 'moderate',
82 silly audit report       vulnerable_versions: '<=0.24.2',
82 silly audit report       cwe: [Array],
82 silly audit report       cvss: [Object]
82 silly audit report     }
82 silly audit report   ],
82 silly audit report   next: [
82 silly audit report     {
82 silly audit report       id: 1111376,
82 silly audit report       url: 'https://github.com/advisories/GHSA-w37m-7fhw-fmv9',
82 silly audit report       title: 'Next Server Actions Source Code Exposure ',
82 silly audit report       severity: 'moderate',
82 silly audit report       vulnerable_versions: '>=15.5.1-canary.0 <15.5.8',
82 silly audit report       cwe: [Array],
82 silly audit report       cvss: [Object]
82 silly audit report     },
82 silly audit report     {
82 silly audit report       id: 1111385,
82 silly audit report       url: 'https://github.com/advisories/GHSA-mwv6-3258-q52c',
82 silly audit report       title: 'Next Vulnerable to Denial of Service with Server Components',
82 silly audit report       severity: 'high',
82 silly audit report       vulnerable_versions: '>=15.5.1-canary.0 <15.5.8',
82 silly audit report       cwe: [Array],
82 silly audit report       cvss: [Object]
82 silly audit report     }
82 silly audit report   ]
82 silly audit report }
83 silly packumentCache corgi:https://registry.npmjs.org/esbuild cache-miss
84 silly packumentCache corgi:https://registry.npmjs.org/next cache-miss
85 http fetch GET 200 https://registry.npmjs.org/esbuild 93ms (cache revalidated)
86 silly packumentCache corgi:https://registry.npmjs.org/esbuild set size:877737 disposed:false
87 http fetch GET 200 https://registry.npmjs.org/resend/-/resend-6.6.0.tgz 238ms (cache miss)
88 http fetch GET 200 https://registry.npmjs.org/next 121ms (cache revalidated)
89 silly packumentCache corgi:https://registry.npmjs.org/next set size:23135880 disposed:false
90 silly packumentCache corgi:https://registry.npmjs.org/vite cache-miss
91 http fetch GET 200 https://registry.npmjs.org/@types/node/-/node-22.19.3.tgz 429ms (cache miss)
92 http fetch GET 200 https://registry.npmjs.org/vite 74ms (cache revalidated)
93 silly packumentCache corgi:https://registry.npmjs.org/vite set size:2154329 disposed:false
94 silly packumentCache corgi:https://registry.npmjs.org/next-auth cache-miss
95 http fetch GET 200 https://registry.npmjs.org/svix/-/svix-1.76.1.tgz 507ms (cache miss)
96 http fetch GET 200 https://registry.npmjs.org/next-auth 201ms (cache revalidated)
97 silly packumentCache corgi:https://registry.npmjs.org/next-auth set size:1811103 disposed:false
98 silly packumentCache corgi:https://registry.npmjs.org/@vitejs%2fplugin-react cache-miss
99 silly packumentCache corgi:https://registry.npmjs.org/vite-node cache-miss
100 silly packumentCache corgi:https://registry.npmjs.org/vitest cache-miss
101 http fetch GET 200 https://registry.npmjs.org/vitest 72ms (cache revalidated)
102 silly packumentCache corgi:https://registry.npmjs.org/vitest set size:1183105 disposed:false
103 http fetch GET 200 https://registry.npmjs.org/vite-node 93ms (cache revalidated)
104 silly packumentCache corgi:https://registry.npmjs.org/vite-node set size:451021 disposed:false
105 http fetch GET 200 https://registry.npmjs.org/@vitejs%2fplugin-react 98ms (cache revalidated)
106 silly packumentCache corgi:https://registry.npmjs.org/@vitejs%2fplugin-react set size:104872 disposed:false
107 silly ADD node_modules/uuid
108 silly ADD node_modules/fast-sha256
109 silly ADD node_modules/es6-promise
110 silly ADD node_modules/@stablelib/base64
111 silly ADD node_modules/svix
112 silly ADD node_modules/svix/node_modules/@types/node
113 silly ADD node_modules/resend
114 verbose cwd /Users/shravankumar/Desktop/corbe
115 verbose os Darwin 24.5.0
116 verbose node v24.11.1
117 verbose npm  v11.6.2
118 verbose exit 0
119 info ok
