0 verbose cli /usr/local/bin/node /usr/local/bin/npm
1 info using npm@11.6.2
2 info using node@v24.11.1
3 silly config load:file:/usr/local/lib/node_modules/npm/npmrc
4 silly config load:file:/Users/shravankumar/Desktop/corbe/.npmrc
5 silly config load:file:/Users/shravankumar/.npmrc
6 silly config load:file:/usr/local/etc/npmrc
7 verbose title npm install google-auth-library
8 verbose argv "install" "google-auth-library" "--save" "--cache" "./.npm-cache"
9 verbose logfile logs-max:10 dir:/Users/shravankumar/Desktop/corbe/.npm-cache/_logs/2025-12-26T21_59_00_121Z-
10 verbose logfile /Users/shravankumar/Desktop/corbe/.npm-cache/_logs/2025-12-26T21_59_00_121Z-debug-0.log
11 silly logfile done cleaning log files
12 silly packumentCache heap:4496293888 maxSize:1124073472 maxEntrySize:562036736
13 silly idealTree buildDeps
14 silly fetch manifest google-auth-library@*
15 silly packumentCache full:https://registry.npmjs.org/google-auth-library cache-miss
16 http fetch GET 200 https://registry.npmjs.org/google-auth-library 6457ms (cache miss)
17 silly packumentCache full:https://registry.npmjs.org/google-auth-library set size:undefined disposed:false
18 silly placeDep ROOT google-auth-library@10.5.0 OK for: corbe@0.1.0 want: *
19 silly fetch manifest base64-js@^1.3.0
20 silly packumentCache full:https://registry.npmjs.org/base64-js cache-miss
21 silly fetch manifest gaxios@^7.0.0
22 silly packumentCache full:https://registry.npmjs.org/gaxios cache-miss
23 silly fetch manifest gcp-metadata@^8.0.0
24 silly packumentCache full:https://registry.npmjs.org/gcp-metadata cache-miss
25 silly fetch manifest google-logging-utils@^1.0.0
26 silly packumentCache full:https://registry.npmjs.org/google-logging-utils cache-miss
27 silly fetch manifest gtoken@^8.0.0
28 silly packumentCache full:https://registry.npmjs.org/gtoken cache-miss
29 http fetch GET 200 https://registry.npmjs.org/base64-js 42ms (cache miss)
30 silly packumentCache full:https://registry.npmjs.org/base64-js set size:undefined disposed:false
31 http fetch GET 200 https://registry.npmjs.org/gcp-metadata 137ms (cache miss)
32 silly packumentCache full:https://registry.npmjs.org/gcp-metadata set size:undefined disposed:false
33 http fetch GET 200 https://registry.npmjs.org/gaxios 147ms (cache miss)
34 silly packumentCache full:https://registry.npmjs.org/gaxios set size:undefined disposed:false
35 http fetch GET 200 https://registry.npmjs.org/google-logging-utils 148ms (cache miss)
36 silly packumentCache full:https://registry.npmjs.org/google-logging-utils set size:undefined disposed:false
37 http fetch GET 200 https://registry.npmjs.org/gtoken 158ms (cache miss)
38 silly packumentCache full:https://registry.npmjs.org/gtoken set size:undefined disposed:false
39 silly placeDep ROOT base64-js@1.5.1 OK for: google-auth-library@10.5.0 want: ^1.3.0
40 silly placeDep ROOT gaxios@7.1.3 OK for: google-auth-library@10.5.0 want: ^7.0.0
41 silly placeDep ROOT gcp-metadata@8.1.2 OK for: google-auth-library@10.5.0 want: ^8.0.0
42 silly placeDep ROOT google-logging-utils@1.1.3 OK for: google-auth-library@10.5.0 want: ^1.0.0
43 silly placeDep ROOT gtoken@8.0.0 OK for: google-auth-library@10.5.0 want: ^8.0.0
44 silly fetch manifest extend@^3.0.2
45 silly packumentCache full:https://registry.npmjs.org/extend cache-miss
46 silly fetch manifest node-fetch@^3.3.2
47 silly packumentCache full:https://registry.npmjs.org/node-fetch cache-miss
48 silly fetch manifest rimraf@^5.0.1
49 silly packumentCache full:https://registry.npmjs.org/rimraf cache-miss
50 silly fetch manifest json-bigint@^1.0.0
51 silly packumentCache full:https://registry.npmjs.org/json-bigint cache-miss
52 http fetch GET 200 https://registry.npmjs.org/extend 49ms (cache miss)
53 silly packumentCache full:https://registry.npmjs.org/extend set size:undefined disposed:false
54 http fetch GET 200 https://registry.npmjs.org/rimraf 58ms (cache revalidated)
55 silly packumentCache full:https://registry.npmjs.org/rimraf set size:208943 disposed:false
56 http fetch GET 200 https://registry.npmjs.org/json-bigint 65ms (cache miss)
57 silly packumentCache full:https://registry.npmjs.org/json-bigint set size:undefined disposed:false
58 http fetch GET 200 https://registry.npmjs.org/node-fetch 72ms (cache miss)
59 silly packumentCache full:https://registry.npmjs.org/node-fetch set size:undefined disposed:false
60 silly placeDep ROOT extend@3.0.2 OK for: gaxios@7.1.3 want: ^3.0.2
61 silly placeDep ROOT node-fetch@3.3.2 OK for: gaxios@7.1.3 want: ^3.3.2
62 silly placeDep node_modules/gaxios rimraf@5.0.10 OK for: gaxios@7.1.3 want: ^5.0.1
63 silly fetch manifest data-uri-to-buffer@^4.0.0
64 silly packumentCache full:https://registry.npmjs.org/data-uri-to-buffer cache-miss
65 silly fetch manifest fetch-blob@^3.1.4
66 silly packumentCache full:https://registry.npmjs.org/fetch-blob cache-miss
67 silly fetch manifest formdata-polyfill@^4.0.10
68 silly packumentCache full:https://registry.npmjs.org/formdata-polyfill cache-miss
69 silly fetch manifest glob@^10.3.7
70 silly packumentCache full:https://registry.npmjs.org/glob cache-miss
71 http fetch GET 200 https://registry.npmjs.org/glob 46ms (cache revalidated)
72 silly packumentCache full:https://registry.npmjs.org/glob set size:415427 disposed:false
73 http fetch GET 200 https://registry.npmjs.org/data-uri-to-buffer 52ms (cache miss)
74 silly packumentCache full:https://registry.npmjs.org/data-uri-to-buffer set size:undefined disposed:false
75 http fetch GET 200 https://registry.npmjs.org/formdata-polyfill 61ms (cache miss)
76 silly packumentCache full:https://registry.npmjs.org/formdata-polyfill set size:undefined disposed:false
77 http fetch GET 200 https://registry.npmjs.org/fetch-blob 68ms (cache miss)
78 silly packumentCache full:https://registry.npmjs.org/fetch-blob set size:undefined disposed:false
79 silly placeDep ROOT json-bigint@1.0.0 OK for: gcp-metadata@8.1.2 want: ^1.0.0
80 silly fetch manifest bignumber.js@^9.0.0
81 silly packumentCache full:https://registry.npmjs.org/bignumber.js cache-miss
82 http fetch GET 200 https://registry.npmjs.org/bignumber.js 44ms (cache miss)
83 silly packumentCache full:https://registry.npmjs.org/bignumber.js set size:undefined disposed:false
84 silly placeDep ROOT bignumber.js@9.3.1 OK for: json-bigint@1.0.0 want: ^9.0.0
85 silly fetch manifest gcp-metadata@^5.2.0
86 silly packumentCache full:https://registry.npmjs.org/gcp-metadata cache-miss
87 http cache https://registry.npmjs.org/gcp-metadata 2ms (cache hit)
88 silly packumentCache full:https://registry.npmjs.org/gcp-metadata set size:191448 disposed:false
89 silly placeDep ROOT gcp-metadata@5.3.0 REPLACE for: mongodb@6.20.0 want: ^5.2.0
90 silly fetch manifest gaxios@^5.0.0
91 silly packumentCache full:https://registry.npmjs.org/gaxios cache-miss
92 http cache https://registry.npmjs.org/gaxios 2ms (cache hit)
93 silly packumentCache full:https://registry.npmjs.org/gaxios set size:341801 disposed:false
94 silly placeDep node_modules/gcp-metadata gaxios@5.1.3 OK for: gcp-metadata@5.3.0 want: ^5.0.0
95 silly fetch manifest is-stream@^2.0.0
96 silly packumentCache full:https://registry.npmjs.org/is-stream cache-miss
97 silly fetch manifest node-fetch@^2.6.9
98 silly packumentCache full:https://registry.npmjs.org/node-fetch cache-miss
99 silly fetch manifest https-proxy-agent@^5.0.0
100 silly packumentCache full:https://registry.npmjs.org/https-proxy-agent cache-miss
101 http cache https://registry.npmjs.org/node-fetch 2ms (cache hit)
102 silly packumentCache full:https://registry.npmjs.org/node-fetch set size:896010 disposed:false
103 http fetch GET 200 https://registry.npmjs.org/is-stream 43ms (cache revalidated)
104 silly packumentCache full:https://registry.npmjs.org/is-stream set size:18582 disposed:false
105 http fetch GET 200 https://registry.npmjs.org/https-proxy-agent 52ms (cache revalidated)
106 silly packumentCache full:https://registry.npmjs.org/https-proxy-agent set size:76241 disposed:false
107 silly placeDep node_modules/google-auth-library gcp-metadata@8.1.2 OK for: google-auth-library@10.5.0 want: ^8.0.0
108 silly placeDep ROOT data-uri-to-buffer@4.0.1 OK for: node-fetch@3.3.2 want: ^4.0.0
109 silly placeDep ROOT fetch-blob@3.2.0 OK for: node-fetch@3.3.2 want: ^3.1.4
110 silly placeDep ROOT formdata-polyfill@4.0.10 OK for: node-fetch@3.3.2 want: ^4.0.10
111 silly fetch manifest node-domexception@^1.0.0
112 silly packumentCache full:https://registry.npmjs.org/node-domexception cache-miss
113 silly fetch manifest web-streams-polyfill@^3.0.3
114 silly packumentCache full:https://registry.npmjs.org/web-streams-polyfill cache-miss
115 http fetch GET 200 https://registry.npmjs.org/node-domexception 53ms (cache miss)
116 silly packumentCache full:https://registry.npmjs.org/node-domexception set size:undefined disposed:false
117 http fetch GET 200 https://registry.npmjs.org/web-streams-polyfill 53ms (cache miss)
118 silly packumentCache full:https://registry.npmjs.org/web-streams-polyfill set size:undefined disposed:false
119 silly placeDep ROOT node-domexception@1.0.0 OK for: fetch-blob@3.2.0 want: ^1.0.0
120 silly placeDep ROOT web-streams-polyfill@3.3.3 OK for: fetch-blob@3.2.0 want: ^3.0.3
121 silly placeDep node_modules/gaxios glob@10.5.0 OK for: rimraf@5.0.10 want: ^10.3.7
122 silly fetch manifest minipass@^7.1.2
123 silly packumentCache full:https://registry.npmjs.org/minipass cache-miss
124 silly fetch manifest jackspeak@^3.1.2
125 silly packumentCache full:https://registry.npmjs.org/jackspeak cache-miss
126 silly fetch manifest minimatch@^9.0.4
127 silly packumentCache full:https://registry.npmjs.org/minimatch cache-miss
128 silly fetch manifest path-scurry@^1.11.1
129 silly packumentCache full:https://registry.npmjs.org/path-scurry cache-miss
130 silly fetch manifest foreground-child@^3.1.0
131 silly packumentCache full:https://registry.npmjs.org/foreground-child cache-miss
132 silly fetch manifest package-json-from-dist@^1.0.0
133 silly packumentCache full:https://registry.npmjs.org/package-json-from-dist cache-miss
134 http fetch GET 200 https://registry.npmjs.org/foreground-child 52ms (cache miss)
135 silly packumentCache full:https://registry.npmjs.org/foreground-child set size:undefined disposed:false
136 http fetch GET 200 https://registry.npmjs.org/jackspeak 81ms (cache miss)
137 silly packumentCache full:https://registry.npmjs.org/jackspeak set size:undefined disposed:false
138 http fetch GET 200 https://registry.npmjs.org/path-scurry 83ms (cache miss)
139 silly packumentCache full:https://registry.npmjs.org/path-scurry set size:undefined disposed:false
140 http fetch GET 200 https://registry.npmjs.org/minipass 96ms (cache miss)
141 silly packumentCache full:https://registry.npmjs.org/minipass set size:undefined disposed:false
142 http fetch GET 200 https://registry.npmjs.org/package-json-from-dist 99ms (cache miss)
143 silly packumentCache full:https://registry.npmjs.org/package-json-from-dist set size:undefined disposed:false
144 http fetch GET 200 https://registry.npmjs.org/minimatch 144ms (cache revalidated)
145 silly packumentCache full:https://registry.npmjs.org/minimatch set size:303959 disposed:false
146 silly placeDep ROOT foreground-child@3.3.1 OK for: glob@10.5.0 want: ^3.1.0
147 silly placeDep ROOT jackspeak@3.4.3 OK for: glob@10.5.0 want: ^3.1.2
148 silly placeDep node_modules/gaxios minimatch@9.0.5 OK for: glob@10.5.0 want: ^9.0.4
149 silly placeDep ROOT minipass@7.1.2 OK for: glob@10.5.0 want: ^7.1.2
150 silly placeDep ROOT package-json-from-dist@1.0.1 OK for: glob@10.5.0 want: ^1.0.0
151 silly placeDep ROOT path-scurry@1.11.1 OK for: glob@10.5.0 want: ^1.11.1
152 silly fetch manifest @isaacs/cliui@^8.0.2
153 silly packumentCache full:https://registry.npmjs.org/@isaacs%2fcliui cache-miss
154 silly fetch manifest @pkgjs/parseargs@^0.11.0
155 silly packumentCache full:https://registry.npmjs.org/@pkgjs%2fparseargs cache-miss
156 silly fetch manifest lru-cache@^10.2.0
157 silly packumentCache full:https://registry.npmjs.org/lru-cache cache-miss
158 http fetch GET 200 https://registry.npmjs.org/lru-cache 52ms (cache revalidated)
159 silly packumentCache full:https://registry.npmjs.org/lru-cache set size:406394 disposed:false
160 http fetch GET 200 https://registry.npmjs.org/@isaacs%2fcliui 64ms (cache miss)
161 silly packumentCache full:https://registry.npmjs.org/@isaacs%2fcliui set size:undefined disposed:false
162 http fetch GET 200 https://registry.npmjs.org/@pkgjs%2fparseargs 71ms (cache miss)
163 silly packumentCache full:https://registry.npmjs.org/@pkgjs%2fparseargs set size:undefined disposed:false
164 silly placeDep ROOT @isaacs/cliui@8.0.2 OK for: jackspeak@3.4.3 want: ^8.0.2
165 silly placeDep ROOT @pkgjs/parseargs@0.11.0 OK for: jackspeak@3.4.3 want: ^0.11.0
166 silly fetch manifest string-width@^5.1.2
167 silly packumentCache full:https://registry.npmjs.org/string-width cache-miss
168 silly fetch manifest string-width-cjs@npm:string-width@^4.2.0
169 silly packumentCache full:https://registry.npmjs.org/string-width cache-miss
170 silly fetch manifest strip-ansi@^7.0.1
171 silly packumentCache full:https://registry.npmjs.org/strip-ansi cache-miss
172 silly fetch manifest strip-ansi-cjs@npm:strip-ansi@^6.0.1
173 silly packumentCache full:https://registry.npmjs.org/strip-ansi cache-miss
174 silly fetch manifest wrap-ansi@^8.1.0
175 silly packumentCache full:https://registry.npmjs.org/wrap-ansi cache-miss
176 silly fetch manifest wrap-ansi-cjs@npm:wrap-ansi@^7.0.0
177 silly packumentCache full:https://registry.npmjs.org/wrap-ansi cache-miss
178 http fetch GET 200 https://registry.npmjs.org/wrap-ansi 49ms (cache revalidated)
179 silly packumentCache full:https://registry.npmjs.org/wrap-ansi set size:51195 disposed:false
180 http fetch GET 200 https://registry.npmjs.org/string-width 50ms (cache revalidated)
181 silly packumentCache full:https://registry.npmjs.org/string-width set size:64158 disposed:false
182 http fetch GET 200 https://registry.npmjs.org/wrap-ansi 50ms (cache revalidated)
183 silly packumentCache full:https://registry.npmjs.org/wrap-ansi set size:51195 disposed:false
184 silly packumentCache full:https://registry.npmjs.org/wrap-ansi dispose
185 http fetch GET 200 https://registry.npmjs.org/string-width 50ms (cache revalidated)
186 silly packumentCache full:https://registry.npmjs.org/string-width set size:64158 disposed:false
187 silly packumentCache full:https://registry.npmjs.org/string-width dispose
188 http fetch GET 200 https://registry.npmjs.org/strip-ansi 57ms (cache revalidated)
189 silly packumentCache full:https://registry.npmjs.org/strip-ansi set size:41855 disposed:false
190 http fetch GET 200 https://registry.npmjs.org/strip-ansi 65ms (cache revalidated)
191 silly packumentCache full:https://registry.npmjs.org/strip-ansi set size:41855 disposed:false
192 silly packumentCache full:https://registry.npmjs.org/strip-ansi dispose
193 silly placeDep node_modules/@isaacs/cliui string-width@5.1.2 OK for: @isaacs/cliui@8.0.2 want: ^5.1.2
194 silly placeDep ROOT string-width-cjs@4.2.3 OK for: @isaacs/cliui@8.0.2 want: npm:string-width@^4.2.0
195 silly placeDep node_modules/@isaacs/cliui strip-ansi@7.1.2 OK for: @isaacs/cliui@8.0.2 want: ^7.0.1
196 silly placeDep ROOT strip-ansi-cjs@6.0.1 OK for: @isaacs/cliui@8.0.2 want: npm:strip-ansi@^6.0.1
197 silly placeDep node_modules/@isaacs/cliui wrap-ansi@8.1.0 OK for: @isaacs/cliui@8.0.2 want: ^8.1.0
198 silly placeDep ROOT wrap-ansi-cjs@7.0.0 OK for: @isaacs/cliui@8.0.2 want: npm:wrap-ansi@^7.0.0
199 silly fetch manifest eastasianwidth@^0.2.0
200 silly packumentCache full:https://registry.npmjs.org/eastasianwidth cache-miss
201 silly fetch manifest emoji-regex@^8.0.0
202 silly packumentCache full:https://registry.npmjs.org/emoji-regex cache-miss
203 silly fetch manifest is-fullwidth-code-point@^3.0.0
204 silly packumentCache full:https://registry.npmjs.org/is-fullwidth-code-point cache-miss
205 silly fetch manifest ansi-regex@^6.0.1
206 silly packumentCache full:https://registry.npmjs.org/ansi-regex cache-miss
207 silly fetch manifest ansi-styles@^6.1.0
208 silly packumentCache full:https://registry.npmjs.org/ansi-styles cache-miss
209 silly fetch manifest string-width@^4.1.0
210 silly packumentCache full:https://registry.npmjs.org/string-width cache-hit
211 http fetch GET 200 https://registry.npmjs.org/is-fullwidth-code-point 110ms (cache revalidated)
212 silly packumentCache full:https://registry.npmjs.org/is-fullwidth-code-point set size:14578 disposed:false
213 http fetch GET 200 https://registry.npmjs.org/emoji-regex 111ms (cache revalidated)
214 silly packumentCache full:https://registry.npmjs.org/emoji-regex set size:89088 disposed:false
215 http fetch GET 200 https://registry.npmjs.org/ansi-styles 118ms (cache revalidated)
216 silly packumentCache full:https://registry.npmjs.org/ansi-styles set size:63233 disposed:false
217 http fetch GET 200 https://registry.npmjs.org/ansi-regex 119ms (cache revalidated)
218 silly packumentCache full:https://registry.npmjs.org/ansi-regex set size:43572 disposed:false
219 http fetch GET 200 https://registry.npmjs.org/eastasianwidth 119ms (cache miss)
220 silly packumentCache full:https://registry.npmjs.org/eastasianwidth set size:undefined disposed:false
221 silly placeDep node_modules/path-scurry lru-cache@10.4.3 OK for: path-scurry@1.11.1 want: ^10.2.0
222 silly placeDep node_modules/string-width-cjs emoji-regex@8.0.0 OK for: string-width@4.2.3 want: ^8.0.0
223 silly placeDep node_modules/string-width-cjs is-fullwidth-code-point@3.0.0 OK for: string-width@4.2.3 want: ^3.0.0
224 silly placeDep node_modules/wrap-ansi-cjs string-width@4.2.3 OK for: wrap-ansi@7.0.0 want: ^4.1.0
225 silly placeDep ROOT eastasianwidth@0.2.0 OK for: string-width@5.1.2 want: ^0.2.0
226 silly placeDep node_modules/@isaacs/cliui ansi-regex@6.2.2 OK for: strip-ansi@7.1.2 want: ^6.0.1
227 silly placeDep node_modules/@isaacs/cliui ansi-styles@6.2.3 OK for: wrap-ansi@8.1.0 want: ^6.1.0
228 silly fetch manifest encoding@^0.1.0
229 silly packumentCache full:https://registry.npmjs.org/encoding cache-miss
230 http fetch GET 200 https://registry.npmjs.org/encoding 78ms (cache miss)
231 silly packumentCache full:https://registry.npmjs.org/encoding set size:undefined disposed:false
232 silly placeDep node_modules/gcp-metadata https-proxy-agent@5.0.1 OK for: gaxios@5.1.3 want: ^5.0.0
233 silly placeDep node_modules/gcp-metadata is-stream@2.0.1 OK for: gaxios@5.1.3 want: ^2.0.0
234 silly placeDep node_modules/gcp-metadata node-fetch@2.7.0 OK for: gaxios@5.1.3 want: ^2.6.9
235 silly fetch manifest agent-base@6
236 silly packumentCache full:https://registry.npmjs.org/agent-base cache-miss
237 silly fetch manifest whatwg-url@^5.0.0
238 silly packumentCache full:https://registry.npmjs.org/whatwg-url cache-miss
239 http fetch GET 200 https://registry.npmjs.org/agent-base 76ms (cache revalidated)
240 silly packumentCache full:https://registry.npmjs.org/agent-base set size:67460 disposed:false
241 http fetch GET 200 https://registry.npmjs.org/whatwg-url 113ms (cache revalidated)
242 silly packumentCache full:https://registry.npmjs.org/whatwg-url set size:165406 disposed:false
243 silly placeDep node_modules/gcp-metadata agent-base@6.0.2 OK for: https-proxy-agent@5.0.1 want: 6
244 silly placeDep node_modules/gcp-metadata whatwg-url@5.0.0 OK for: node-fetch@2.7.0 want: ^5.0.0
245 silly fetch manifest tr46@~0.0.3
246 silly packumentCache full:https://registry.npmjs.org/tr46 cache-miss
247 silly fetch manifest webidl-conversions@^3.0.0
248 silly packumentCache full:https://registry.npmjs.org/webidl-conversions cache-miss
249 http fetch GET 200 https://registry.npmjs.org/webidl-conversions 62ms (cache revalidated)
250 silly packumentCache full:https://registry.npmjs.org/webidl-conversions set size:43893 disposed:false
251 http fetch GET 200 https://registry.npmjs.org/tr46 64ms (cache revalidated)
252 silly packumentCache full:https://registry.npmjs.org/tr46 set size:47377 disposed:false
253 silly placeDep node_modules/gcp-metadata tr46@0.0.3 OK for: whatwg-url@5.0.0 want: ~0.0.3
254 silly placeDep node_modules/gcp-metadata webidl-conversions@3.0.1 OK for: whatwg-url@5.0.0 want: ^3.0.0
255 silly placeDep node_modules/wrap-ansi-cjs emoji-regex@8.0.0 OK for: string-width@4.2.3 want: ^8.0.0
256 silly placeDep node_modules/wrap-ansi-cjs is-fullwidth-code-point@3.0.0 OK for: string-width@4.2.3 want: ^3.0.0
257 silly reify moves {}
258 silly audit bulk request {
258 silly audit   '@alloc/quick-lru': [ '5.2.0' ],
258 silly audit   '@asamuzakjp/css-color': [ '3.2.0' ],
258 silly audit   'lru-cache': [ '10.4.3', '5.1.1' ],
258 silly audit   '@asamuzakjp/dom-selector': [ '2.0.2' ],
258 silly audit   '@auth/core': [ '0.41.0' ],
258 silly audit   '@babel/code-frame': [ '7.27.1' ],
258 silly audit   '@babel/compat-data': [ '7.28.5' ],
258 silly audit   '@babel/core': [ '7.28.5' ],
258 silly audit   semver: [ '6.3.1', '7.7.3' ],
258 silly audit   '@babel/generator': [ '7.28.5' ],
258 silly audit   '@babel/helper-compilation-targets': [ '7.27.2' ],
258 silly audit   '@babel/helper-globals': [ '7.28.0' ],
258 silly audit   '@babel/helper-module-imports': [ '7.27.1' ],
258 silly audit   '@babel/helper-module-transforms': [ '7.28.3' ],
258 silly audit   '@babel/helper-plugin-utils': [ '7.27.1' ],
258 silly audit   '@babel/helper-string-parser': [ '7.27.1' ],
258 silly audit   '@babel/helper-validator-identifier': [ '7.28.5' ],
258 silly audit   '@babel/helper-validator-option': [ '7.27.1' ],
258 silly audit   '@babel/helpers': [ '7.28.4' ],
258 silly audit   '@babel/parser': [ '7.28.5' ],
258 silly audit   '@babel/plugin-transform-react-jsx-self': [ '7.27.1' ],
258 silly audit   '@babel/plugin-transform-react-jsx-source': [ '7.27.1' ],
258 silly audit   '@babel/template': [ '7.27.2' ],
258 silly audit   '@babel/traverse': [ '7.28.5' ],
258 silly audit   '@babel/types': [ '7.28.5' ],
258 silly audit   '@csstools/color-helpers': [ '5.1.0' ],
258 silly audit   '@csstools/css-calc': [ '2.1.4' ],
258 silly audit   '@csstools/css-color-parser': [ '3.1.0' ],
258 silly audit   '@csstools/css-parser-algorithms': [ '3.0.5' ],
258 silly audit   '@csstools/css-tokenizer': [ '3.0.4' ],
258 silly audit   '@emnapi/core': [ '1.7.1' ],
258 silly audit   '@emnapi/runtime': [ '1.7.1' ],
258 silly audit   '@emnapi/wasi-threads': [ '1.1.0' ],
258 silly audit   '@esbuild/aix-ppc64': [ '0.27.1', '0.21.5' ],
258 silly audit   '@esbuild/android-arm': [ '0.27.1', '0.21.5' ],
258 silly audit   '@esbuild/android-arm64': [ '0.27.1', '0.21.5' ],
258 silly audit   '@esbuild/android-x64': [ '0.27.1', '0.21.5' ],
258 silly audit   '@esbuild/darwin-arm64': [ '0.27.1', '0.21.5' ],
258 silly audit   '@esbuild/darwin-x64': [ '0.27.1', '0.21.5' ],
258 silly audit   '@esbuild/freebsd-arm64': [ '0.27.1', '0.21.5' ],
258 silly audit   '@esbuild/freebsd-x64': [ '0.27.1', '0.21.5' ],
258 silly audit   '@esbuild/linux-arm': [ '0.27.1', '0.21.5' ],
258 silly audit   '@esbuild/linux-arm64': [ '0.27.1', '0.21.5' ],
258 silly audit   '@esbuild/linux-ia32': [ '0.27.1', '0.21.5' ],
258 silly audit   '@esbuild/linux-loong64': [ '0.27.1', '0.21.5' ],
258 silly audit   '@esbuild/linux-mips64el': [ '0.27.1', '0.21.5' ],
258 silly audit   '@esbuild/linux-ppc64': [ '0.27.1', '0.21.5' ],
258 silly audit   '@esbuild/linux-riscv64': [ '0.27.1', '0.21.5' ],
258 silly audit   '@esbuild/linux-s390x': [ '0.27.1', '0.21.5' ],
258 silly audit   '@esbuild/linux-x64': [ '0.27.1', '0.21.5' ],
258 silly audit   '@esbuild/netbsd-arm64': [ '0.27.1' ],
258 silly audit   '@esbuild/netbsd-x64': [ '0.27.1', '0.21.5' ],
258 silly audit   '@esbuild/openbsd-arm64': [ '0.27.1' ],
258 silly audit   '@esbuild/openbsd-x64': [ '0.27.1', '0.21.5' ],
258 silly audit   '@esbuild/openharmony-arm64': [ '0.27.1' ],
258 silly audit   '@esbuild/sunos-x64': [ '0.27.1', '0.21.5' ],
258 silly audit   '@esbuild/win32-arm64': [ '0.27.1', '0.21.5' ],
258 silly audit   '@esbuild/win32-ia32': [ '0.27.1', '0.21.5' ],
258 silly audit   '@esbuild/win32-x64': [ '0.27.1', '0.21.5' ],
258 silly audit   '@eslint-community/eslint-utils': [ '4.9.0' ],
258 silly audit   '@eslint-community/regexpp': [ '4.12.2' ],
258 silly audit   '@eslint/eslintrc': [ '2.1.4' ],
258 silly audit   'brace-expansion': [ '1.1.12', '2.0.2' ],
258 silly audit   minimatch: [ '3.1.2', '9.0.3', '9.0.5' ],
258 silly audit   '@eslint/js': [ '8.57.1' ],
258 silly audit   '@hapi/hoek': [ '9.3.0' ],
258 silly audit   '@hapi/topo': [ '5.1.0' ],
258 silly audit   '@hookform/resolvers': [ '3.10.0' ],
258 silly audit   '@humanwhocodes/config-array': [ '0.13.0' ],
258 silly audit   '@humanwhocodes/module-importer': [ '1.0.1' ],
258 silly audit   '@humanwhocodes/object-schema': [ '2.0.3' ],
258 silly audit   '@img/colour': [ '1.0.0' ],
258 silly audit   '@img/sharp-darwin-arm64': [ '0.34.5' ],
258 silly audit   '@img/sharp-darwin-x64': [ '0.34.5' ],
258 silly audit   '@img/sharp-libvips-darwin-arm64': [ '1.2.4' ],
258 silly audit   '@img/sharp-libvips-darwin-x64': [ '1.2.4' ],
258 silly audit   '@img/sharp-libvips-linux-arm': [ '1.2.4' ],
258 silly audit   '@img/sharp-libvips-linux-arm64': [ '1.2.4' ],
258 silly audit   '@img/sharp-libvips-linux-ppc64': [ '1.2.4' ],
258 silly audit   '@img/sharp-libvips-linux-riscv64': [ '1.2.4' ],
258 silly audit   '@img/sharp-libvips-linux-s390x': [ '1.2.4' ],
258 silly audit   '@img/sharp-libvips-linux-x64': [ '1.2.4' ],
258 silly audit   '@img/sharp-libvips-linuxmusl-arm64': [ '1.2.4' ],
258 silly audit   '@img/sharp-libvips-linuxmusl-x64': [ '1.2.4' ],
258 silly audit   '@img/sharp-linux-arm': [ '0.34.5' ],
258 silly audit   '@img/sharp-linux-arm64': [ '0.34.5' ],
258 silly audit   '@img/sharp-linux-ppc64': [ '0.34.5' ],
258 silly audit   '@img/sharp-linux-riscv64': [ '0.34.5' ],
258 silly audit   '@img/sharp-linux-s390x': [ '0.34.5' ],
258 silly audit   '@img/sharp-linux-x64': [ '0.34.5' ],
258 silly audit   '@img/sharp-linuxmusl-arm64': [ '0.34.5' ],
258 silly audit   '@img/sharp-linuxmusl-x64': [ '0.34.5' ],
258 silly audit   '@img/sharp-wasm32': [ '0.34.5' ],
258 silly audit   '@img/sharp-win32-arm64': [ '0.34.5' ],
258 silly audit   '@img/sharp-win32-ia32': [ '0.34.5' ],
258 silly audit   '@img/sharp-win32-x64': [ '0.34.5' ],
258 silly audit   '@jest/schemas': [ '29.6.3' ],
258 silly audit   '@jridgewell/gen-mapping': [ '0.3.13' ],
258 silly audit   '@jridgewell/remapping': [ '2.3.5' ],
258 silly audit   '@jridgewell/resolve-uri': [ '3.1.2' ],
258 silly audit   '@jridgewell/sourcemap-codec': [ '1.5.5' ],
258 silly audit   '@jridgewell/trace-mapping': [ '0.3.31' ],
258 silly audit   '@mongodb-js/saslprep': [ '1.4.0' ],
258 silly audit   '@napi-rs/wasm-runtime': [ '0.2.12' ],
258 silly audit   '@next/env': [ '15.5.7' ],
258 silly audit   '@next/eslint-plugin-next': [ '15.5.7' ],
258 silly audit   '@next/swc-darwin-arm64': [ '15.5.7' ],
258 silly audit   '@next/swc-darwin-x64': [ '15.5.7' ],
258 silly audit   '@next/swc-linux-arm64-gnu': [ '15.5.7' ],
258 silly audit   '@next/swc-linux-arm64-musl': [ '15.5.7' ],
258 silly audit   '@next/swc-linux-x64-gnu': [ '15.5.7' ],
258 silly audit   '@next/swc-linux-x64-musl': [ '15.5.7' ],
258 silly audit   '@next/swc-win32-arm64-msvc': [ '15.5.7' ],
258 silly audit   '@next/swc-win32-x64-msvc': [ '15.5.7' ],
258 silly audit   '@nodelib/fs.scandir': [ '2.1.5' ],
258 silly audit   '@nodelib/fs.stat': [ '2.0.5' ],
258 silly audit   '@nodelib/fs.walk': [ '1.2.8' ],
258 silly audit   '@nolyfill/is-core-module': [ '1.0.39' ],
258 silly audit   '@panva/hkdf': [ '1.2.1' ],
258 silly audit   '@playwright/test': [ '1.57.0' ],
258 silly audit   '@rolldown/pluginutils': [ '1.0.0-beta.27' ],
258 silly audit   '@rollup/rollup-android-arm-eabi': [ '4.53.3' ],
258 silly audit   '@rollup/rollup-android-arm64': [ '4.53.3' ],
258 silly audit   '@rollup/rollup-darwin-arm64': [ '4.53.3' ],
258 silly audit   '@rollup/rollup-darwin-x64': [ '4.53.3' ],
258 silly audit   '@rollup/rollup-freebsd-arm64': [ '4.53.3' ],
258 silly audit   '@rollup/rollup-freebsd-x64': [ '4.53.3' ],
258 silly audit   '@rollup/rollup-linux-arm-gnueabihf': [ '4.53.3' ],
258 silly audit   '@rollup/rollup-linux-arm-musleabihf': [ '4.53.3' ],
258 silly audit   '@rollup/rollup-linux-arm64-gnu': [ '4.53.3' ],
258 silly audit   '@rollup/rollup-linux-arm64-musl': [ '4.53.3' ],
258 silly audit   '@rollup/rollup-linux-loong64-gnu': [ '4.53.3' ],
258 silly audit   '@rollup/rollup-linux-ppc64-gnu': [ '4.53.3' ],
258 silly audit   '@rollup/rollup-linux-riscv64-gnu': [ '4.53.3' ],
258 silly audit   '@rollup/rollup-linux-riscv64-musl': [ '4.53.3' ],
258 silly audit   '@rollup/rollup-linux-s390x-gnu': [ '4.53.3' ],
258 silly audit   '@rollup/rollup-linux-x64-gnu': [ '4.53.3' ],
258 silly audit   '@rollup/rollup-linux-x64-musl': [ '4.53.3' ],
258 silly audit   '@rollup/rollup-openharmony-arm64': [ '4.53.3' ],
258 silly audit   '@rollup/rollup-win32-arm64-msvc': [ '4.53.3' ],
258 silly audit   '@rollup/rollup-win32-ia32-msvc': [ '4.53.3' ],
258 silly audit   '@rollup/rollup-win32-x64-gnu': [ '4.53.3' ],
258 silly audit   '@rollup/rollup-win32-x64-msvc': [ '4.53.3' ],
258 silly audit   '@rtsao/scc': [ '1.1.0' ],
258 silly audit   '@rushstack/eslint-patch': [ '1.15.0' ],
258 silly audit   '@sideway/address': [ '4.1.5' ],
258 silly audit   '@sideway/formula': [ '3.0.1' ],
258 silly audit   '@sideway/pinpoint': [ '2.0.0' ],
258 silly audit   '@sinclair/typebox': [ '0.27.8' ],
258 silly audit   '@stablelib/base64': [ '1.0.1' ],
258 silly audit   '@swc/helpers': [ '0.5.15' ],
258 silly audit   '@tybys/wasm-util': [ '0.10.1' ],
258 silly audit   '@types/babel__core': [ '7.20.5' ],
258 silly audit   '@types/babel__generator': [ '7.27.0' ],
258 silly audit   '@types/babel__template': [ '7.4.4' ],
258 silly audit   '@types/babel__traverse': [ '7.28.0' ],
258 silly audit   '@types/bcryptjs': [ '2.4.6' ],
258 silly audit   '@types/estree': [ '1.0.8' ],
258 silly audit   '@types/json-schema': [ '7.0.15' ],
258 silly audit   '@types/json5': [ '0.0.29' ],
258 silly audit   '@types/jsonwebtoken': [ '9.0.10' ],
258 silly audit   '@types/ms': [ '2.1.0' ],
258 silly audit   '@types/node': [ '20.19.26', '22.19.3' ],
258 silly audit   '@types/prop-types': [ '15.7.15' ],
258 silly audit   '@types/qrcode': [ '1.5.6' ],
258 silly audit   '@types/react': [ '18.3.27' ],
258 silly audit   '@types/react-dom': [ '18.3.7' ],
258 silly audit   '@types/semver': [ '7.7.1' ],
258 silly audit   '@types/webidl-conversions': [ '7.0.3' ],
258 silly audit   '@types/whatwg-url': [ '11.0.5' ],
258 silly audit   '@typescript-eslint/eslint-plugin': [ '6.21.0' ],
258 silly audit   '@typescript-eslint/parser': [ '6.21.0' ],
258 silly audit   '@typescript-eslint/scope-manager': [ '6.21.0' ],
258 silly audit   '@typescript-eslint/type-utils': [ '6.21.0' ],
258 silly audit   '@typescript-eslint/types': [ '6.21.0' ],
258 silly audit   '@typescript-eslint/typescript-estree': [ '6.21.0' ],
258 silly audit   '@typescript-eslint/utils': [ '6.21.0' ],
258 silly audit   '@typescript-eslint/visitor-keys': [ '6.21.0' ],
258 silly audit   '@ungap/structured-clone': [ '1.3.0' ],
258 silly audit   '@unrs/resolver-binding-android-arm-eabi': [ '1.11.1' ],
258 silly audit   '@unrs/resolver-binding-android-arm64': [ '1.11.1' ],
258 silly audit   '@unrs/resolver-binding-darwin-arm64': [ '1.11.1' ],
258 silly audit   '@unrs/resolver-binding-darwin-x64': [ '1.11.1' ],
258 silly audit   '@unrs/resolver-binding-freebsd-x64': [ '1.11.1' ],
258 silly audit   '@unrs/resolver-binding-linux-arm-gnueabihf': [ '1.11.1' ],
258 silly audit   '@unrs/resolver-binding-linux-arm-musleabihf': [ '1.11.1' ],
258 silly audit   '@unrs/resolver-binding-linux-arm64-gnu': [ '1.11.1' ],
258 silly audit   '@unrs/resolver-binding-linux-arm64-musl': [ '1.11.1' ],
258 silly audit   '@unrs/resolver-binding-linux-ppc64-gnu': [ '1.11.1' ],
258 silly audit   '@unrs/resolver-binding-linux-riscv64-gnu': [ '1.11.1' ],
258 silly audit   '@unrs/resolver-binding-linux-riscv64-musl': [ '1.11.1' ],
258 silly audit   '@unrs/resolver-binding-linux-s390x-gnu': [ '1.11.1' ],
258 silly audit   '@unrs/resolver-binding-linux-x64-gnu': [ '1.11.1' ],
258 silly audit   '@unrs/resolver-binding-linux-x64-musl': [ '1.11.1' ],
258 silly audit   '@unrs/resolver-binding-wasm32-wasi': [ '1.11.1' ],
258 silly audit   '@unrs/resolver-binding-win32-arm64-msvc': [ '1.11.1' ],
258 silly audit   '@unrs/resolver-binding-win32-ia32-msvc': [ '1.11.1' ],
258 silly audit   '@unrs/resolver-binding-win32-x64-msvc': [ '1.11.1' ],
258 silly audit   '@vitejs/plugin-react': [ '4.7.0' ],
258 silly audit   '@vitest/expect': [ '1.6.1' ],
258 silly audit   '@vitest/runner': [ '1.6.1' ],
258 silly audit   'p-limit': [ '5.0.0', '3.1.0', '2.3.0' ],
258 silly audit   'yocto-queue': [ '1.2.2', '0.1.0' ],
258 silly audit   '@vitest/snapshot': [ '1.6.1' ],
258 silly audit   '@vitest/spy': [ '1.6.1' ],
258 silly audit   '@vitest/utils': [ '1.6.1' ],
258 silly audit   acorn: [ '8.15.0' ],
258 silly audit   'acorn-jsx': [ '5.3.2' ],
258 silly audit   'acorn-walk': [ '8.3.4' ],
258 silly audit   'agent-base': [ '7.1.4', '6.0.2' ],
258 silly audit   ajv: [ '6.12.6' ],
258 silly audit   'ansi-escapes': [ '7.2.0' ],
258 silly audit   'ansi-regex': [ '5.0.1', '6.2.2' ],
258 silly audit   'ansi-styles': [ '4.3.0', '6.2.3', '5.2.0' ],
258 silly audit   'any-promise': [ '1.3.0' ],
258 silly audit   anymatch: [ '3.1.3' ],
258 silly audit   picomatch: [ '2.3.1', '4.0.3' ],
258 silly audit   arg: [ '5.0.2' ],
258 silly audit   argparse: [ '2.0.1' ],
258 silly audit   'aria-query': [ '5.3.2' ],
258 silly audit   'array-buffer-byte-length': [ '1.0.2' ],
258 silly audit   'array-includes': [ '3.1.9' ],
258 silly audit   'array-union': [ '2.1.0' ],
258 silly audit   'array.prototype.findlast': [ '1.2.5' ],
258 silly audit   'array.prototype.findlastindex': [ '1.2.6' ],
258 silly audit   'array.prototype.flat': [ '1.3.3' ],
258 silly audit   'array.prototype.flatmap': [ '1.3.3' ],
258 silly audit   'array.prototype.tosorted': [ '1.1.4' ],
258 silly audit   'arraybuffer.prototype.slice': [ '1.0.4' ],
258 silly audit   'assertion-error': [ '1.1.0' ],
258 silly audit   'ast-types-flow': [ '0.0.8' ],
258 silly audit   'async-function': [ '1.0.0' ],
258 silly audit   asynckit: [ '0.4.0' ],
258 silly audit   autoprefixer: [ '10.4.22' ],
258 silly audit   'available-typed-arrays': [ '1.0.7' ],
258 silly audit   'axe-core': [ '4.11.0' ],
258 silly audit   'axobject-query': [ '4.1.0' ],
258 silly audit   'balanced-match': [ '1.0.2' ],
258 silly audit   'baseline-browser-mapping': [ '2.9.5' ],
258 silly audit   bcryptjs: [ '2.4.3' ],
258 silly audit   'bidi-js': [ '1.0.3' ],
258 silly audit   'binary-extensions': [ '2.3.0' ],
258 silly audit   braces: [ '3.0.3' ],
258 silly audit   browserslist: [ '4.28.1' ],
258 silly audit   bson: [ '6.10.4' ],
258 silly audit   'buffer-equal-constant-time': [ '1.0.1' ],
258 silly audit   cac: [ '6.7.14' ],
258 silly audit   'call-bind': [ '1.0.8' ],
258 silly audit   'call-bind-apply-helpers': [ '1.0.2' ],
258 silly audit   'call-bound': [ '1.0.4' ],
258 silly audit   callsites: [ '3.1.0' ],
258 silly audit   camelcase: [ '5.3.1' ],
258 silly audit   'camelcase-css': [ '2.0.1' ],
258 silly audit   'caniuse-lite': [ '1.0.30001760' ],
258 silly audit   chai: [ '4.5.0' ],
258 silly audit   chalk: [ '4.1.2', '5.6.2' ],
258 silly audit   'check-error': [ '1.0.3' ],
258 silly audit   chokidar: [ '3.6.0' ],
258 silly audit   'glob-parent': [ '5.1.2', '6.0.2' ],
258 silly audit   'class-variance-authority': [ '0.7.1' ],
258 silly audit   'cli-cursor': [ '5.0.0' ],
258 silly audit   'cli-truncate': [ '4.0.0' ],
258 silly audit   'client-only': [ '0.0.1' ],
258 silly audit   cliui: [ '6.0.0' ],
258 silly audit   'emoji-regex': [ '8.0.0', '9.2.2', '10.6.0' ],
258 silly audit   'is-fullwidth-code-point': [ '3.0.0', '4.0.0', '5.1.0' ],
258 silly audit   'string-width': [ '4.2.3', '7.2.0', '5.1.2' ],
258 silly audit   'wrap-ansi': [ '6.2.0', '9.0.2', '8.1.0', '7.0.0' ],
258 silly audit   clsx: [ '2.1.1' ],
258 silly audit   'color-convert': [ '2.0.1' ],
258 silly audit   'color-name': [ '1.1.4' ],
258 silly audit   colorette: [ '2.0.20' ],
258 silly audit   'combined-stream': [ '1.0.8' ],
258 silly audit   commander: [ '13.1.0', '4.1.1' ],
258 silly audit   'concat-map': [ '0.0.1' ],
258 silly audit   confbox: [ '0.1.8' ],
258 silly audit   'convert-source-map': [ '2.0.0' ],
258 silly audit   'cross-spawn': [ '7.0.6' ],
258 silly audit   'css-tree': [ '2.3.1' ],
258 silly audit   cssesc: [ '3.0.0' ],
258 silly audit   cssstyle: [ '4.6.0' ],
258 silly audit   'rrweb-cssom': [ '0.8.0', '0.6.0' ],
258 silly audit   csstype: [ '3.2.3' ],
258 silly audit   'damerau-levenshtein': [ '1.0.8' ],
258 silly audit   'data-urls': [ '5.0.0' ],
258 silly audit   'data-view-buffer': [ '1.0.2' ],
258 silly audit   'data-view-byte-length': [ '1.0.2' ],
258 silly audit   'data-view-byte-offset': [ '1.0.1' ],
258 silly audit   debug: [ '4.4.3', '3.2.7' ],
258 silly audit   decamelize: [ '1.2.0' ],
258 silly audit   'decimal.js': [ '10.6.0' ],
258 silly audit   'deep-eql': [ '4.1.4' ],
258 silly audit   'deep-is': [ '0.1.4' ],
258 silly audit   'define-data-property': [ '1.1.4' ],
258 silly audit   'define-properties': [ '1.2.1' ],
258 silly audit   'delayed-stream': [ '1.0.0' ],
258 silly audit   'detect-libc': [ '2.1.2' ],
258 silly audit   didyoumean: [ '1.2.2' ],
258 silly audit   'diff-sequences': [ '29.6.3' ],
258 silly audit   dijkstrajs: [ '1.0.3' ],
258 silly audit   'dir-glob': [ '3.0.1' ],
258 silly audit   dlv: [ '1.1.3' ],
258 silly audit   'do-not-zip': [ '1.0.0' ],
258 silly audit   doctrine: [ '3.0.0', '2.1.0' ],
258 silly audit   'dunder-proto': [ '1.0.1' ],
258 silly audit   'ecdsa-sig-formatter': [ '1.0.11' ],
258 silly audit   'electron-to-chromium': [ '1.5.267' ],
258 silly audit   entities: [ '6.0.1' ],
258 silly audit   environment: [ '1.1.0' ],
258 silly audit   'es-abstract': [ '1.24.0' ],
258 silly audit   'es-define-property': [ '1.0.1' ],
258 silly audit   'es-errors': [ '1.3.0' ],
258 silly audit   'es-iterator-helpers': [ '1.2.1' ],
258 silly audit   'es-object-atoms': [ '1.1.1' ],
258 silly audit   'es-set-tostringtag': [ '2.1.0' ],
258 silly audit   'es-shim-unscopables': [ '1.1.0' ],
258 silly audit   'es-to-primitive': [ '1.3.0' ],
258 silly audit   'es6-promise': [ '4.2.8' ],
258 silly audit   esbuild: [ '0.27.1', '0.21.5' ],
258 silly audit   escalade: [ '3.2.0' ],
258 silly audit   'escape-string-regexp': [ '4.0.0' ],
258 silly audit   eslint: [ '8.57.1' ],
258 silly audit   'eslint-config-next': [ '15.5.7' ],
258 silly audit   'eslint-config-prettier': [ '9.1.2' ],
258 silly audit   'eslint-import-resolver-node': [ '0.3.9' ],
258 silly audit   'eslint-import-resolver-typescript': [ '3.10.1' ],
258 silly audit   'eslint-module-utils': [ '2.12.1' ],
258 silly audit   'eslint-plugin-import': [ '2.32.0' ],
258 silly audit   'eslint-plugin-jsx-a11y': [ '6.10.2' ],
258 silly audit   'eslint-plugin-react': [ '7.37.5' ],
258 silly audit   'eslint-plugin-react-hooks': [ '5.2.0' ],
258 silly audit   resolve: [ '2.0.0-next.5', '1.22.11' ],
258 silly audit   'eslint-scope': [ '7.2.2' ],
258 silly audit   'eslint-visitor-keys': [ '3.4.3' ],
258 silly audit   espree: [ '9.6.1' ],
258 silly audit   esquery: [ '1.6.0' ],
258 silly audit   esrecurse: [ '4.3.0' ],
258 silly audit   estraverse: [ '5.3.0' ],
258 silly audit   'estree-walker': [ '3.0.3' ],
258 silly audit   esutils: [ '2.0.3' ],
258 silly audit   eventemitter3: [ '5.0.1' ],
258 silly audit   execa: [ '8.0.1' ],
258 silly audit   'fast-deep-equal': [ '3.1.3' ],
258 silly audit   'fast-glob': [ '3.3.1', '3.3.3' ],
258 silly audit   'fast-json-stable-stringify': [ '2.1.0' ],
258 silly audit   'fast-levenshtein': [ '2.0.6' ],
258 silly audit   'fast-sha256': [ '1.3.0' ],
258 silly audit   fastq: [ '1.19.1' ],
258 silly audit   fdir: [ '6.5.0' ],
258 silly audit   'file-entry-cache': [ '6.0.1' ],
258 silly audit   'fill-range': [ '7.1.1' ],
258 silly audit   'find-up': [ '5.0.0', '4.1.0' ],
258 silly audit   'flat-cache': [ '3.2.0' ],
258 silly audit   flatted: [ '3.3.3' ],
258 silly audit   'for-each': [ '0.3.5' ],
258 silly audit   'form-data': [ '4.0.5' ],
258 silly audit   'fraction.js': [ '5.3.4' ],
258 silly audit   'fs.realpath': [ '1.0.0' ],
258 silly audit   fsevents: [ '2.3.2', '2.3.3' ],
258 silly audit   'function-bind': [ '1.1.2' ],
258 silly audit   'function.prototype.name': [ '1.1.8' ],
258 silly audit   'functions-have-names': [ '1.2.3' ],
258 silly audit   'generator-function': [ '2.0.1' ],
258 silly audit   gensync: [ '1.0.0-beta.2' ],
258 silly audit   'get-caller-file': [ '2.0.5' ],
258 silly audit   'get-east-asian-width': [ '1.4.0' ],
258 silly audit   'get-func-name': [ '2.0.2' ],
258 silly audit   'get-intrinsic': [ '1.3.0' ],
258 silly audit   'get-proto': [ '1.0.1' ],
258 silly audit   'get-stream': [ '8.0.1' ],
258 silly audit   'get-symbol-description': [ '1.1.0' ],
258 silly audit   'get-tsconfig': [ '4.13.0' ],
258 silly audit   glob: [ '7.2.3', '10.5.0' ],
258 silly audit   globals: [ '13.24.0' ],
258 silly audit   globalthis: [ '1.0.4' ],
258 silly audit   globby: [ '11.1.0' ],
258 silly audit   gopd: [ '1.2.0' ],
258 silly audit   graphemer: [ '1.4.0' ],
258 silly audit   'has-bigints': [ '1.1.0' ],
258 silly audit   'has-flag': [ '4.0.0' ],
258 silly audit   'has-property-descriptors': [ '1.0.2' ],
258 silly audit   'has-proto': [ '1.2.0' ],
258 silly audit   'has-symbols': [ '1.1.0' ],
258 silly audit   'has-tostringtag': [ '1.0.2' ],
258 silly audit   hasown: [ '2.0.2' ],
258 silly audit   'html-encoding-sniffer': [ '4.0.0' ],
258 silly audit   'http-proxy-agent': [ '7.0.2' ],
258 silly audit   'https-proxy-agent': [ '7.0.6', '5.0.1' ],
258 silly audit   'human-signals': [ '5.0.0' ],
258 silly audit   husky: [ '8.0.3' ],
258 silly audit   'iconv-lite': [ '0.6.3' ],
258 silly audit   ignore: [ '5.3.2' ],
258 silly audit   'import-fresh': [ '3.3.1' ],
258 silly audit   imurmurhash: [ '0.1.4' ],
258 silly audit   inflight: [ '1.0.6' ],
258 silly audit   inherits: [ '2.0.4' ],
258 silly audit   'internal-slot': [ '1.1.0' ],
258 silly audit   'is-array-buffer': [ '3.0.5' ],
258 silly audit   'is-async-function': [ '2.1.1' ],
258 silly audit   'is-bigint': [ '1.1.0' ],
258 silly audit   'is-binary-path': [ '2.1.0' ],
258 silly audit   'is-boolean-object': [ '1.2.2' ],
258 silly audit   'is-bun-module': [ '2.0.0' ],
258 silly audit   'is-callable': [ '1.2.7' ],
258 silly audit   'is-core-module': [ '2.16.1' ],
258 silly audit   'is-data-view': [ '1.0.2' ],
258 silly audit   'is-date-object': [ '1.1.0' ],
258 silly audit   'is-extglob': [ '2.1.1' ],
258 silly audit   'is-finalizationregistry': [ '1.1.1' ],
258 silly audit   'is-generator-function': [ '1.1.2' ],
258 silly audit   'is-glob': [ '4.0.3' ],
258 silly audit   'is-map': [ '2.0.3' ],
258 silly audit   'is-negative-zero': [ '2.0.3' ],
258 silly audit   'is-number': [ '7.0.0' ],
258 silly audit   'is-number-object': [ '1.1.1' ],
258 silly audit   'is-path-inside': [ '3.0.3' ],
258 silly audit   'is-potential-custom-element-name': [ '1.0.1' ],
258 silly audit   'is-regex': [ '1.2.1' ],
258 silly audit   'is-set': [ '2.0.3' ],
258 silly audit   'is-shared-array-buffer': [ '1.0.4' ],
258 silly audit   'is-stream': [ '3.0.0', '2.0.1' ],
258 silly audit   'is-string': [ '1.1.1' ],
258 silly audit   'is-symbol': [ '1.1.1' ],
258 silly audit   'is-typed-array': [ '1.1.15' ],
258 silly audit   'is-weakmap': [ '2.0.2' ],
258 silly audit   'is-weakref': [ '1.1.1' ],
258 silly audit   'is-weakset': [ '2.0.4' ],
258 silly audit   isarray: [ '2.0.5' ],
258 silly audit   isexe: [ '2.0.0' ],
258 silly audit   'iterator.prototype': [ '1.1.5' ],
258 silly audit   jiti: [ '1.21.7' ],
258 silly audit   joi: [ '17.4.2' ],
258 silly audit   jose: [ '6.1.3' ],
258 silly audit   'js-tokens': [ '4.0.0', '9.0.1' ],
258 silly audit   'js-yaml': [ '4.1.1' ],
258 silly audit   jsdom: [ '23.2.0' ],
258 silly audit   jsesc: [ '3.1.0' ],
258 silly audit   'json-buffer': [ '3.0.1' ],
258 silly audit   'json-schema-traverse': [ '0.4.1' ],
258 silly audit   'json-stable-stringify-without-jsonify': [ '1.0.1' ],
258 silly audit   json5: [ '2.2.3', '1.0.2' ],
258 silly audit   jsonwebtoken: [ '9.0.3' ],
258 silly audit   'jsx-ast-utils': [ '3.3.5' ],
258 silly audit   jwa: [ '2.0.1' ],
258 silly audit   jws: [ '4.0.1' ],
258 silly audit   kareem: [ '2.6.3' ],
258 silly audit   keyv: [ '4.5.4' ],
258 silly audit   'language-subtag-registry': [ '0.3.23' ],
258 silly audit   'language-tags': [ '1.0.9' ],
258 silly audit   levn: [ '0.4.1' ],
258 silly audit   lilconfig: [ '3.1.3' ],
258 silly audit   'lines-and-columns': [ '1.2.4' ],
258 silly audit   'lint-staged': [ '15.5.2' ],
258 silly audit   listr2: [ '8.3.3' ],
258 silly audit   'local-pkg': [ '0.5.1' ],
258 silly audit   'locate-path': [ '6.0.0', '5.0.0' ],
258 silly audit   'lodash.includes': [ '4.3.0' ],
258 silly audit   'lodash.isboolean': [ '3.0.3' ],
258 silly audit   'lodash.isinteger': [ '4.0.4' ],
258 silly audit   'lodash.isnumber': [ '3.0.3' ],
258 silly audit   'lodash.isplainobject': [ '4.0.6' ],
258 silly audit   'lodash.isstring': [ '4.0.1' ],
258 silly audit   'lodash.merge': [ '4.6.2' ],
258 silly audit   'lodash.once': [ '4.1.1' ],
258 silly audit   'log-update': [ '6.1.0' ],
258 silly audit   'slice-ansi': [ '7.1.2', '5.0.0' ],
258 silly audit   'strip-ansi': [ '7.1.2', '6.0.1' ],
258 silly audit   'loose-envify': [ '1.4.0' ],
258 silly audit   loupe: [ '2.3.7' ],
258 silly audit   'lucide-react': [ '0.294.0' ],
258 silly audit   'magic-string': [ '0.30.21' ],
258 silly audit   'math-intrinsics': [ '1.1.0' ],
258 silly audit   'mdn-data': [ '2.0.30' ],
258 silly audit   'memory-pager': [ '1.5.0' ],
258 silly audit   'merge-stream': [ '2.0.0' ],
258 silly audit   merge2: [ '1.4.1' ],
258 silly audit   micromatch: [ '4.0.8' ],
258 silly audit   'mime-db': [ '1.52.0' ],
258 silly audit   'mime-types': [ '2.1.35' ],
258 silly audit   'mimic-fn': [ '4.0.0' ],
258 silly audit   'mimic-function': [ '5.0.1' ],
258 silly audit   minimist: [ '1.2.8' ],
258 silly audit   mlly: [ '1.8.0' ],
258 silly audit   pathe: [ '2.0.3', '1.1.2' ],
258 silly audit   mongodb: [ '6.20.0' ],
258 silly audit   'mongodb-connection-string-url': [ '3.0.2' ],
258 silly audit   mongoose: [ '8.20.2' ],
258 silly audit   mpath: [ '0.9.0' ],
258 silly audit   mquery: [ '5.0.0' ],
258 silly audit   ms: [ '2.1.3' ],
258 silly audit   mz: [ '2.7.0' ],
258 silly audit   nanoid: [ '3.3.11' ],
258 silly audit   'napi-postinstall': [ '0.3.4' ],
258 silly audit   'natural-compare': [ '1.4.0' ],
258 silly audit   next: [ '15.5.7' ],
258 silly audit   'next-auth': [ '5.0.0-beta.30' ],
258 silly audit   postcss: [ '8.4.31', '8.5.6' ],
258 silly audit   'node-forge': [ '1.3.3' ],
258 silly audit   'node-releases': [ '2.0.27' ],
258 silly audit   'normalize-path': [ '3.0.0' ],
258 silly audit   'normalize-range': [ '0.1.2' ],
258 silly audit   'npm-run-path': [ '5.3.0' ],
258 silly audit   'path-key': [ '4.0.0', '3.1.1' ],
258 silly audit   oauth4webapi: [ '3.8.3' ],
258 silly audit   'object-assign': [ '4.1.1' ],
258 silly audit   'object-hash': [ '3.0.0' ],
258 silly audit   'object-inspect': [ '1.13.4' ],
258 silly audit   'object-keys': [ '1.1.1' ],
258 silly audit   'object.assign': [ '4.1.7' ],
258 silly audit   'object.entries': [ '1.1.9' ],
258 silly audit   'object.fromentries': [ '2.0.8' ],
258 silly audit   'object.groupby': [ '1.0.3' ],
258 silly audit   'object.values': [ '1.2.1' ],
258 silly audit   once: [ '1.4.0' ],
258 silly audit   onetime: [ '6.0.0', '7.0.0' ],
258 silly audit   optionator: [ '0.9.4' ],
258 silly audit   'own-keys': [ '1.0.1' ],
258 silly audit   'p-locate': [ '5.0.0', '4.1.0' ],
258 silly audit   'p-try': [ '2.2.0' ],
258 silly audit   'parent-module': [ '1.0.1' ],
258 silly audit   parse5: [ '7.3.0' ],
258 silly audit   'passkit-generator': [ '3.5.7' ],
258 silly audit   'path-exists': [ '4.0.0' ],
258 silly audit   'path-is-absolute': [ '1.0.1' ],
258 silly audit   'path-parse': [ '1.0.7' ],
258 silly audit   'path-type': [ '4.0.0' ],
258 silly audit   pathval: [ '1.1.1' ],
258 silly audit   picocolors: [ '1.1.1' ],
258 silly audit   pidtree: [ '0.6.0' ],
258 silly audit   pify: [ '2.3.0' ],
258 silly audit   pirates: [ '4.0.7' ],
258 silly audit   'pkg-types': [ '1.3.1' ],
258 silly audit   playwright: [ '1.57.0' ],
258 silly audit   'playwright-core': [ '1.57.0' ],
258 silly audit   pngjs: [ '5.0.0' ],
258 silly audit   'possible-typed-array-names': [ '1.1.0' ],
258 silly audit   'postcss-import': [ '15.1.0' ],
258 silly audit   'postcss-js': [ '4.1.0' ],
258 silly audit   'postcss-load-config': [ '6.0.1' ],
258 silly audit   'postcss-nested': [ '6.2.0' ],
258 silly audit   'postcss-selector-parser': [ '6.1.2' ],
258 silly audit   'postcss-value-parser': [ '4.2.0' ],
258 silly audit   preact: [ '10.24.3' ],
258 silly audit   'preact-render-to-string': [ '6.5.11' ],
258 silly audit   'prelude-ls': [ '1.2.1' ],
258 silly audit   prettier: [ '3.7.4' ],
258 silly audit   'pretty-format': [ '29.7.0' ],
258 silly audit   'react-is': [ '18.3.1', '16.13.1' ],
258 silly audit   'prop-types': [ '15.8.1' ],
258 silly audit   psl: [ '1.15.0' ],
258 silly audit   punycode: [ '2.3.1' ],
258 silly audit   qrcode: [ '1.5.4' ],
258 silly audit   querystringify: [ '2.2.0' ],
258 silly audit   'queue-microtask': [ '1.2.3' ],
258 silly audit   react: [ '18.3.1' ],
258 silly audit   'react-dom': [ '18.3.1' ],
258 silly audit   'react-hook-form': [ '7.68.0' ],
258 silly audit   'react-refresh': [ '0.17.0' ],
258 silly audit   'read-cache': [ '1.0.0' ],
258 silly audit   readdirp: [ '3.6.0' ],
258 silly audit   'reflect.getprototypeof': [ '1.0.10' ],
258 silly audit   'regexp.prototype.flags': [ '1.5.4' ],
258 silly audit   'require-directory': [ '2.1.1' ],
258 silly audit   'require-from-string': [ '2.0.2' ],
258 silly audit   'require-main-filename': [ '2.0.0' ],
258 silly audit   'requires-port': [ '1.0.0' ],
258 silly audit   resend: [ '6.6.0' ],
258 silly audit   'resolve-from': [ '4.0.0' ],
258 silly audit   'resolve-pkg-maps': [ '1.0.0' ],
258 silly audit   'restore-cursor': [ '5.1.0' ],
258 silly audit   reusify: [ '1.1.0' ],
258 silly audit   rfdc: [ '1.4.1' ],
258 silly audit   rimraf: [ '3.0.2', '5.0.10' ],
258 silly audit   rollup: [ '4.53.3' ],
258 silly audit   'run-parallel': [ '1.2.0' ],
258 silly audit   'safe-array-concat': [ '1.1.3' ],
258 silly audit   'safe-buffer': [ '5.2.1' ],
258 silly audit   'safe-push-apply': [ '1.0.0' ],
258 silly audit   'safe-regex-test': [ '1.1.0' ],
258 silly audit   'safer-buffer': [ '2.1.2' ],
258 silly audit   saxes: [ '6.0.0' ],
258 silly audit   scheduler: [ '0.23.2' ],
258 silly audit   'set-blocking': [ '2.0.0' ],
258 silly audit   'set-function-length': [ '1.2.2' ],
258 silly audit   'set-function-name': [ '2.0.2' ],
258 silly audit   'set-proto': [ '1.0.0' ],
258 silly audit   sharp: [ '0.34.5' ],
258 silly audit   'shebang-command': [ '2.0.0' ],
258 silly audit   'shebang-regex': [ '3.0.0' ],
258 silly audit   'side-channel': [ '1.1.0' ],
258 silly audit   'side-channel-list': [ '1.0.0' ],
258 silly audit   'side-channel-map': [ '1.0.1' ],
258 silly audit   'side-channel-weakmap': [ '1.0.2' ],
258 silly audit   sift: [ '17.1.3' ],
258 silly audit   siginfo: [ '2.0.0' ],
258 silly audit   'signal-exit': [ '4.1.0' ],
258 silly audit   slash: [ '3.0.0' ],
258 silly audit   'source-map-js': [ '1.2.1' ],
258 silly audit   'sparse-bitfield': [ '3.0.3' ],
258 silly audit   'stable-hash': [ '0.0.5' ],
258 silly audit   stackback: [ '0.0.2' ],
258 silly audit   'std-env': [ '3.10.0' ],
258 silly audit   'stop-iteration-iterator': [ '1.1.0' ],
258 silly audit   'string-argv': [ '0.3.2' ],
258 silly audit   'string.prototype.includes': [ '2.0.1' ],
258 silly audit   'string.prototype.matchall': [ '4.0.12' ],
258 silly audit   'string.prototype.repeat': [ '1.0.0' ],
258 silly audit   'string.prototype.trim': [ '1.2.10' ],
258 silly audit   'string.prototype.trimend': [ '1.0.9' ],
258 silly audit   'string.prototype.trimstart': [ '1.0.8' ],
258 silly audit   'strip-bom': [ '3.0.0' ],
258 silly audit   'strip-final-newline': [ '3.0.0' ],
258 silly audit   'strip-json-comments': [ '3.1.1' ],
258 silly audit   'strip-literal': [ '2.1.1' ],
258 silly audit   'styled-jsx': [ '5.1.6' ],
258 silly audit   sucrase: [ '3.35.1' ],
258 silly audit   'supports-color': [ '7.2.0' ],
258 silly audit   'supports-preserve-symlinks-flag': [ '1.0.0' ],
258 silly audit   svix: [ '1.76.1' ],
258 silly audit   'symbol-tree': [ '3.2.4' ],
258 silly audit   'tailwind-merge': [ '2.6.0' ],
258 silly audit   tailwindcss: [ '3.4.18' ],
258 silly audit   'text-table': [ '0.2.0' ],
258 silly audit   thenify: [ '3.3.1' ],
258 silly audit   'thenify-all': [ '1.6.0' ],
258 silly audit   tinybench: [ '2.9.0' ],
258 silly audit   tinyglobby: [ '0.2.15' ],
258 silly audit   tinypool: [ '0.8.4' ],
258 silly audit   tinyspy: [ '2.2.1' ],
258 silly audit   'to-regex-range': [ '5.0.1' ],
258 silly audit   'tough-cookie': [ '4.1.4' ],
258 silly audit   tr46: [ '5.1.1', '0.0.3' ],
258 silly audit   'ts-api-utils': [ '1.4.3' ],
258 silly audit   'ts-interface-checker': [ '0.1.13' ],
258 silly audit   'tsconfig-paths': [ '3.15.0' ],
258 silly audit   tslib: [ '2.8.1' ],
258 silly audit   tsx: [ '4.21.0' ],
258 silly audit   'type-check': [ '0.4.0' ],
258 silly audit   'type-detect': [ '4.1.0' ],
258 silly audit   'type-fest': [ '0.20.2' ],
258 silly audit   'typed-array-buffer': [ '1.0.3' ],
258 silly audit   'typed-array-byte-length': [ '1.0.3' ],
258 silly audit   'typed-array-byte-offset': [ '1.0.4' ],
258 silly audit   'typed-array-length': [ '1.0.7' ],
258 silly audit   typescript: [ '5.9.3' ],
258 silly audit   ufo: [ '1.6.1' ],
258 silly audit   'unbox-primitive': [ '1.1.0' ],
258 silly audit   'undici-types': [ '6.21.0' ],
258 silly audit   universalify: [ '0.2.0' ],
258 silly audit   'unrs-resolver': [ '1.11.1' ],
258 silly audit   'update-browserslist-db': [ '1.2.2' ],
258 silly audit   'uri-js': [ '4.4.1' ],
258 silly audit   'url-parse': [ '1.5.10' ],
258 silly audit   'util-deprecate': [ '1.0.2' ],
258 silly audit   uuid: [ '10.0.0' ],
258 silly audit   vite: [ '5.4.21' ],
258 silly audit   'vite-node': [ '1.6.1' ],
258 silly audit   vitest: [ '1.6.1' ],
258 silly audit   'w3c-xmlserializer': [ '5.0.0' ],
258 silly audit   'webidl-conversions': [ '7.0.0', '3.0.1' ],
258 silly audit   'whatwg-encoding': [ '3.1.1' ],
258 silly audit   'whatwg-mimetype': [ '4.0.0' ],
258 silly audit   'whatwg-url': [ '14.2.0', '5.0.0' ],
258 silly audit   which: [ '2.0.2' ],
258 silly audit   'which-boxed-primitive': [ '1.1.1' ],
258 silly audit   'which-builtin-type': [ '1.2.1' ],
258 silly audit   'which-collection': [ '1.0.2' ],
258 silly audit   'which-module': [ '2.0.1' ],
258 silly audit   'which-typed-array': [ '1.1.19' ],
258 silly audit   'why-is-node-running': [ '2.3.0' ],
258 silly audit   'word-wrap': [ '1.2.5' ],
258 silly audit   wrappy: [ '1.0.2' ],
258 silly audit   ws: [ '8.18.3' ],
258 silly audit   'xml-name-validator': [ '5.0.0' ],
258 silly audit   xmlchars: [ '2.2.0' ],
258 silly audit   y18n: [ '4.0.3' ],
258 silly audit   yallist: [ '3.1.1' ],
258 silly audit   yaml: [ '2.8.2' ],
258 silly audit   yargs: [ '15.4.1' ],
258 silly audit   'yargs-parser': [ '18.1.3' ],
258 silly audit   zod: [ '3.25.76' ],
258 silly audit   'google-auth-library': [ '10.5.0' ],
258 silly audit   'base64-js': [ '1.5.1' ],
258 silly audit   gaxios: [ '7.1.3', '5.1.3' ],
258 silly audit   'google-logging-utils': [ '1.1.3' ],
258 silly audit   gtoken: [ '8.0.0' ],
258 silly audit   extend: [ '3.0.2' ],
258 silly audit   'node-fetch': [ '3.3.2', '2.7.0' ],
258 silly audit   'json-bigint': [ '1.0.0' ],
258 silly audit   'bignumber.js': [ '9.3.1' ],
258 silly audit   'gcp-metadata': [ '5.3.0', '8.1.2' ],
258 silly audit   'data-uri-to-buffer': [ '4.0.1' ],
258 silly audit   'fetch-blob': [ '3.2.0' ],
258 silly audit   'formdata-polyfill': [ '4.0.10' ],
258 silly audit   'node-domexception': [ '1.0.0' ],
258 silly audit   'web-streams-polyfill': [ '3.3.3' ],
258 silly audit   'foreground-child': [ '3.3.1' ],
258 silly audit   jackspeak: [ '3.4.3' ],
258 silly audit   minipass: [ '7.1.2' ],
258 silly audit   'package-json-from-dist': [ '1.0.1' ],
258 silly audit   'path-scurry': [ '1.11.1' ],
258 silly audit   '@isaacs/cliui': [ '8.0.2' ],
258 silly audit   '@pkgjs/parseargs': [ '0.11.0' ],
258 silly audit   eastasianwidth: [ '0.2.0' ]
258 silly audit }
259 http cache string-width-cjs@https://registry.npmjs.org/string-width/-/string-width-4.2.3.tgz 0ms (cache hit)
260 http cache wrap-ansi-cjs@https://registry.npmjs.org/wrap-ansi/-/wrap-ansi-7.0.0.tgz 0ms (cache hit)
261 http cache @pkgjs/parseargs@https://registry.npmjs.org/@pkgjs/parseargs/-/parseargs-0.11.0.tgz 0ms (cache hit)
262 http cache @isaacs/cliui@https://registry.npmjs.org/@isaacs/cliui/-/cliui-8.0.2.tgz 0ms (cache hit)
263 http cache strip-ansi-cjs@https://registry.npmjs.org/strip-ansi/-/strip-ansi-6.0.1.tgz 0ms (cache hit)
264 http cache path-scurry@https://registry.npmjs.org/path-scurry/-/path-scurry-1.11.1.tgz 0ms (cache hit)
265 http cache minipass@https://registry.npmjs.org/minipass/-/minipass-7.1.2.tgz 0ms (cache hit)
266 http cache jackspeak@https://registry.npmjs.org/jackspeak/-/jackspeak-3.4.3.tgz 0ms (cache hit)
267 http cache web-streams-polyfill@https://registry.npmjs.org/web-streams-polyfill/-/web-streams-polyfill-3.3.3.tgz 0ms (cache hit)
268 http cache foreground-child@https://registry.npmjs.org/foreground-child/-/foreground-child-3.3.1.tgz 0ms (cache hit)
269 http cache node-domexception@https://registry.npmjs.org/node-domexception/-/node-domexception-1.0.0.tgz 0ms (cache hit)
270 http cache formdata-polyfill@https://registry.npmjs.org/formdata-polyfill/-/formdata-polyfill-4.0.10.tgz 0ms (cache hit)
271 http cache package-json-from-dist@https://registry.npmjs.org/package-json-from-dist/-/package-json-from-dist-1.0.1.tgz 0ms (cache hit)
272 http cache data-uri-to-buffer@https://registry.npmjs.org/data-uri-to-buffer/-/data-uri-to-buffer-4.0.1.tgz 0ms (cache hit)
273 http cache fetch-blob@https://registry.npmjs.org/fetch-blob/-/fetch-blob-3.2.0.tgz 0ms (cache hit)
274 http cache node-fetch@https://registry.npmjs.org/node-fetch/-/node-fetch-3.3.2.tgz 0ms (cache hit)
275 http cache gcp-metadata@https://registry.npmjs.org/gcp-metadata/-/gcp-metadata-5.3.0.tgz 0ms (cache hit)
276 http cache bignumber.js@https://registry.npmjs.org/bignumber.js/-/bignumber.js-9.3.1.tgz 0ms (cache hit)
277 http cache json-bigint@https://registry.npmjs.org/json-bigint/-/json-bigint-1.0.0.tgz 0ms (cache hit)
278 http cache eastasianwidth@https://registry.npmjs.org/eastasianwidth/-/eastasianwidth-0.2.0.tgz 0ms (cache hit)
279 http cache base64-js@https://registry.npmjs.org/base64-js/-/base64-js-1.5.1.tgz 0ms (cache hit)
280 http cache gaxios@https://registry.npmjs.org/gaxios/-/gaxios-7.1.3.tgz 0ms (cache hit)
281 http cache extend@https://registry.npmjs.org/extend/-/extend-3.0.2.tgz 0ms (cache hit)
282 http cache google-logging-utils@https://registry.npmjs.org/google-logging-utils/-/google-logging-utils-1.1.3.tgz 0ms (cache hit)
283 http cache emoji-regex@https://registry.npmjs.org/emoji-regex/-/emoji-regex-8.0.0.tgz 0ms (cache hit)
284 http cache string-width@https://registry.npmjs.org/string-width/-/string-width-4.2.3.tgz 0ms (cache hit)
285 http cache gtoken@https://registry.npmjs.org/gtoken/-/gtoken-8.0.0.tgz 0ms (cache hit)
286 http cache google-auth-library@https://registry.npmjs.org/google-auth-library/-/google-auth-library-10.5.0.tgz 0ms (cache hit)
287 http cache is-fullwidth-code-point@https://registry.npmjs.org/is-fullwidth-code-point/-/is-fullwidth-code-point-3.0.0.tgz 0ms (cache hit)
288 http cache emoji-regex@https://registry.npmjs.org/emoji-regex/-/emoji-regex-8.0.0.tgz 0ms (cache hit)
289 http cache strip-ansi@https://registry.npmjs.org/strip-ansi/-/strip-ansi-7.1.2.tgz 0ms (cache hit)
290 http cache wrap-ansi@https://registry.npmjs.org/wrap-ansi/-/wrap-ansi-8.1.0.tgz 0ms (cache hit)
291 http cache lru-cache@https://registry.npmjs.org/lru-cache/-/lru-cache-10.4.3.tgz 0ms (cache hit)
292 http cache string-width@https://registry.npmjs.org/string-width/-/string-width-5.1.2.tgz 0ms (cache hit)
293 http cache webidl-conversions@https://registry.npmjs.org/webidl-conversions/-/webidl-conversions-3.0.1.tgz 0ms (cache hit)
294 http cache tr46@https://registry.npmjs.org/tr46/-/tr46-0.0.3.tgz 0ms (cache hit)
295 http cache node-fetch@https://registry.npmjs.org/node-fetch/-/node-fetch-2.7.0.tgz 0ms (cache hit)
296 http cache is-fullwidth-code-point@https://registry.npmjs.org/is-fullwidth-code-point/-/is-fullwidth-code-point-3.0.0.tgz 0ms (cache hit)
297 http cache whatwg-url@https://registry.npmjs.org/whatwg-url/-/whatwg-url-5.0.0.tgz 0ms (cache hit)
298 http cache agent-base@https://registry.npmjs.org/agent-base/-/agent-base-6.0.2.tgz 0ms (cache hit)
299 http cache https-proxy-agent@https://registry.npmjs.org/https-proxy-agent/-/https-proxy-agent-5.0.1.tgz 0ms (cache hit)
300 http cache is-stream@https://registry.npmjs.org/is-stream/-/is-stream-2.0.1.tgz 0ms (cache hit)
301 http cache glob@https://registry.npmjs.org/glob/-/glob-10.5.0.tgz 0ms (cache hit)
302 http cache gaxios@https://registry.npmjs.org/gaxios/-/gaxios-5.1.3.tgz 0ms (cache hit)
303 http cache minimatch@https://registry.npmjs.org/minimatch/-/minimatch-9.0.5.tgz 0ms (cache hit)
304 http cache gcp-metadata@https://registry.npmjs.org/gcp-metadata/-/gcp-metadata-8.1.2.tgz 0ms (cache hit)
305 http cache rimraf@https://registry.npmjs.org/rimraf/-/rimraf-5.0.10.tgz 0ms (cache hit)
306 http cache ansi-regex@https://registry.npmjs.org/ansi-regex/-/ansi-regex-6.2.2.tgz 0ms (cache hit)
307 http cache ansi-styles@https://registry.npmjs.org/ansi-styles/-/ansi-styles-6.2.3.tgz 0ms (cache hit)
308 silly tarball no local data for wrap-ansi-cjs@https://registry.npmjs.org/wrap-ansi/-/wrap-ansi-7.0.0.tgz. Extracting by manifest.
309 silly tarball no local data for @pkgjs/parseargs@https://registry.npmjs.org/@pkgjs/parseargs/-/parseargs-0.11.0.tgz. Extracting by manifest.
310 silly tarball no local data for @isaacs/cliui@https://registry.npmjs.org/@isaacs/cliui/-/cliui-8.0.2.tgz. Extracting by manifest.
311 silly tarball no local data for path-scurry@https://registry.npmjs.org/path-scurry/-/path-scurry-1.11.1.tgz. Extracting by manifest.
312 silly tarball no local data for minipass@https://registry.npmjs.org/minipass/-/minipass-7.1.2.tgz. Extracting by manifest.
313 silly tarball no local data for jackspeak@https://registry.npmjs.org/jackspeak/-/jackspeak-3.4.3.tgz. Extracting by manifest.
314 silly tarball no local data for web-streams-polyfill@https://registry.npmjs.org/web-streams-polyfill/-/web-streams-polyfill-3.3.3.tgz. Extracting by manifest.
315 silly tarball no local data for foreground-child@https://registry.npmjs.org/foreground-child/-/foreground-child-3.3.1.tgz. Extracting by manifest.
316 silly tarball no local data for node-domexception@https://registry.npmjs.org/node-domexception/-/node-domexception-1.0.0.tgz. Extracting by manifest.
317 silly tarball no local data for formdata-polyfill@https://registry.npmjs.org/formdata-polyfill/-/formdata-polyfill-4.0.10.tgz. Extracting by manifest.
318 silly tarball no local data for package-json-from-dist@https://registry.npmjs.org/package-json-from-dist/-/package-json-from-dist-1.0.1.tgz. Extracting by manifest.
319 silly tarball no local data for data-uri-to-buffer@https://registry.npmjs.org/data-uri-to-buffer/-/data-uri-to-buffer-4.0.1.tgz. Extracting by manifest.
320 silly tarball no local data for fetch-blob@https://registry.npmjs.org/fetch-blob/-/fetch-blob-3.2.0.tgz. Extracting by manifest.
321 silly tarball no local data for node-fetch@https://registry.npmjs.org/node-fetch/-/node-fetch-3.3.2.tgz. Extracting by manifest.
322 silly tarball no local data for gcp-metadata@https://registry.npmjs.org/gcp-metadata/-/gcp-metadata-5.3.0.tgz. Extracting by manifest.
323 silly tarball no local data for bignumber.js@https://registry.npmjs.org/bignumber.js/-/bignumber.js-9.3.1.tgz. Extracting by manifest.
324 silly tarball no local data for json-bigint@https://registry.npmjs.org/json-bigint/-/json-bigint-1.0.0.tgz. Extracting by manifest.
325 silly tarball no local data for eastasianwidth@https://registry.npmjs.org/eastasianwidth/-/eastasianwidth-0.2.0.tgz. Extracting by manifest.
326 silly tarball no local data for base64-js@https://registry.npmjs.org/base64-js/-/base64-js-1.5.1.tgz. Extracting by manifest.
327 silly tarball no local data for gaxios@https://registry.npmjs.org/gaxios/-/gaxios-7.1.3.tgz. Extracting by manifest.
328 silly tarball no local data for extend@https://registry.npmjs.org/extend/-/extend-3.0.2.tgz. Extracting by manifest.
329 silly tarball no local data for google-logging-utils@https://registry.npmjs.org/google-logging-utils/-/google-logging-utils-1.1.3.tgz. Extracting by manifest.
330 silly tarball no local data for gtoken@https://registry.npmjs.org/gtoken/-/gtoken-8.0.0.tgz. Extracting by manifest.
331 silly tarball no local data for google-auth-library@https://registry.npmjs.org/google-auth-library/-/google-auth-library-10.5.0.tgz. Extracting by manifest.
332 silly tarball no local data for wrap-ansi@https://registry.npmjs.org/wrap-ansi/-/wrap-ansi-8.1.0.tgz. Extracting by manifest.
333 silly tarball no local data for string-width@https://registry.npmjs.org/string-width/-/string-width-5.1.2.tgz. Extracting by manifest.
334 silly tarball no local data for webidl-conversions@https://registry.npmjs.org/webidl-conversions/-/webidl-conversions-3.0.1.tgz. Extracting by manifest.
335 silly tarball no local data for tr46@https://registry.npmjs.org/tr46/-/tr46-0.0.3.tgz. Extracting by manifest.
336 silly tarball no local data for node-fetch@https://registry.npmjs.org/node-fetch/-/node-fetch-2.7.0.tgz. Extracting by manifest.
337 silly tarball no local data for whatwg-url@https://registry.npmjs.org/whatwg-url/-/whatwg-url-5.0.0.tgz. Extracting by manifest.
338 silly tarball no local data for agent-base@https://registry.npmjs.org/agent-base/-/agent-base-6.0.2.tgz. Extracting by manifest.
339 silly tarball no local data for https-proxy-agent@https://registry.npmjs.org/https-proxy-agent/-/https-proxy-agent-5.0.1.tgz. Extracting by manifest.
340 silly tarball no local data for is-stream@https://registry.npmjs.org/is-stream/-/is-stream-2.0.1.tgz. Extracting by manifest.
341 silly tarball no local data for glob@https://registry.npmjs.org/glob/-/glob-10.5.0.tgz. Extracting by manifest.
342 silly tarball no local data for gaxios@https://registry.npmjs.org/gaxios/-/gaxios-5.1.3.tgz. Extracting by manifest.
343 silly tarball no local data for minimatch@https://registry.npmjs.org/minimatch/-/minimatch-9.0.5.tgz. Extracting by manifest.
344 silly tarball no local data for gcp-metadata@https://registry.npmjs.org/gcp-metadata/-/gcp-metadata-8.1.2.tgz. Extracting by manifest.
345 silly tarball no local data for rimraf@https://registry.npmjs.org/rimraf/-/rimraf-5.0.10.tgz. Extracting by manifest.
346 http fetch GET 200 https://registry.npmjs.org/wrap-ansi/-/wrap-ansi-7.0.0.tgz 72ms (cache miss)
347 http fetch GET 200 https://registry.npmjs.org/@isaacs/cliui/-/cliui-8.0.2.tgz 92ms (cache miss)
348 http fetch GET 200 https://registry.npmjs.org/minipass/-/minipass-7.1.2.tgz 93ms (cache miss)
349 http fetch GET 200 https://registry.npmjs.org/path-scurry/-/path-scurry-1.11.1.tgz 101ms (cache miss)
350 http fetch GET 200 https://registry.npmjs.org/@pkgjs/parseargs/-/parseargs-0.11.0.tgz 102ms (cache miss)
351 http fetch POST 200 https://registry.npmjs.org/-/npm/v1/security/advisories/bulk 126ms
352 silly audit report {
352 silly audit report   esbuild: [
352 silly audit report     {
352 silly audit report       id: 1102341,
352 silly audit report       url: 'https://github.com/advisories/GHSA-67mh-4wv8-2f99',
352 silly audit report       title: 'esbuild enables any website to send any requests to the development server and read the response',
352 silly audit report       severity: 'moderate',
352 silly audit report       vulnerable_versions: '<=0.24.2',
352 silly audit report       cwe: [Array],
352 silly audit report       cvss: [Object]
352 silly audit report     }
352 silly audit report   ],
352 silly audit report   next: [
352 silly audit report     {
352 silly audit report       id: 1111376,
352 silly audit report       url: 'https://github.com/advisories/GHSA-w37m-7fhw-fmv9',
352 silly audit report       title: 'Next Server Actions Source Code Exposure ',
352 silly audit report       severity: 'moderate',
352 silly audit report       vulnerable_versions: '>=15.5.1-canary.0 <15.5.8',
352 silly audit report       cwe: [Array],
352 silly audit report       cvss: [Object]
352 silly audit report     },
352 silly audit report     {
352 silly audit report       id: 1111385,
352 silly audit report       url: 'https://github.com/advisories/GHSA-mwv6-3258-q52c',
352 silly audit report       title: 'Next Vulnerable to Denial of Service with Server Components',
352 silly audit report       severity: 'high',
352 silly audit report       vulnerable_versions: '>=15.5.1-canary.0 <15.5.8',
352 silly audit report       cwe: [Array],
352 silly audit report       cvss: [Object]
352 silly audit report     }
352 silly audit report   ]
352 silly audit report }
353 silly packumentCache corgi:https://registry.npmjs.org/esbuild cache-miss
354 silly packumentCache corgi:https://registry.npmjs.org/next cache-miss
355 http fetch GET 200 https://registry.npmjs.org/gcp-metadata/-/gcp-metadata-5.3.0.tgz 121ms (cache miss)
356 http fetch GET 200 https://registry.npmjs.org/json-bigint/-/json-bigint-1.0.0.tgz 128ms (cache miss)
357 http fetch GET 200 https://registry.npmjs.org/bignumber.js/-/bignumber.js-9.3.1.tgz 132ms (cache miss)
358 http fetch GET 200 https://registry.npmjs.org/data-uri-to-buffer/-/data-uri-to-buffer-4.0.1.tgz 155ms (cache miss)
359 http fetch GET 200 https://registry.npmjs.org/foreground-child/-/foreground-child-3.3.1.tgz 159ms (cache miss)
360 http fetch GET 200 https://registry.npmjs.org/base64-js/-/base64-js-1.5.1.tgz 170ms (cache miss)
361 http fetch GET 200 https://registry.npmjs.org/package-json-from-dist/-/package-json-from-dist-1.0.1.tgz 173ms (cache miss)
362 http fetch GET 200 https://registry.npmjs.org/gaxios/-/gaxios-7.1.3.tgz 173ms (cache miss)
363 http fetch GET 200 https://registry.npmjs.org/eastasianwidth/-/eastasianwidth-0.2.0.tgz 191ms (cache miss)
364 http fetch GET 200 https://registry.npmjs.org/fetch-blob/-/fetch-blob-3.2.0.tgz 193ms (cache miss)
365 http fetch GET 200 https://registry.npmjs.org/jackspeak/-/jackspeak-3.4.3.tgz 198ms (cache miss)
366 http fetch GET 200 https://registry.npmjs.org/gtoken/-/gtoken-8.0.0.tgz 197ms (cache miss)
367 http fetch GET 200 https://registry.npmjs.org/google-logging-utils/-/google-logging-utils-1.1.3.tgz 198ms (cache miss)
368 http fetch GET 200 https://registry.npmjs.org/node-fetch/-/node-fetch-3.3.2.tgz 201ms (cache miss)
369 http fetch GET 200 https://registry.npmjs.org/node-domexception/-/node-domexception-1.0.0.tgz 203ms (cache miss)
370 warn deprecated node-domexception@1.0.0: Use your platform's native DOMException instead
371 http fetch GET 200 https://registry.npmjs.org/formdata-polyfill/-/formdata-polyfill-4.0.10.tgz 212ms (cache miss)
372 http fetch GET 200 https://registry.npmjs.org/extend/-/extend-3.0.2.tgz 210ms (cache miss)
373 http fetch GET 200 https://registry.npmjs.org/wrap-ansi/-/wrap-ansi-8.1.0.tgz 232ms (cache miss)
374 http fetch GET 200 https://registry.npmjs.org/webidl-conversions/-/webidl-conversions-3.0.1.tgz 234ms (cache miss)
375 http fetch GET 200 https://registry.npmjs.org/google-auth-library/-/google-auth-library-10.5.0.tgz 239ms (cache miss)
376 http fetch GET 200 https://registry.npmjs.org/string-width/-/string-width-5.1.2.tgz 240ms (cache miss)
377 http fetch GET 200 https://registry.npmjs.org/tr46/-/tr46-0.0.3.tgz 262ms (cache miss)
378 http fetch GET 200 https://registry.npmjs.org/node-fetch/-/node-fetch-2.7.0.tgz 263ms (cache miss)
379 http fetch GET 200 https://registry.npmjs.org/is-stream/-/is-stream-2.0.1.tgz 268ms (cache miss)
380 http fetch GET 200 https://registry.npmjs.org/https-proxy-agent/-/https-proxy-agent-5.0.1.tgz 271ms (cache miss)
381 http fetch GET 200 https://registry.npmjs.org/whatwg-url/-/whatwg-url-5.0.0.tgz 271ms (cache miss)
382 http fetch GET 200 https://registry.npmjs.org/gaxios/-/gaxios-5.1.3.tgz 270ms (cache miss)
383 http fetch GET 200 https://registry.npmjs.org/glob/-/glob-10.5.0.tgz 284ms (cache miss)
384 http fetch GET 200 https://registry.npmjs.org/esbuild 203ms (cache revalidated)
385 silly packumentCache corgi:https://registry.npmjs.org/esbuild set size:877737 disposed:false
386 http fetch GET 200 https://registry.npmjs.org/next 225ms (cache revalidated)
387 silly packumentCache corgi:https://registry.npmjs.org/next set size:23135880 disposed:false
388 silly packumentCache corgi:https://registry.npmjs.org/vite cache-miss
389 http fetch GET 200 https://registry.npmjs.org/agent-base/-/agent-base-6.0.2.tgz 486ms (cache miss)
390 http fetch GET 200 https://registry.npmjs.org/gcp-metadata/-/gcp-metadata-8.1.2.tgz 488ms (cache miss)
391 http fetch GET 200 https://registry.npmjs.org/minimatch/-/minimatch-9.0.5.tgz 490ms (cache miss)
392 http fetch GET 200 https://registry.npmjs.org/web-streams-polyfill/-/web-streams-polyfill-3.3.3.tgz 534ms (cache miss)
393 http fetch GET 200 https://registry.npmjs.org/rimraf/-/rimraf-5.0.10.tgz 527ms (cache miss)
394 http fetch GET 200 https://registry.npmjs.org/vite 269ms (cache revalidated)
395 silly packumentCache corgi:https://registry.npmjs.org/vite set size:2154329 disposed:false
396 silly packumentCache corgi:https://registry.npmjs.org/next-auth cache-miss
397 http fetch GET 200 https://registry.npmjs.org/next-auth 91ms (cache revalidated)
398 silly packumentCache corgi:https://registry.npmjs.org/next-auth set size:1811103 disposed:false
399 silly packumentCache corgi:https://registry.npmjs.org/@vitejs%2fplugin-react cache-miss
400 silly packumentCache corgi:https://registry.npmjs.org/vite-node cache-miss
401 silly packumentCache corgi:https://registry.npmjs.org/vitest cache-miss
402 http fetch GET 200 https://registry.npmjs.org/vitest 67ms (cache revalidated)
403 silly packumentCache corgi:https://registry.npmjs.org/vitest set size:1183105 disposed:false
404 http fetch GET 200 https://registry.npmjs.org/vite-node 84ms (cache revalidated)
405 silly packumentCache corgi:https://registry.npmjs.org/vite-node set size:451021 disposed:false
406 http fetch GET 200 https://registry.npmjs.org/@vitejs%2fplugin-react 89ms (cache revalidated)
407 silly packumentCache corgi:https://registry.npmjs.org/@vitejs%2fplugin-react set size:104872 disposed:false
408 silly ADD node_modules/eastasianwidth
409 silly ADD node_modules/wrap-ansi-cjs
410 silly ADD node_modules/wrap-ansi-cjs/node_modules/is-fullwidth-code-point
411 silly ADD node_modules/wrap-ansi-cjs/node_modules/emoji-regex
412 silly ADD node_modules/wrap-ansi-cjs/node_modules/string-width
413 silly ADD node_modules/strip-ansi-cjs
414 silly ADD node_modules/string-width-cjs
415 silly ADD node_modules/string-width-cjs/node_modules/is-fullwidth-code-point
416 silly ADD node_modules/string-width-cjs/node_modules/emoji-regex
417 silly ADD node_modules/@pkgjs/parseargs
418 silly ADD node_modules/@isaacs/cliui
419 silly ADD node_modules/@isaacs/cliui/node_modules/ansi-styles
420 silly ADD node_modules/@isaacs/cliui/node_modules/ansi-regex
421 silly ADD node_modules/@isaacs/cliui/node_modules/wrap-ansi
422 silly ADD node_modules/@isaacs/cliui/node_modules/strip-ansi
423 silly ADD node_modules/@isaacs/cliui/node_modules/string-width
424 silly ADD node_modules/path-scurry
425 silly ADD node_modules/path-scurry/node_modules/lru-cache
426 silly ADD node_modules/package-json-from-dist
427 silly ADD node_modules/minipass
428 silly ADD node_modules/jackspeak
429 silly ADD node_modules/foreground-child
430 silly ADD node_modules/web-streams-polyfill
431 silly ADD node_modules/node-domexception
432 silly ADD node_modules/formdata-polyfill
433 silly ADD node_modules/fetch-blob
434 silly ADD node_modules/data-uri-to-buffer
435 silly ADD node_modules/gcp-metadata
436 silly ADD node_modules/gcp-metadata/node_modules/webidl-conversions
437 silly ADD node_modules/gcp-metadata/node_modules/tr46
438 silly ADD node_modules/gcp-metadata/node_modules/whatwg-url
439 silly ADD node_modules/gcp-metadata/node_modules/agent-base
440 silly ADD node_modules/gcp-metadata/node_modules/node-fetch
441 silly ADD node_modules/gcp-metadata/node_modules/is-stream
442 silly ADD node_modules/gcp-metadata/node_modules/https-proxy-agent
443 silly ADD node_modules/gcp-metadata/node_modules/gaxios
444 silly ADD node_modules/bignumber.js
445 silly ADD node_modules/json-bigint
446 silly ADD node_modules/node-fetch
447 silly ADD node_modules/extend
448 silly ADD node_modules/gtoken
449 silly ADD node_modules/google-logging-utils
450 silly ADD node_modules/gaxios
451 silly ADD node_modules/gaxios/node_modules/minimatch
452 silly ADD node_modules/gaxios/node_modules/glob
453 silly ADD node_modules/gaxios/node_modules/rimraf
454 silly ADD node_modules/base64-js
455 silly ADD node_modules/google-auth-library
456 silly ADD node_modules/google-auth-library/node_modules/gcp-metadata
457 verbose cwd /Users/shravankumar/Desktop/corbe
458 verbose os Darwin 24.5.0
459 verbose node v24.11.1
460 verbose npm  v11.6.2
461 verbose exit 0
462 info ok
